{"ts":"2021-03-12T00:36:07.661367", "source":"beta", "id":"319e8d3c-7c32-42e9-9bf7-dec5fafa4474", "code":200, "text":"call to delta"}
{"ts":"2021-03-12T00:40:45.573134", "source":"beta", "id":"ad172890-1b80-4e10-9fe6-6fac8071dbbf", "code":200, "text":"call to delta"}
{"ts":"2021-03-12T00:44:32.587193", "source":"beta", "id":"3c6db0e8-457a-4525-83dd-caec82867381", "code":200, "text":"call to gamma"}
{"ts":"2021-03-12T01:12:57.937962", "source":"beta", "id":"df236d5a-53e0-4640-a209-c7d7bf56f3ae", "code":200, "text":"call to gamma"}
{"ts":"2021-03-12T01:21:07.655769", "source":"beta", "id":"f6d5c897-5ca5-4729-a5dc-2326a9e12e35", "code":200, "text":"call to delta"}
{"ts":"2021-03-12T01:25:27.532706", "source":"beta", "id":"57015c95-ded1-4aeb-9b3c-594dbe3a408c", "code":200, "text":"call to gamma"}
{"ts":"2021-03-12T01:25:45.698945", "source":"beta", "id":"13cd38e2-b7f7-47fc-aac0-dfc87aa6b3b2", "code":200, "text":"call to epsilon"}
{"ts":"2021-03-12T01:28:20.383994", "source":"beta", "id":"41701348-d7d5-41e3-90ec-8c0649c5d18b", "code":200, "text":"call to gamma"}
{"ts":"2021-03-12T01:34:37.428491", "source":"beta", "id":"587a2646-ed98-4912-a845-e6bc5da99d3f", "code":200, "text":"call to gamma"}
{"ts":"2021-03-12T01:35:44.001307", "source":"beta", "id":"18d22dd2-6bcb-4d35-ade0-0f35aa873378", "code":200, "text":"request terminated"}
{"ts":"2021-03-12T01:37:51.659502", "source":"beta", "id":"d773a5c2-40b8-4f88-9351-c580d5603dc3", "code":200, "text":"request terminated"}
{"ts":"2021-03-12T01:38:36.338696", "source":"beta", "id":"53e808f7-82d5-4c15-9d19-f53d5c56a6fa", "code":200, "text":"call to delta"}
{"ts":"2021-03-12T01:45:16.161758", "source":"beta", "id":"be5818fb-1ca2-4562-93fe-5250d770fc1e", "code":200, "text":"call to delta"}
{"ts":"2021-03-12T01:45:16.376241", "source":"beta", "id":"6de3d32f-cba1-4fa6-b4d5-99b0e3d8fc98", "code":200, "text":"call to delta"}
{"ts":"2021-03-12T01:59:03.571891", "source":"beta", "id":"40dca008-aa78-4f06-9808-3178c9ae4f52", "code":200, "text":"request terminated"}
{"ts":"2021-03-12T02:07:13.794293", "source":"beta", "id":"62dc4fd6-f46a-42f1-a76a-088ce913f6f0", "code":200, "text":"call to delta"}
{"ts":"2021-03-12T02:10:18.408165", "source":"beta", "id":"ac1b8682-76fd-46d2-8029-ca76b505530a", "code":200, "text":"call to delta"}
{"ts":"2021-03-12T02:10:48.766008", "source":"beta", "id":"93f2905e-4998-4c97-92e0-10606563dad8", "code":200, "text":"call to gamma"}
{"ts":"2021-03-12T02:15:23.075570", "source":"beta", "id":"cdf77686-de58-424b-a561-bdc21fe35d34", "code":200, "text":"call to delta"}
{"ts":"2021-03-12T02:24:27.772445", "source":"beta", "id":"bb354362-77ea-449a-a162-5bb7298f7a48", "code":200, "text":"call to delta"}
{"ts":"2021-03-12T02:26:53.706388", "source":"beta", "id":"0913a3a0-1835-4491-8fd8-077f141a463f", "code":200, "text":"call to delta"}
{"ts":"2021-03-12T02:26:54.939342", "source":"beta", "id":"6e0efe70-df3e-4179-9801-e8cf56c83f39", "code":200, "text":"request terminated"}
{"ts":"2021-03-12T02:34:36.658971", "source":"beta", "id":"76ccb667-4ac1-485a-a8b4-9dabccaf9957", "code":200, "text":"call to epsilon"}
{"ts":"2021-03-12T02:39:39.354990", "source":"beta", "id":"7dff01f1-fb9c-4713-a960-30d33942dffe", "code":200, "text":"call to gamma"}
{"ts":"2021-03-12T02:42:58.480173", "source":"beta", "id":"7d5194b6-3611-417c-aba4-61f471403063", "code":200, "text":"request terminated"}
{"ts":"2021-03-12T02:47:15.782595", "source":"beta", "id":"2c2c0b5e-2f74-42a0-884f-6b3e330e2268", "code":200, "text":"call to delta"}
{"ts":"2021-03-12T02:48:16.212958", "source":"beta", "id":"fef16ac3-24ee-4bb8-bc80-1ff8de094b0f", "code":200, "text":"request terminated"}
{"ts":"2021-03-12T02:51:20.779381", "source":"beta", "id":"36ccd2ba-33f6-4d1f-8758-bc13fb5963cd", "code":200, "text":"call to epsilon"}
{"ts":"2021-03-12T02:52:06.040203", "source":"beta", "id":"eacfd68b-1024-4248-8cb1-d545b9d6c21e", "code":200, "text":"request terminated"}
{"ts":"2021-03-12T02:52:38.175093", "source":"beta", "id":"e783b52e-4bde-4636-9133-1391400fbdb7", "code":200, "text":"call to gamma"}
{"ts":"2021-03-12T03:03:01.359745", "source":"beta", "id":"9dd56e83-8d07-4b45-a745-d4934a67d429", "code":200, "text":"call to gamma"}
{"ts":"2021-03-12T03:06:27.421856", "source":"beta", "id":"dfc67695-2611-4d62-83c6-de5cd904fae3", "code":200, "text":"request terminated"}
{"ts":"2021-03-12T03:08:08.322252", "source":"beta", "id":"48fc060c-1221-41cb-9fc2-73f3417a0f32", "code":200, "text":"call to epsilon"}
{"ts":"2021-03-12T03:22:05.381667", "source":"beta", "id":"e0cfd37b-d52a-4901-a8cf-837814f2c4b6", "code":200, "text":"call to gamma"}
{"ts":"2021-03-12T03:27:06.781949", "source":"beta", "id":"8093d95b-8dcb-489c-b11e-71b41336e6ef", "code":200, "text":"call to delta"}
{"ts":"2021-03-12T03:28:25.162452", "source":"beta", "id":"533cc00e-51eb-4272-ab4d-4c1f952539d7", "code":200, "text":"call to delta"}
{"ts":"2021-03-12T03:45:28.192378", "source":"beta", "id":"5a1af2d0-ccb1-437e-b806-1ce9541787b2", "code":200, "text":"call to delta"}
{"ts":"2021-03-12T03:48:01.641491", "source":"beta", "id":"86f2dabd-24be-4ece-ac3f-a7b8647973ee", "code":200, "text":"request terminated"}
{"ts":"2021-03-12T03:50:09.910885", "source":"beta", "id":"6585d6cc-318b-433e-95f1-e599efe3b018", "code":200, "text":"call to epsilon"}
{"ts":"2021-03-12T04:02:09.964649", "source":"beta", "id":"cbf055c3-db35-4401-ab8d-3b7b36bc8987", "code":200, "text":"request terminated"}
{"ts":"2021-03-12T04:13:02.166252", "source":"beta", "id":"42d85b63-1b83-4ef1-a438-2a3f5bfd7100", "code":200, "text":"call to gamma"}
{"ts":"2021-03-12T04:14:17.758196", "source":"beta", "id":"c4bde591-276f-4de6-9221-41c7ecd0506c", "code":200, "text":"call to gamma"}
{"ts":"2021-03-12T04:15:57.719840", "source":"beta", "id":"bb8306e1-2362-4075-848e-847f7c21924b", "code":200, "text":"request terminated"}
{"ts":"2021-03-12T04:16:25.402205", "source":"beta", "id":"f08f84a2-76f7-4177-a02a-129a0150cf4c", "code":200, "text":"request terminated"}
{"ts":"2021-03-12T04:18:06.884529", "source":"beta", "id":"a36c230a-1e9f-4423-ba1d-3acbde902302", "code":200, "text":"request terminated"}
{"ts":"2021-03-12T04:20:07.090226", "source":"beta", "id":"7cf2d076-95f9-4a71-a157-fc53a537bbba", "code":200, "text":"request terminated"}
{"ts":"2021-03-12T04:22:40.776652", "source":"beta", "id":"b1879795-c891-469d-9e75-c963139787ef", "code":200, "text":"request terminated"}
{"ts":"2021-03-12T04:26:57.955740", "source":"beta", "id":"f4d9f803-c9eb-41cc-9057-229fe83149eb", "code":200, "text":"call to delta"}
{"ts":"2021-03-12T04:27:44.877653", "source":"beta", "id":"bead99b9-35be-481e-b1ff-5c190b560dec", "code":200, "text":"call to epsilon"}
{"ts":"2021-03-12T04:35:26.950908", "source":"beta", "id":"5c5d5dba-9726-42cf-8d8c-10e902aee220", "code":200, "text":"call to delta"}
{"ts":"2021-03-12T04:53:59.195838", "source":"beta", "id":"ce67ce17-a6b7-4d8e-91fe-2ad7c895ea5d", "code":200, "text":"request terminated"}
{"ts":"2021-03-12T04:54:04.867909", "source":"beta", "id":"b39feb57-eb91-4ac4-8741-2b2537e83676", "code":200, "text":"request terminated"}
{"ts":"2021-03-12T04:57:53.433132", "source":"beta", "id":"f1a89bc8-232b-4a7e-99d5-59220f92cce2", "code":200, "text":"call to gamma"}
{"ts":"2021-03-12T04:59:51.858180", "source":"beta", "id":"59445906-cdf4-4900-83eb-0aa91a33cb6f", "code":200, "text":"request terminated"}
{"ts":"2021-03-12T05:07:40.036451", "source":"beta", "id":"071865a7-9037-46f6-bb38-6ccf41bbe212", "code":200, "text":"call to delta"}
{"ts":"2021-03-12T05:10:41.945334", "source":"beta", "id":"398e678e-682b-44ab-82be-9e2abe00ca44", "code":200, "text":"request terminated"}
{"ts":"2021-03-12T05:12:49.156664", "source":"beta", "id":"d09a9483-9f3c-4b53-9073-87cb3fb68642", "code":200, "text":"request terminated"}
{"ts":"2021-03-12T05:12:53.942309", "source":"beta", "id":"44aa3ae8-05a4-44b5-90e5-c37141806fc6", "code":200, "text":"call to epsilon"}
{"ts":"2021-03-12T05:15:36.621589", "source":"beta", "id":"08297a78-4735-45b9-9f7a-88a196cbda7f", "code":200, "text":"request terminated"}
{"ts":"2021-03-12T05:16:44.110388", "source":"beta", "id":"156aeaaf-dca5-4c18-8e42-b697fc9f9144", "code":200, "text":"request terminated"}
{"ts":"2021-03-12T05:25:43.648891", "source":"beta", "id":"b79ef631-6969-4823-a7bd-22277389a138", "code":200, "text":"request terminated"}
{"ts":"2021-03-12T05:30:08.312401", "source":"beta", "id":"ec98ff73-49da-48ca-a611-0e908fe46b73", "code":200, "text":"request terminated"}
{"ts":"2021-03-12T05:34:42.197350", "source":"beta", "id":"48dac4d3-52b5-4ecb-a0f7-bf9b403ae730", "code":200, "text":"call to gamma"}
{"ts":"2021-03-12T05:37:06.998628", "source":"beta", "id":"214a1c05-5926-435c-9e13-d7cdcf1c1218", "code":200, "text":"call to delta"}
{"ts":"2021-03-12T05:39:37.909051", "source":"beta", "id":"21cfd795-a712-4930-a205-fed6fc1d95d2", "code":200, "text":"call to delta"}
{"ts":"2021-03-12T05:43:16.791701", "source":"beta", "id":"ed42f1ed-c908-4b5f-92b5-4ca2d86f562d", "code":200, "text":"call to delta"}
{"ts":"2021-03-12T05:52:10.325501", "source":"beta", "id":"5b35429c-f446-4a44-a490-c850668eb827", "code":200, "text":"call to gamma"}
{"ts":"2021-03-12T05:54:23.340883", "source":"beta", "id":"a1e9cb1e-4761-45e6-b96b-a25911c2aa72", "code":200, "text":"call to gamma"}
{"ts":"2021-03-12T06:00:54.717259", "source":"beta", "id":"bdb4f886-f8e3-4238-b844-ba49d0e6f95c", "code":200, "text":"request terminated"}
{"ts":"2021-03-12T06:03:11.201068", "source":"beta", "id":"6e24c48b-dd59-45fb-ab9c-f94bcfa29d24", "code":200, "text":"request terminated"}
{"ts":"2021-03-12T06:03:34.419318", "source":"beta", "id":"e3790a25-4af8-445d-a597-34ade2e60e27", "code":200, "text":"call to delta"}
{"ts":"2021-03-12T06:03:46.449264", "source":"beta", "id":"250f5486-c3a4-4fea-8e10-02a68141b878", "code":200, "text":"request terminated"}
{"ts":"2021-03-12T06:08:55.908353", "source":"beta", "id":"add0bcf5-d717-4fd0-82ac-b77569d72eab", "code":200, "text":"request terminated"}
{"ts":"2021-03-12T06:12:50.355451", "source":"beta", "id":"def15664-8b12-4032-b73d-6322deecda80", "code":200, "text":"request terminated"}
{"ts":"2021-03-12T06:19:17.872746", "source":"beta", "id":"46a62423-7eff-49c4-ba5e-83fc58cd30eb", "code":200, "text":"request terminated"}
{"ts":"2021-03-12T06:22:54.623315", "source":"beta", "id":"fc3adcf7-ca01-4aa6-b76b-79295cdbb05b", "code":200, "text":"request terminated"}
{"ts":"2021-03-12T06:22:59.872242", "source":"beta", "id":"af25a4aa-e99f-4a88-a5e3-dab8ff43b4a4", "code":200, "text":"request terminated"}
{"ts":"2021-03-12T06:33:59.492464", "source":"beta", "id":"0ae4ab15-5c6f-4189-81bf-3385d5f07309", "code":200, "text":"request terminated"}
{"ts":"2021-03-12T06:37:09.714291", "source":"beta", "id":"01e2dc7c-821c-46a0-8ec8-620a7250cb85", "code":200, "text":"call to delta"}
{"ts":"2021-03-12T06:38:26.284462", "source":"beta", "id":"92add294-49d8-4d4c-8c24-260b2ea2ec71", "code":200, "text":"call to gamma"}
{"ts":"2021-03-12T06:40:01.292195", "source":"beta", "id":"a8f4379b-e5c0-40ba-bc1d-ff1fc224e2c9", "code":200, "text":"call to gamma"}
{"ts":"2021-03-12T06:43:45.861860", "source":"beta", "id":"93084e62-bd88-4163-bdc9-1042290ccac9", "code":200, "text":"call to gamma"}
{"ts":"2021-03-12T06:46:54.924532", "source":"beta", "id":"2034b804-6703-4eb2-9e47-b260eb7cf8a4", "code":200, "text":"request terminated"}
{"ts":"2021-03-12T06:49:58.280422", "source":"beta", "id":"c0c65fff-414d-4e47-a028-2e1f3145f389", "code":200, "text":"call to delta"}
{"ts":"2021-03-12T06:51:26.414055", "source":"beta", "id":"1bd7905e-a863-46ac-b3ec-3771e252f9a1", "code":200, "text":"request terminated"}
{"ts":"2021-03-12T06:54:11.323373", "source":"beta", "id":"31ef4a57-fc9d-4f76-a1b4-f1f57b2eee76", "code":200, "text":"request terminated"}
{"ts":"2021-03-12T06:55:28.582669", "source":"beta", "id":"914bb171-5956-4fc5-af20-88c73561e828", "code":200, "text":"call to epsilon"}
{"ts":"2021-03-12T06:56:40.723410", "source":"beta", "id":"b02ddad1-8edd-4289-9e12-52cc44415e70", "code":200, "text":"call to gamma"}
{"ts":"2021-03-12T07:01:27.414325", "source":"beta", "id":"a1437bc2-d4be-4369-8faa-2a73b8b79900", "code":200, "text":"call to gamma"}
{"ts":"2021-03-12T07:03:25.884247", "source":"beta", "id":"539b5057-406a-49dc-b88e-becf134813bf", "code":200, "text":"call to gamma"}
{"ts":"2021-03-12T07:03:52.761424", "source":"beta", "id":"3371b0bb-0dda-4d0a-8b39-ee81612372df", "code":200, "text":"request terminated"}
{"ts":"2021-03-12T07:04:24.707841", "source":"beta", "id":"a60b9280-36cd-4ebb-9f10-83be3cd1cf86", "code":200, "text":"call to delta"}
{"ts":"2021-03-12T07:04:33.971644", "source":"beta", "id":"92774863-de09-4570-b671-51b89291db37", "code":200, "text":"call to epsilon"}
{"ts":"2021-03-12T07:06:34.632759", "source":"beta", "id":"cda5996a-b5e5-46e6-9043-92d868cffbc5", "code":200, "text":"request terminated"}
{"ts":"2021-03-12T07:15:16.766533", "source":"beta", "id":"9958db38-74a1-473d-a9d3-55234a2bc97d", "code":200, "text":"request terminated"}
{"ts":"2021-03-12T07:15:42.056937", "source":"beta", "id":"478134f2-37a8-439d-9d18-485a7bc421e1", "code":200, "text":"call to gamma"}
{"ts":"2021-03-12T07:16:48.499181", "source":"beta", "id":"18254790-6ca8-40ba-85e0-f67ecab6408f", "code":200, "text":"call to delta"}
{"ts":"2021-03-12T07:18:32.153276", "source":"beta", "id":"7bff7ee1-9ce2-488c-9310-47ef36a7afd9", "code":200, "text":"call to delta"}
{"ts":"2021-03-12T07:20:52.640387", "source":"beta", "id":"1cbc6442-9e94-487a-9368-7eff1de70df0", "code":200, "text":"request terminated"}
{"ts":"2021-03-12T07:21:06.028038", "source":"beta", "id":"89f46978-1eb4-4084-ab3a-dec91cad8889", "code":200, "text":"request terminated"}
{"ts":"2021-03-12T07:21:27.632751", "source":"beta", "id":"e9458477-65cb-4533-91f7-62b34e425f94", "code":200, "text":"call to gamma"}
{"ts":"2021-03-12T07:22:11.323373", "source":"beta", "id":"e2f87707-2ad2-4855-b324-454304f9e8e5", "code":200, "text":"request terminated"}
{"ts":"2021-03-12T07:23:43.181487", "source":"beta", "id":"84209a5c-023e-46a5-891d-3f9669c7bbe5", "code":200, "text":"call to delta"}
{"ts":"2021-03-12T07:23:44.477900", "source":"beta", "id":"7feaf29b-f995-4e3b-8538-4499678efd43", "code":200, "text":"request terminated"}
{"ts":"2021-03-12T07:24:05.294539", "source":"beta", "id":"37b83b46-1eb3-425d-9600-4e8a5db8d7eb", "code":200, "text":"request terminated"}
{"ts":"2021-03-12T07:33:55.480635", "source":"beta", "id":"4907010c-35dd-4f3f-8930-1721af05986f", "code":200, "text":"request terminated"}
{"ts":"2021-03-12T07:36:24.538873", "source":"beta", "id":"00e92c42-2513-4e58-bd5a-c7f133dd011f", "code":200, "text":"call to delta"}
{"ts":"2021-03-12T07:38:40.319693", "source":"beta", "id":"757094b5-6b50-443c-a343-088b3c3ebb15", "code":200, "text":"request terminated"}
{"ts":"2021-03-12T07:39:22.282369", "source":"beta", "id":"e30edd84-1f50-4774-8daf-ed232a92b1b9", "code":200, "text":"call to gamma"}
{"ts":"2021-03-12T07:39:57.896202", "source":"beta", "id":"91bc9251-f5d6-4b23-b2fe-24c30d00e4ad", "code":200, "text":"request terminated"}
{"ts":"2021-03-12T07:39:58.714189", "source":"beta", "id":"dd2bd635-f70a-4381-a5cd-dd7f9c5a3d3c", "code":200, "text":"call to epsilon"}
{"ts":"2021-03-12T07:42:13.274699", "source":"beta", "id":"253ca32b-6c8e-4d56-8c23-5bcbc97bda7f", "code":200, "text":"call to gamma"}
{"ts":"2021-03-12T07:43:24.952904", "source":"beta", "id":"03f6b9b5-6081-4af9-a592-c637222aa0d8", "code":200, "text":"call to gamma"}
{"ts":"2021-03-12T07:43:47.169107", "source":"beta", "id":"ea948537-b5e1-43f6-87cf-a778dd7b12d3", "code":200, "text":"request terminated"}
{"ts":"2021-03-12T07:44:48.360857", "source":"beta", "id":"a5de96cf-9858-4f16-85cd-2cdf52206ebe", "code":200, "text":"request terminated"}
{"ts":"2021-03-12T07:45:32.494767", "source":"beta", "id":"17c95800-38fe-41b1-91c5-a749643068e2", "code":200, "text":"request terminated"}
{"ts":"2021-03-12T07:46:09.818260", "source":"beta", "id":"a84ec4ff-9466-44cb-8380-f08f99d243fe", "code":200, "text":"call to epsilon"}
{"ts":"2021-03-12T07:52:07.755487", "source":"beta", "id":"1694a63d-67dc-4b76-bd1d-76c38766ba5b", "code":200, "text":"request terminated"}
{"ts":"2021-03-12T07:52:49.075944", "source":"beta", "id":"fe5a0ba7-071e-4a21-8713-7611be10f993", "code":200, "text":"request terminated"}
{"ts":"2021-03-12T07:53:39.568447", "source":"beta", "id":"9857fb1f-3ecd-48e2-9820-32a758ec2850", "code":200, "text":"request terminated"}
{"ts":"2021-03-12T07:55:57.798213", "source":"beta", "id":"8ba957a1-256b-4138-9192-cfbec4aebabf", "code":200, "text":"call to gamma"}
{"ts":"2021-03-12T07:55:59.790705", "source":"beta", "id":"91b90c70-c20f-41c6-b6f1-f1d741914bc9", "code":200, "text":"call to delta"}
{"ts":"2021-03-12T07:56:22.250617", "source":"beta", "id":"a3a30cf3-6a3d-434b-89d0-bed61cd1a40d", "code":200, "text":"call to epsilon"}
{"ts":"2021-03-12T07:57:39.400670", "source":"beta", "id":"41578715-d99f-4c4c-add3-46bd2f93b296", "code":200, "text":"call to gamma"}
{"ts":"2021-03-12T07:58:20.227429", "source":"beta", "id":"35f4a75b-4d8d-435a-aee3-7db65a8d0dd3", "code":200, "text":"call to gamma"}
{"ts":"2021-03-12T07:59:32.239587", "source":"beta", "id":"e92336eb-2231-4b41-8d72-f92d93fe7417", "code":200, "text":"request terminated"}
{"ts":"2021-03-12T08:00:35.047931", "source":"beta", "id":"874de513-7bd1-4487-a736-aef6471fa7e0", "code":200, "text":"call to gamma"}
{"ts":"2021-03-12T08:00:59.743412", "source":"beta", "id":"4efa36f7-faf1-4a8b-bc3c-fb4dbd09cec0", "code":200, "text":"request terminated"}
{"ts":"2021-03-12T08:03:56.095927", "source":"beta", "id":"c84d01d9-05e3-400d-b99b-2cd043df713f", "code":200, "text":"request terminated"}
{"ts":"2021-03-12T08:05:18.000380", "source":"beta", "id":"c6b1e8e2-50f1-442d-9048-0f3c80fd4518", "code":200, "text":"call to epsilon"}
{"ts":"2021-03-12T08:06:19.144099", "source":"beta", "id":"1566e14e-a4be-411a-b260-b47acdacfc14", "code":200, "text":"call to delta"}
{"ts":"2021-03-12T08:07:28.722209", "source":"beta", "id":"753f765f-89aa-42bd-8abc-2a9b42d5322b", "code":200, "text":"call to gamma"}
{"ts":"2021-03-12T08:09:27.016104", "source":"beta", "id":"d7782cef-aa1d-4227-bf3f-868e4e50f7a1", "code":200, "text":"request terminated"}
{"ts":"2021-03-12T08:11:21.080435", "source":"beta", "id":"2fde418c-1dba-4b3d-ba16-4142aa174194", "code":200, "text":"request terminated"}
{"ts":"2021-03-12T08:11:59.696288", "source":"beta", "id":"8ebea9df-3cc2-4c12-8574-a02608c9b061", "code":200, "text":"call to delta"}
{"ts":"2021-03-12T08:13:03.690326", "source":"beta", "id":"94c3da04-3576-4098-98a7-ccab0a7bc4d9", "code":200, "text":"call to gamma"}
{"ts":"2021-03-12T08:14:01.250857", "source":"beta", "id":"bdfe0ff0-d67e-477d-aebf-6ab5cc407952", "code":200, "text":"call to gamma"}
{"ts":"2021-03-12T08:14:16.127703", "source":"beta", "id":"41c40eeb-169a-41db-b90e-daf7f2b0fbc0", "code":200, "text":"request terminated"}
{"ts":"2021-03-12T08:14:33.442067", "source":"beta", "id":"fb9b0001-a1d9-45c2-b406-3fd8b49c27c1", "code":200, "text":"call to epsilon"}
{"ts":"2021-03-12T08:19:38.260114", "source":"beta", "id":"4f0829a3-e190-4167-8bd5-ed623703b830", "code":200, "text":"request terminated"}
{"ts":"2021-03-12T08:20:39.146537", "source":"beta", "id":"bdc508b1-1569-41af-b223-3222d5ca006e", "code":200, "text":"call to delta"}
{"ts":"2021-03-12T08:23:37.034556", "source":"beta", "id":"5d4d18cb-a461-4e69-bac5-45b4a22c058c", "code":200, "text":"call to delta"}
{"ts":"2021-03-12T08:23:57.312088", "source":"beta", "id":"96400a89-6721-4f12-9588-dd4f2ba9f0ee", "code":200, "text":"call to delta"}
{"ts":"2021-03-12T08:24:10.097762", "source":"beta", "id":"e50f51dd-be8e-476b-bab8-2cb9e4cbc51f", "code":200, "text":"call to gamma"}
{"ts":"2021-03-12T08:24:48.645652", "source":"beta", "id":"e570dfc0-5a4d-4f66-834b-e81ebd43be93", "code":200, "text":"call to delta"}
{"ts":"2021-03-12T08:26:35.281607", "source":"beta", "id":"b76b3189-6c3d-42f0-a207-b7642a6744d9", "code":200, "text":"call to delta"}
{"ts":"2021-03-12T08:27:08.776044", "source":"beta", "id":"742698cf-0d9a-47ff-a79c-d2cc84d26088", "code":200, "text":"call to delta"}
{"ts":"2021-03-12T08:27:28.657250", "source":"beta", "id":"98d7d8a4-3c6a-4979-b743-7c708fc8b33c", "code":200, "text":"call to gamma"}
{"ts":"2021-03-12T08:27:40.334659", "source":"beta", "id":"10c99171-c1a0-4bf5-9c15-9a9231ed3fd4", "code":200, "text":"call to delta"}
{"ts":"2021-03-12T08:29:41.337127", "source":"beta", "id":"63aeb913-ca63-4d5b-939b-a6d2d663183e", "code":200, "text":"call to delta"}
{"ts":"2021-03-12T08:31:14.199508", "source":"beta", "id":"38db82c9-c031-4578-992a-b55c4d0bf34b", "code":200, "text":"request terminated"}
{"ts":"2021-03-12T08:32:46.209214", "source":"beta", "id":"7d77e3e7-e6c6-41e3-8b42-3ebbd2a1e10c", "code":200, "text":"request terminated"}
{"ts":"2021-03-12T08:32:56.758740", "source":"beta", "id":"24d5fc5c-77bf-45a5-8b27-7b1599c04b80", "code":200, "text":"request terminated"}
{"ts":"2021-03-12T08:34:41.870770", "source":"beta", "id":"9e60acd0-87aa-49bb-a695-cc44d160f0f7", "code":200, "text":"request terminated"}
{"ts":"2021-03-12T08:35:06.614608", "source":"beta", "id":"1592acd0-6116-4b42-95f5-bf8309a6b244", "code":200, "text":"call to epsilon"}
{"ts":"2021-03-12T08:35:07.980556", "source":"beta", "id":"254219cd-92b9-4ad3-afdf-d8ecdb9eb8d4", "code":200, "text":"call to delta"}
{"ts":"2021-03-12T08:37:28.000770", "source":"beta", "id":"e2734e1f-637a-4fa2-8c10-576070b57215", "code":200, "text":"call to gamma"}
{"ts":"2021-03-12T08:38:33.943592", "source":"beta", "id":"92bfdc58-0af1-4f82-b99e-37a79edf9643", "code":200, "text":"call to delta"}
{"ts":"2021-03-12T08:39:18.855141", "source":"beta", "id":"6a95d06a-850d-4577-bc70-c5f953a4bde5", "code":200, "text":"request terminated"}
{"ts":"2021-03-12T08:39:28.410657", "source":"beta", "id":"b14a7cda-93a9-42e4-aec5-6f77d3e63089", "code":200, "text":"call to delta"}
{"ts":"2021-03-12T08:41:22.531200", "source":"beta", "id":"e04372cb-f874-42ba-857b-9740ff198933", "code":200, "text":"request terminated"}
{"ts":"2021-03-12T08:41:29.521942", "source":"beta", "id":"7a4d7c0a-dd45-4630-b11a-4b6e98541ac6", "code":200, "text":"call to delta"}
{"ts":"2021-03-12T08:42:02.558427", "source":"beta", "id":"8f49b5fe-94bb-4b35-9e95-59bc7fadcfd1", "code":200, "text":"call to delta"}
{"ts":"2021-03-12T08:44:53.570383", "source":"beta", "id":"0a89d96c-d38a-4592-8654-b77475001981", "code":200, "text":"request terminated"}
{"ts":"2021-03-12T08:49:42.106790", "source":"beta", "id":"839746a2-4ddc-428f-9ab0-3089de346f72", "code":200, "text":"call to epsilon"}
{"ts":"2021-03-12T08:50:12.574136", "source":"beta", "id":"ac0ea05c-7cc6-473b-ab96-29c8cea13933", "code":200, "text":"request terminated"}
{"ts":"2021-03-12T08:50:21.207779", "source":"beta", "id":"d53c2810-818f-4f12-a8c8-2d571938eedb", "code":200, "text":"request terminated"}
{"ts":"2021-03-12T08:51:58.029986", "source":"beta", "id":"bd6aacbc-3252-4207-ae5f-31833db88378", "code":200, "text":"call to delta"}
{"ts":"2021-03-12T08:53:06.771560", "source":"beta", "id":"8e0115c1-3e94-4f0e-82c1-cd0a00ab0c15", "code":200, "text":"call to delta"}
{"ts":"2021-03-12T08:55:24.948281", "source":"beta", "id":"70532d78-b893-4824-8b0d-d52168e233a6", "code":200, "text":"request terminated"}
{"ts":"2021-03-12T08:58:43.083664", "source":"beta", "id":"c311ad86-a284-46c3-8b26-5d97cbd4cd6e", "code":200, "text":"request terminated"}
{"ts":"2021-03-12T09:02:41.025322", "source":"beta", "id":"7861bcc1-b3f9-4f14-a1b6-f0ceec5bb053", "code":200, "text":"request terminated"}
{"ts":"2021-03-12T09:03:15.946633", "source":"beta", "id":"3cc142f0-f056-486f-a6b1-60c2e0c16a25", "code":200, "text":"call to delta"}
{"ts":"2021-03-12T09:04:28.487060", "source":"beta", "id":"f7011362-fd03-42bb-9891-48eab3cd38fe", "code":200, "text":"request terminated"}
{"ts":"2021-03-12T09:05:01.534664", "source":"beta", "id":"a0593f7b-e94a-43e0-b9d5-69d927bbc019", "code":200, "text":"request terminated"}
{"ts":"2021-03-12T09:05:56.750801", "source":"beta", "id":"9e01de97-f46c-4346-aed8-6059e36cfb32", "code":200, "text":"request terminated"}
{"ts":"2021-03-12T09:06:59.339989", "source":"beta", "id":"1712d316-3492-45cc-a581-fdc433501a00", "code":200, "text":"call to gamma"}
{"ts":"2021-03-12T09:07:54.252067", "source":"beta", "id":"7ebd500e-c0fc-4691-b2fb-204148b85f54", "code":200, "text":"request terminated"}
{"ts":"2021-03-12T09:08:52.059155", "source":"beta", "id":"eae5a915-8c3b-4b2b-8e02-b64f99122c3f", "code":200, "text":"request terminated"}
{"ts":"2021-03-12T09:08:57.152980", "source":"beta", "id":"40ed6ff3-548a-49d9-bd85-70f17401bd24", "code":200, "text":"request terminated"}
{"ts":"2021-03-12T09:10:09.931218", "source":"beta", "id":"db22cc68-4870-4eb9-92e4-18943c6dcda2", "code":200, "text":"call to delta"}
{"ts":"2021-03-12T09:11:30.427296", "source":"beta", "id":"0355e1ec-946f-4cbf-a512-2fce0895ccc0", "code":200, "text":"request terminated"}
{"ts":"2021-03-12T09:13:28.745573", "source":"beta", "id":"dc9f1a80-ec23-44d3-b624-7565901d872e", "code":200, "text":"call to gamma"}
{"ts":"2021-03-12T09:14:19.591929", "source":"beta", "id":"de7ad13d-439c-41c5-920c-7ecdacf6c0ad", "code":200, "text":"call to gamma"}
{"ts":"2021-03-12T09:16:51.847570", "source":"beta", "id":"b23bcf8b-f195-4061-8119-7a457382efda", "code":200, "text":"call to delta"}
{"ts":"2021-03-12T09:17:04.694700", "source":"beta", "id":"145f45ed-f570-4cf8-9655-635a0ee2636d", "code":200, "text":"call to epsilon"}
{"ts":"2021-03-12T09:17:20.084002", "source":"beta", "id":"daa00314-98aa-48be-8bd3-4f2b0429018c", "code":200, "text":"call to gamma"}
{"ts":"2021-03-12T09:18:44.441458", "source":"beta", "id":"b29b7930-e0a1-4884-8b1a-bcc1063d2fa3", "code":200, "text":"call to delta"}
{"ts":"2021-03-12T09:20:43.427308", "source":"beta", "id":"4a408374-d653-4be6-b969-19a2320e7fb3", "code":200, "text":"call to delta"}
{"ts":"2021-03-12T09:22:18.681835", "source":"beta", "id":"11b698ee-c433-4891-9dee-f994e72c0157", "code":200, "text":"request terminated"}
{"ts":"2021-03-12T09:22:31.953824", "source":"beta", "id":"f95851e4-ee15-4848-bf44-2d07d3153e62", "code":200, "text":"request terminated"}
{"ts":"2021-03-12T09:23:51.329799", "source":"beta", "id":"470fb5c1-ba17-4152-828f-cc679670de28", "code":200, "text":"call to gamma"}
{"ts":"2021-03-12T09:25:10.540607", "source":"beta", "id":"1bb7faa1-2684-44ff-8b40-b015e1df6c58", "code":200, "text":"call to epsilon"}
{"ts":"2021-03-12T09:26:02.230359", "source":"beta", "id":"0c146c22-02e8-4382-8af2-a0d82d137157", "code":200, "text":"request terminated"}
{"ts":"2021-03-12T09:26:56.862284", "source":"beta", "id":"afc44e27-3765-4376-a32e-971fa766ba0f", "code":200, "text":"request terminated"}
{"ts":"2021-03-12T09:27:46.964481", "source":"beta", "id":"18fc2a89-4ba0-40eb-a61a-d6ef7afecc8e", "code":200, "text":"request terminated"}
{"ts":"2021-03-12T09:28:44.761303", "source":"beta", "id":"95c7d61d-6850-40eb-9cf1-8afb56bef9f7", "code":200, "text":"request terminated"}
{"ts":"2021-03-12T09:29:43.456872", "source":"beta", "id":"e95e5c27-92ec-4373-b59e-116f6aedc938", "code":200, "text":"call to epsilon"}
{"ts":"2021-03-12T09:33:51.475756", "source":"beta", "id":"dd487666-aa9c-47cb-a159-db8abdb0d910", "code":200, "text":"call to gamma"}
{"ts":"2021-03-12T09:34:34.992420", "source":"beta", "id":"2f264641-cc75-403c-8ad4-937231dbbe35", "code":200, "text":"request terminated"}
{"ts":"2021-03-12T09:35:02.623458", "source":"beta", "id":"d2325640-0414-4149-bb03-4ac5e2c927d5", "code":200, "text":"call to gamma"}
{"ts":"2021-03-12T09:35:20.851675", "source":"beta", "id":"c73c6eaa-5c81-4cf7-8ec0-c7127cfe08ea", "code":200, "text":"call to delta"}
{"ts":"2021-03-12T09:35:59.822269", "source":"beta", "id":"96c551b4-e32f-4cb4-adaf-390b881cc110", "code":200, "text":"call to delta"}
{"ts":"2021-03-12T09:40:21.225384", "source":"beta", "id":"a847e302-f7c3-4230-8bc7-b3981408cb21", "code":200, "text":"request terminated"}
{"ts":"2021-03-12T09:40:54.186835", "source":"beta", "id":"0357338c-7c49-400e-b084-f46aa7d7fbf5", "code":200, "text":"call to gamma"}
{"ts":"2021-03-12T09:41:31.186903", "source":"beta", "id":"ac4b4a72-f0c6-42cf-bed5-aa2d3743cc56", "code":200, "text":"call to gamma"}
{"ts":"2021-03-12T09:41:31.836116", "source":"beta", "id":"8e8d2764-df1c-4d5e-aa04-6075d879fd35", "code":200, "text":"call to delta"}
{"ts":"2021-03-12T09:42:07.380432", "source":"beta", "id":"3c4d3cee-0e99-42b3-92ac-2058d5b795b2", "code":200, "text":"request terminated"}
{"ts":"2021-03-12T09:42:37.298165", "source":"beta", "id":"57cdbb41-f5f5-4c05-bb51-e3087f5110a4", "code":200, "text":"call to delta"}
{"ts":"2021-03-12T09:43:54.170655", "source":"beta", "id":"2a56fd76-8e4a-425c-bfb6-c2cff502b485", "code":200, "text":"call to delta"}
{"ts":"2021-03-12T09:45:42.890845", "source":"beta", "id":"2268e804-b3c2-43dd-91e4-c0418585d908", "code":200, "text":"request terminated"}
{"ts":"2021-03-12T09:48:35.354972", "source":"beta", "id":"58360e1d-5821-4a7c-8ef5-2e1053598041", "code":200, "text":"request terminated"}
{"ts":"2021-03-12T09:49:58.961862", "source":"beta", "id":"3f3d15e5-5736-41fd-8b5b-f6fc24d49eeb", "code":200, "text":"call to delta"}
{"ts":"2021-03-12T09:50:26.181529", "source":"beta", "id":"8c34e255-b523-4444-854c-2b564b18086f", "code":200, "text":"call to delta"}
{"ts":"2021-03-12T09:50:38.849947", "source":"beta", "id":"ca4fe335-c094-43e9-a081-959e10a3c07f", "code":200, "text":"call to gamma"}
{"ts":"2021-03-12T09:52:18.667799", "source":"beta", "id":"f6371f6b-4554-452f-aa7b-5d61cce1f231", "code":200, "text":"call to epsilon"}
{"ts":"2021-03-12T09:52:59.792451", "source":"beta", "id":"4d2cae09-e4a9-418e-b4a4-d1547cabd339", "code":200, "text":"call to gamma"}
{"ts":"2021-03-12T09:54:23.925837", "source":"beta", "id":"4da0a904-5dac-4bcf-91dd-ad6b09698c6b", "code":200, "text":"call to epsilon"}
{"ts":"2021-03-12T09:56:58.785388", "source":"beta", "id":"4a43ffcc-a88e-4f5d-9189-e2351cedab5a", "code":200, "text":"call to epsilon"}
{"ts":"2021-03-12T09:57:06.498917", "source":"beta", "id":"b2a2ccb2-0b64-4d29-b481-d3d56d1d669b", "code":200, "text":"call to gamma"}
{"ts":"2021-03-12T09:58:11.810343", "source":"beta", "id":"9349d1e0-ab2a-4330-96ca-ba1d2bf22852", "code":200, "text":"call to delta"}
{"ts":"2021-03-12T09:59:41.323084", "source":"beta", "id":"7ff80db1-d8d5-4316-a1b8-92f34030d3e3", "code":200, "text":"call to delta"}
{"ts":"2021-03-12T10:00:21.110210", "source":"beta", "id":"48e5c083-6119-4b37-b366-619eeb063e60", "code":200, "text":"request terminated"}
{"ts":"2021-03-12T10:00:54.341778", "source":"beta", "id":"a5cbe3d8-9c76-4eb1-bc5d-be50685e76e3", "code":200, "text":"call to gamma"}
{"ts":"2021-03-12T10:02:44.609399", "source":"beta", "id":"d8976241-efeb-4184-be60-2d5c0cfaee79", "code":200, "text":"call to delta"}
{"ts":"2021-03-12T10:04:19.096944", "source":"beta", "id":"3b41b6bb-6f4c-4c73-aecf-075638b7fbc8", "code":200, "text":"call to gamma"}
{"ts":"2021-03-12T10:04:41.940487", "source":"beta", "id":"83171a9d-36ea-4b44-b035-49f4ce9136f5", "code":200, "text":"request terminated"}
{"ts":"2021-03-12T10:04:48.423294", "source":"beta", "id":"e87c3957-d94b-47ce-862c-7391af885515", "code":200, "text":"call to gamma"}
{"ts":"2021-03-12T10:08:01.244864", "source":"beta", "id":"d84299ff-9d0e-44ee-8a85-ba3d2bde4e27", "code":200, "text":"request terminated"}
{"ts":"2021-03-12T10:08:37.931480", "source":"beta", "id":"68f2c5d4-5689-428b-9c88-850fd8fe8b9a", "code":200, "text":"request terminated"}
{"ts":"2021-03-12T10:09:24.398277", "source":"beta", "id":"b7e44866-74ff-4857-adb2-ca0c7d1bcce3", "code":200, "text":"call to delta"}
{"ts":"2021-03-12T10:11:09.150638", "source":"beta", "id":"accb2845-d9ab-436d-95e4-f17270e2eabf", "code":200, "text":"request terminated"}
{"ts":"2021-03-12T10:11:35.962867", "source":"beta", "id":"888f6dae-c51b-4645-8a5c-ceddf4da6c38", "code":200, "text":"request terminated"}
{"ts":"2021-03-12T10:13:50.134159", "source":"beta", "id":"db28a613-0e0b-4cb0-bb54-42ff47dcc7bc", "code":200, "text":"request terminated"}
{"ts":"2021-03-12T10:15:08.799856", "source":"beta", "id":"44abc98a-cda5-4a9d-a80d-d4b0952b9d82", "code":200, "text":"call to gamma"}
{"ts":"2021-03-12T10:16:30.650956", "source":"beta", "id":"e9b7ca38-2036-4b90-83d4-9e62917c08de", "code":200, "text":"call to gamma"}
{"ts":"2021-03-12T10:16:41.393644", "source":"beta", "id":"5824b45d-7999-4430-bd07-6dff0546e8bb", "code":200, "text":"call to delta"}
{"ts":"2021-03-12T10:17:40.147025", "source":"beta", "id":"ebfa0a0d-17af-465c-97c7-1b8fcc47d197", "code":200, "text":"request terminated"}
{"ts":"2021-03-12T10:18:20.195721", "source":"beta", "id":"2af8bd2b-32da-421f-802a-19b7346fb593", "code":200, "text":"request terminated"}
{"ts":"2021-03-12T10:18:27.106312", "source":"beta", "id":"8322bdef-88dc-4945-a63e-abccee810c03", "code":200, "text":"call to gamma"}
{"ts":"2021-03-12T10:18:35.086392", "source":"beta", "id":"ce50ef49-2c4f-47e9-9d93-95dc3c422135", "code":200, "text":"call to delta"}
{"ts":"2021-03-12T10:18:57.975293", "source":"beta", "id":"f297473c-86f0-4647-894b-bb61901e8636", "code":200, "text":"call to delta"}
{"ts":"2021-03-12T10:19:21.558934", "source":"beta", "id":"dcddbf47-a0dc-4473-9d47-18b06b7a7213", "code":200, "text":"call to delta"}
{"ts":"2021-03-12T10:23:40.084217", "source":"beta", "id":"45eb2f54-c6e7-484a-afee-3b6b2721e9e8", "code":200, "text":"call to epsilon"}
{"ts":"2021-03-12T10:25:24.577437", "source":"beta", "id":"98a294c7-27d0-4b58-8763-28d5b551fab1", "code":200, "text":"call to delta"}
{"ts":"2021-03-12T10:26:12.319731", "source":"beta", "id":"8611da13-bab0-4e12-897d-a1e736343e5c", "code":200, "text":"request terminated"}
{"ts":"2021-03-12T10:28:04.726608", "source":"beta", "id":"4b89fa47-a706-497c-a81b-fb491a5fcc84", "code":200, "text":"request terminated"}
{"ts":"2021-03-12T10:33:41.325919", "source":"beta", "id":"3a9cc721-a71b-4742-a48d-aa16c39dc9fa", "code":200, "text":"request terminated"}
{"ts":"2021-03-12T10:34:02.974746", "source":"beta", "id":"65c3c540-c61d-4799-91db-dd526f93df0f", "code":200, "text":"call to gamma"}
{"ts":"2021-03-12T10:34:39.547577", "source":"beta", "id":"f5680337-3b6d-42c8-86f5-89f89d4a9c25", "code":200, "text":"call to epsilon"}
{"ts":"2021-03-12T10:34:56.270267", "source":"beta", "id":"38a746cd-eb9f-49a5-a71c-04f01f399f2f", "code":200, "text":"request terminated"}
{"ts":"2021-03-12T10:36:58.151758", "source":"beta", "id":"52a6058d-4891-4df6-bd9c-98a962b3b9fd", "code":200, "text":"call to delta"}
{"ts":"2021-03-12T10:37:32.310796", "source":"beta", "id":"1434ed4f-ce81-4e23-8ae4-391f8e3bbd21", "code":200, "text":"call to delta"}
{"ts":"2021-03-12T10:38:08.317097", "source":"beta", "id":"52f04a0a-b189-4cd7-999e-cd8a31025ba5", "code":200, "text":"request terminated"}
{"ts":"2021-03-12T10:38:35.759847", "source":"beta", "id":"af84fa5e-d41b-40e8-9bcc-7c2cffb9fe8b", "code":200, "text":"request terminated"}
{"ts":"2021-03-12T10:40:46.008897", "source":"beta", "id":"e6f2106c-8c12-47b5-8c0a-67cc46ef3b91", "code":200, "text":"request terminated"}
{"ts":"2021-03-12T10:42:57.889541", "source":"beta", "id":"b67338e0-c85e-4869-ae21-8cb427ccbd43", "code":200, "text":"call to delta"}
{"ts":"2021-03-12T10:43:24.133180", "source":"beta", "id":"195f58e0-5ad1-4a49-bf14-fc2ad8115fe8", "code":200, "text":"request terminated"}
{"ts":"2021-03-12T10:44:38.235716", "source":"beta", "id":"2cfcedab-1c6d-45bf-a27e-5bd30ba78f06", "code":200, "text":"call to epsilon"}
{"ts":"2021-03-12T10:45:01.895341", "source":"beta", "id":"15126cfa-2ab3-4b90-b6b3-a252364e98cb", "code":200, "text":"call to delta"}
{"ts":"2021-03-12T10:46:13.899071", "source":"beta", "id":"7dc09d06-40d6-43e5-bc0d-aad2161ee9d2", "code":200, "text":"call to delta"}
{"ts":"2021-03-12T10:49:55.735985", "source":"beta", "id":"36731464-b2ce-4963-b573-05b453025032", "code":200, "text":"call to delta"}
{"ts":"2021-03-12T10:54:09.793190", "source":"beta", "id":"e90b5e3c-09f4-4e8b-9e6a-aa12724603cd", "code":200, "text":"call to gamma"}
{"ts":"2021-03-12T11:00:31.097359", "source":"beta", "id":"ef8019b7-d0d1-4bdc-a4fb-732a803cf9f3", "code":200, "text":"request terminated"}
{"ts":"2021-03-12T11:02:43.263569", "source":"beta", "id":"52c879b6-25c1-43e2-a400-60c8d6f90cc9", "code":200, "text":"call to delta"}
{"ts":"2021-03-12T11:03:31.312945", "source":"beta", "id":"43684d7e-c824-4029-a645-116013d4980c", "code":200, "text":"call to delta"}
{"ts":"2021-03-12T11:04:15.513648", "source":"beta", "id":"e0559964-5352-4a15-a6bd-a7400cd63862", "code":200, "text":"call to gamma"}
{"ts":"2021-03-12T11:04:27.850519", "source":"beta", "id":"2bc6ef65-f235-44c9-92e9-92359100c0fd", "code":200, "text":"request terminated"}
{"ts":"2021-03-12T11:11:44.390705", "source":"beta", "id":"154664f7-b611-4ff2-9bbf-9d35bfede170", "code":200, "text":"request terminated"}
{"ts":"2021-03-12T11:12:48.394830", "source":"beta", "id":"ce6e0712-a9e9-4a37-be6b-e64eec1d0484", "code":200, "text":"request terminated"}
{"ts":"2021-03-12T11:14:36.829631", "source":"beta", "id":"28efa3e2-da43-421e-a91d-91e2a46e845b", "code":200, "text":"request terminated"}
{"ts":"2021-03-12T11:15:09.896428", "source":"beta", "id":"eab31396-e472-4281-a02f-6fe0914c1a0c", "code":200, "text":"call to delta"}
{"ts":"2021-03-12T11:15:59.931927", "source":"beta", "id":"8488bfd0-1baf-4af5-946e-4a768a2126f9", "code":200, "text":"request terminated"}
{"ts":"2021-03-12T11:17:55.267079", "source":"beta", "id":"f687a064-617b-418c-9570-305097f898b4", "code":200, "text":"request terminated"}
{"ts":"2021-03-12T11:18:04.916857", "source":"beta", "id":"e3c56e4e-11b2-4e48-8cb4-e9f09155d9e6", "code":200, "text":"call to epsilon"}
{"ts":"2021-03-12T11:21:02.479034", "source":"beta", "id":"3d0fa3db-36a4-4110-a9ce-903c64589937", "code":200, "text":"request terminated"}
{"ts":"2021-03-12T11:24:27.027871", "source":"beta", "id":"1670f7cb-ad2f-4acf-9e47-2a084c8042fe", "code":200, "text":"request terminated"}
{"ts":"2021-03-12T11:29:56.407479", "source":"beta", "id":"ebb7f71b-b3e7-4439-aae3-591b5064f3ff", "code":200, "text":"call to gamma"}
{"ts":"2021-03-12T11:33:03.117487", "source":"beta", "id":"9cabdd5f-6ac7-4a9a-8aea-811979be3b60", "code":200, "text":"request terminated"}
{"ts":"2021-03-12T11:35:33.089899", "source":"beta", "id":"f0e92148-ae09-40bd-8b3a-acdfabf8c4b6", "code":200, "text":"request terminated"}
{"ts":"2021-03-12T11:37:01.459415", "source":"beta", "id":"dcc55e97-f6ea-4ff6-a45b-e48aeb7d4ead", "code":200, "text":"call to gamma"}
{"ts":"2021-03-12T11:38:50.992299", "source":"beta", "id":"36a41d83-536b-4db1-82ad-4d315a4a2b04", "code":200, "text":"call to gamma"}
{"ts":"2021-03-12T11:40:58.819196", "source":"beta", "id":"f2b473ff-3c78-4c67-adda-4b1e532ee486", "code":200, "text":"call to delta"}
{"ts":"2021-03-12T11:43:01.194708", "source":"beta", "id":"31f6c383-7d75-44d3-afef-86baa6298c8c", "code":200, "text":"call to gamma"}
{"ts":"2021-03-12T11:44:17.305137", "source":"beta", "id":"164e07d0-3083-4d78-a956-ef66068eefe6", "code":200, "text":"call to delta"}
{"ts":"2021-03-12T11:45:40.539022", "source":"beta", "id":"42a549e0-5fad-4f77-a393-d8a9315c9e5c", "code":200, "text":"call to gamma"}
{"ts":"2021-03-12T11:47:56.677926", "source":"beta", "id":"8dca0d3b-ffee-467a-882a-a72da39ad0f9", "code":200, "text":"call to gamma"}
{"ts":"2021-03-12T11:48:02.499390", "source":"beta", "id":"70f37f42-c8fa-494f-b24f-001428a7c658", "code":200, "text":"call to delta"}
{"ts":"2021-03-12T11:48:53.737232", "source":"beta", "id":"ccf52230-e899-4621-b46e-21df595b5fc8", "code":200, "text":"call to gamma"}
{"ts":"2021-03-12T11:49:25.463981", "source":"beta", "id":"0e366abe-f381-4292-b801-d7ffa9b54163", "code":200, "text":"request terminated"}
{"ts":"2021-03-12T11:50:14.857146", "source":"beta", "id":"aa189067-f652-4524-ab7d-4765fc28c8b7", "code":200, "text":"call to epsilon"}
{"ts":"2021-03-12T11:50:34.953141", "source":"beta", "id":"51b40d6a-f905-4901-9dcf-a1324012c9a8", "code":200, "text":"request terminated"}
{"ts":"2021-03-12T11:51:28.732618", "source":"beta", "id":"93d07343-56b1-4724-a346-ab512150b2ba", "code":200, "text":"call to gamma"}
{"ts":"2021-03-12T11:51:37.370594", "source":"beta", "id":"edf8402d-ebe9-4017-a754-41e89fd6fdbc", "code":200, "text":"request terminated"}
{"ts":"2021-03-12T11:52:06.295526", "source":"beta", "id":"0b4925d8-8d59-405f-a894-f601523a581f", "code":200, "text":"call to delta"}
{"ts":"2021-03-12T11:55:34.778321", "source":"beta", "id":"b96e877c-bf23-4a1d-abef-0659c144282e", "code":200, "text":"call to epsilon"}
{"ts":"2021-03-12T11:58:23.613950", "source":"beta", "id":"2405beb9-6e27-4f51-a1ce-7f1b276f4618", "code":200, "text":"call to epsilon"}
{"ts":"2021-03-12T11:58:45.099146", "source":"beta", "id":"632d06f8-c0f7-475a-a2c1-7593c07e6d0d", "code":200, "text":"request terminated"}
{"ts":"2021-03-12T11:58:56.684573", "source":"beta", "id":"977e74d7-dd2b-4dd0-b0f3-578efbb32c1e", "code":200, "text":"request terminated"}
{"ts":"2021-03-12T11:59:22.463751", "source":"beta", "id":"860a5931-c7c9-4da9-b823-cc50870c232f", "code":200, "text":"request terminated"}
{"ts":"2021-03-12T11:59:47.310741", "source":"beta", "id":"378a246d-e9de-416c-ad20-19e7a6db21d0", "code":200, "text":"request terminated"}
{"ts":"2021-03-12T12:00:42.370073", "source":"beta", "id":"9f34154a-776f-4281-b32d-75dd0c59c5e2", "code":200, "text":"call to gamma"}
{"ts":"2021-03-12T12:02:32.024031", "source":"beta", "id":"83e82348-26a8-48a3-99a4-7187fbb0190f", "code":200, "text":"call to delta"}
{"ts":"2021-03-12T12:02:37.171850", "source":"beta", "id":"b62ae17e-d9da-430e-84d9-53b5a4b3fb39", "code":200, "text":"request terminated"}
{"ts":"2021-03-12T12:07:42.864205", "source":"beta", "id":"d2c7151a-38c8-4a93-84bb-cb08459c6d92", "code":200, "text":"request terminated"}
{"ts":"2021-03-12T12:07:59.314642", "source":"beta", "id":"4a2a0c54-ea7e-4c66-918f-097e8b7987f8", "code":200, "text":"call to gamma"}
{"ts":"2021-03-12T12:08:10.379336", "source":"beta", "id":"f068df41-8f06-4f91-bb0c-34ba00b0268e", "code":200, "text":"call to epsilon"}
{"ts":"2021-03-12T12:08:22.642020", "source":"beta", "id":"7c8b54ab-f508-4c2e-91d7-26715d3b8dc7", "code":200, "text":"request terminated"}
{"ts":"2021-03-12T12:08:29.742588", "source":"beta", "id":"5add5351-9c11-4b2f-af8c-ff3f64ca9384", "code":200, "text":"request terminated"}
{"ts":"2021-03-12T12:08:34.278891", "source":"beta", "id":"65256c97-da59-42e8-979f-16d26e9aad4a", "code":200, "text":"request terminated"}
{"ts":"2021-03-12T12:11:01.007944", "source":"beta", "id":"c01b1805-0875-4497-b3ed-40d74d07a92a", "code":200, "text":"call to epsilon"}
{"ts":"2021-03-12T12:12:44.345062", "source":"beta", "id":"e95ee2ff-1a6b-4c67-9514-ada2395194b6", "code":200, "text":"request terminated"}
{"ts":"2021-03-12T12:16:06.200577", "source":"beta", "id":"5f45b499-1d59-4b45-b19b-0f47c12e4bd5", "code":200, "text":"request terminated"}
{"ts":"2021-03-12T12:19:09.326579", "source":"beta", "id":"b6eddd19-4020-443a-9289-35f0d0f91257", "code":200, "text":"call to gamma"}
{"ts":"2021-03-12T12:26:01.816939", "source":"beta", "id":"1f413bef-2859-49dd-89a7-99974a291f01", "code":200, "text":"request terminated"}
{"ts":"2021-03-12T12:27:04.533733", "source":"beta", "id":"af88170c-149d-49d7-8605-242af49b591a", "code":200, "text":"request terminated"}
{"ts":"2021-03-12T12:27:12.750169", "source":"beta", "id":"8a39df34-ca02-4645-8a89-51f53ffca0bf", "code":200, "text":"request terminated"}
{"ts":"2021-03-12T12:29:34.213313", "source":"beta", "id":"eefe95e5-6746-4d08-9f81-d55eb16f8582", "code":200, "text":"call to delta"}
{"ts":"2021-03-12T12:29:43.527862", "source":"beta", "id":"750d76fa-6e30-485d-8eca-1f8bf0067f17", "code":200, "text":"request terminated"}
{"ts":"2021-03-12T12:30:53.839351", "source":"beta", "id":"cf7dbc52-396f-4afd-86d6-65da791d7f06", "code":200, "text":"call to gamma"}
{"ts":"2021-03-12T12:30:57.895604", "source":"beta", "id":"5e431d9a-fa24-437a-b717-eb2932c7ff84", "code":200, "text":"call to delta"}
{"ts":"2021-03-12T12:31:22.626452", "source":"beta", "id":"3ab98c55-695f-48d2-9284-6f2d7197c408", "code":200, "text":"request terminated"}
{"ts":"2021-03-12T12:33:20.694402", "source":"beta", "id":"62037dc5-f75c-4213-ac7d-ccdacbf48c10", "code":200, "text":"request terminated"}
{"ts":"2021-03-12T12:33:21.320718", "source":"beta", "id":"13801710-ec5b-45a9-8602-8f7658b3b347", "code":200, "text":"call to delta"}
{"ts":"2021-03-12T12:34:02.751359", "source":"beta", "id":"ee3245d2-ec73-4f77-8560-722b25da179f", "code":200, "text":"request terminated"}
{"ts":"2021-03-12T12:34:28.690802", "source":"beta", "id":"97ac230c-3123-46d8-98ac-13d2afb4fbc3", "code":200, "text":"call to delta"}
{"ts":"2021-03-12T12:37:12.599064", "source":"beta", "id":"bd63f15e-74f5-4e29-afee-4707307d379f", "code":200, "text":"request terminated"}
{"ts":"2021-03-12T12:37:34.604308", "source":"beta", "id":"c2b50b1e-d33e-4666-8b29-af6bee03d4ba", "code":200, "text":"call to gamma"}
{"ts":"2021-03-12T12:39:17.148899", "source":"beta", "id":"192a50e4-a69d-41ec-b834-051c26ac77da", "code":200, "text":"request terminated"}
{"ts":"2021-03-12T12:39:44.691409", "source":"beta", "id":"4923cd5d-0dde-4b96-9757-48281c1b1a75", "code":200, "text":"request terminated"}
{"ts":"2021-03-12T12:40:15.287746", "source":"beta", "id":"6f3b3a51-b1f2-45cc-a9ea-6d8d0a82c811", "code":200, "text":"call to delta"}
{"ts":"2021-03-12T12:44:27.027243", "source":"beta", "id":"2d5f0adf-6e09-491e-b1f8-5e9cb4dda7be", "code":200, "text":"call to epsilon"}
{"ts":"2021-03-12T12:45:46.604287", "source":"beta", "id":"5d2aa987-8586-4426-a4a6-df53e4858acc", "code":200, "text":"call to gamma"}
{"ts":"2021-03-12T12:46:15.680962", "source":"beta", "id":"2f12c144-9647-4b6f-a335-160d3509a57b", "code":200, "text":"call to delta"}
{"ts":"2021-03-12T12:46:23.535759", "source":"beta", "id":"7629df84-4fca-4647-939a-fb20601dfaa0", "code":200, "text":"request terminated"}
{"ts":"2021-03-12T12:47:00.336236", "source":"beta", "id":"1141faf8-8377-43a6-a3ec-beece108624f", "code":200, "text":"call to gamma"}
{"ts":"2021-03-12T12:48:12.976822", "source":"beta", "id":"1e6c327b-d8b7-4f1b-948f-f0b5213f706a", "code":200, "text":"call to gamma"}
{"ts":"2021-03-12T12:51:13.340183", "source":"beta", "id":"cab51d56-d2ff-4788-9da9-4ac77365f657", "code":200, "text":"call to epsilon"}
{"ts":"2021-03-12T12:52:25.767051", "source":"beta", "id":"5c27a26b-a158-46a5-a826-ca866f7fade3", "code":200, "text":"call to epsilon"}
{"ts":"2021-03-12T12:53:44.975950", "source":"beta", "id":"6543513a-684d-478a-85a4-ab4434b9f2e2", "code":200, "text":"call to gamma"}
{"ts":"2021-03-12T12:54:22.761896", "source":"beta", "id":"437ef079-e6c5-4424-9ca3-b8b28b9872da", "code":200, "text":"call to gamma"}
{"ts":"2021-03-12T12:56:10.488416", "source":"beta", "id":"bb909734-6ffd-4d8d-884b-664490c6972b", "code":200, "text":"request terminated"}
{"ts":"2021-03-12T12:56:26.207632", "source":"beta", "id":"361dbcb2-a74c-4449-b170-b2f55457e879", "code":200, "text":"call to delta"}
{"ts":"2021-03-12T12:56:38.196816", "source":"beta", "id":"cc5f5452-a79f-41e6-8e20-5950af23a1d1", "code":200, "text":"call to gamma"}
{"ts":"2021-03-12T12:57:21.273777", "source":"beta", "id":"1040be4f-453f-4361-a4d6-22b713c7732f", "code":200, "text":"call to gamma"}
{"ts":"2021-03-12T12:57:24.338562", "source":"beta", "id":"773e8dbc-1ad5-40c3-b56d-9a4a07da926e", "code":200, "text":"request terminated"}
{"ts":"2021-03-12T12:59:30.629195", "source":"beta", "id":"8f999748-7033-409e-aeed-419b1d8e367e", "code":200, "text":"call to delta"}
{"ts":"2021-03-12T13:00:30.333444", "source":"beta", "id":"80e67778-c073-4d94-b70b-e1875db9f2bb", "code":200, "text":"call to gamma"}
{"ts":"2021-03-12T13:02:05.858796", "source":"beta", "id":"be2d2b98-13a6-4140-9fce-32fef1e48200", "code":200, "text":"request terminated"}
{"ts":"2021-03-12T13:02:08.617985", "source":"beta", "id":"1af14f54-8584-4723-b855-aed4b3594968", "code":200, "text":"request terminated"}
{"ts":"2021-03-12T13:03:44.182984", "source":"beta", "id":"f22052c0-d0dc-437c-b780-c01b625f8a00", "code":200, "text":"request terminated"}
{"ts":"2021-03-12T13:03:49.208064", "source":"beta", "id":"fb236f4c-3ff8-43f6-80cc-f8cf58489b63", "code":200, "text":"request terminated"}
{"ts":"2021-03-12T13:05:09.306416", "source":"beta", "id":"42c4b572-5714-44ae-b6e5-442b5b354d40", "code":200, "text":"call to gamma"}
{"ts":"2021-03-12T13:07:47.820285", "source":"beta", "id":"d891d840-8829-4e32-9516-7d0dec5328f0", "code":200, "text":"call to delta"}
{"ts":"2021-03-12T13:08:08.809779", "source":"beta", "id":"d8edb69f-f428-453e-b9bf-e211af172ad4", "code":200, "text":"call to epsilon"}
{"ts":"2021-03-12T13:08:51.906332", "source":"beta", "id":"fa2ea4c5-cab3-4ec1-ab8d-8f6b9b6ea721", "code":200, "text":"request terminated"}
{"ts":"2021-03-12T13:09:21.447525", "source":"beta", "id":"38053895-63d0-44ca-ac90-8a816d1e3c3c", "code":200, "text":"call to gamma"}
{"ts":"2021-03-12T13:10:22.692215", "source":"beta", "id":"bd004fe0-2ae6-431e-9e1e-8283b4b28a50", "code":200, "text":"call to delta"}
{"ts":"2021-03-12T13:11:20.272274", "source":"beta", "id":"e63bc06c-9a33-41d2-984e-6c3324a4cda2", "code":200, "text":"request terminated"}
{"ts":"2021-03-12T13:13:16.056075", "source":"beta", "id":"d2f41ad7-e8b8-4b48-a46e-dd70c27e34b0", "code":200, "text":"request terminated"}
{"ts":"2021-03-12T13:13:55.376835", "source":"beta", "id":"5cfdc1cb-576b-4171-b949-c11705cb60d9", "code":500, "text":"call to delta"}
{"ts":"2021-03-12T13:14:46.761129", "source":"beta", "id":"9e06e90b-bc89-4655-9a00-f321ce7fad29", "code":200, "text":"request terminated"}
{"ts":"2021-03-12T13:14:48.948216", "source":"beta", "id":"c2eacc32-42fe-4369-bf0e-8a39007e0dc8", "code":200, "text":"request terminated"}
{"ts":"2021-03-12T13:14:56.080156", "source":"beta", "id":"b79e5245-f173-407c-bab8-dbcadc633f99", "code":500, "text":"call to delta"}
{"ts":"2021-03-12T13:15:28.232378", "source":"beta", "id":"4b896968-630f-46e6-957e-cba2f8d033b9", "code":200, "text":"call to delta"}
{"ts":"2021-03-12T13:15:50.323659", "source":"beta", "id":"56ac85d0-0996-4210-95c0-a46ef20be8ae", "code":200, "text":"request terminated"}
{"ts":"2021-03-12T13:16:13.773770", "source":"beta", "id":"c3f9b842-3190-4408-8d05-69f54a2da370", "code":500, "text":"call to delta"}
{"ts":"2021-03-12T13:16:34.670297", "source":"beta", "id":"4547f3f5-89e7-4036-8084-e8bdfb7985bd", "code":200, "text":"request terminated"}
{"ts":"2021-03-12T13:16:53.983547", "source":"beta", "id":"f73b059d-f11e-499f-bbc4-0d0ecfa8fa1d", "code":200, "text":"request terminated"}
{"ts":"2021-03-12T13:18:02.071992", "source":"beta", "id":"b0deb709-0c22-4b87-a984-0640878efba6", "code":200, "text":"request terminated"}
{"ts":"2021-03-12T13:18:54.945665", "source":"beta", "id":"be4d23ee-0093-49c5-b2ca-70805c495320", "code":200, "text":"call to delta"}
{"ts":"2021-03-12T13:19:19.484604", "source":"beta", "id":"5f33def5-45e0-4f21-96b5-36705e25ac1c", "code":200, "text":"request terminated"}
{"ts":"2021-03-12T13:19:24.058908", "source":"beta", "id":"2fa21565-9c73-41a4-836c-9516b5bad77f", "code":200, "text":"call to delta"}
{"ts":"2021-03-12T13:19:46.721048", "source":"beta", "id":"0fec8e12-8d91-4cd6-a6c7-d154e418db5b", "code":200, "text":"request terminated"}
{"ts":"2021-03-12T13:20:59.181701", "source":"beta", "id":"ea8a2f63-af96-434f-a3ab-b56a6dd1af9f", "code":200, "text":"call to delta"}
{"ts":"2021-03-12T13:21:51.770819", "source":"beta", "id":"6a118ab2-22a2-4883-938b-18726fced83d", "code":500, "text":"call to delta"}
{"ts":"2021-03-12T13:22:00.215162", "source":"beta", "id":"bba0c243-248c-4913-93b6-f1a4b4d9f31e", "code":200, "text":"call to gamma"}
{"ts":"2021-03-12T13:22:55.147268", "source":"beta", "id":"f396e13b-71d6-4cd0-809b-fd07fffe2cf9", "code":200, "text":"call to gamma"}
{"ts":"2021-03-12T13:24:14.949343", "source":"beta", "id":"1ab93dfc-b397-43f5-87a2-c03cbb0b822b", "code":500, "text":"call to delta"}
{"ts":"2021-03-12T13:24:57.138601", "source":"beta", "id":"bfd1384a-d665-4af1-bcdf-51f62f128fa0", "code":200, "text":"request terminated"}
{"ts":"2021-03-12T13:25:16.263783", "source":"beta", "id":"a64dc1d1-35f2-47d0-b8d0-9b977a63e7c6", "code":200, "text":"call to delta"}
{"ts":"2021-03-12T13:27:10.791034", "source":"beta", "id":"be2afa18-dd0d-4ce5-88b7-f52da83a1776", "code":200, "text":"request terminated"}
{"ts":"2021-03-12T13:27:31.193774", "source":"beta", "id":"e284c066-8cf9-41a4-b82a-7f21a388e468", "code":200, "text":"request terminated"}
{"ts":"2021-03-12T13:27:51.025319", "source":"beta", "id":"b85f55bf-bb45-44da-82a2-69a2704ccb77", "code":200, "text":"request terminated"}
{"ts":"2021-03-12T13:27:51.145345", "source":"beta", "id":"f96b1e38-4c63-4ad4-a0c2-61b5a309c0fd", "code":200, "text":"request terminated"}
{"ts":"2021-03-12T13:29:51.997950", "source":"beta", "id":"45492150-736f-458a-b2d0-6a4a86500f31", "code":200, "text":"call to delta"}
{"ts":"2021-03-12T13:29:54.605575", "source":"beta", "id":"043d085d-b320-4c3d-894a-4bed4c4192ed", "code":200, "text":"request terminated"}
{"ts":"2021-03-12T13:31:21.957419", "source":"beta", "id":"83b8345b-fe51-4886-8f69-d249031f66a9", "code":500, "text":"call to epsilon"}
{"ts":"2021-03-12T13:31:34.628506", "source":"beta", "id":"6e3e925a-662c-407c-a039-d41b4b8abfd4", "code":500, "text":"call to delta"}
{"ts":"2021-03-12T13:32:23.150442", "source":"beta", "id":"bb91d23d-dbaa-49fe-a347-ae7c7d53647f", "code":500, "text":"call to delta"}
{"ts":"2021-03-12T13:34:15.638604", "source":"beta", "id":"2dcbc9a0-82a7-4a98-b9d1-41b9c6f12d12", "code":200, "text":"request terminated"}
{"ts":"2021-03-12T13:34:49.307703", "source":"beta", "id":"9e7e2120-acab-4b6f-82c9-01d3e2a07627", "code":200, "text":"request terminated"}
{"ts":"2021-03-12T13:34:59.540364", "source":"beta", "id":"40c7ec58-9154-4d81-affb-c6e1b6cd21b2", "code":200, "text":"request terminated"}
{"ts":"2021-03-12T13:35:41.904169", "source":"beta", "id":"cab2d77b-e7b7-4a70-ae21-410c4e5f0903", "code":200, "text":"call to gamma"}
{"ts":"2021-03-12T13:37:42.595131", "source":"beta", "id":"45ac5765-341d-445a-8a66-732faa00b56e", "code":200, "text":"call to delta"}
{"ts":"2021-03-12T13:37:53.804424", "source":"beta", "id":"ad2fb069-5545-4fe6-9013-c8040ed88e40", "code":500, "text":"call to epsilon"}
{"ts":"2021-03-12T13:39:04.139625", "source":"beta", "id":"4fa88ab4-f894-4cee-b088-323be9866f73", "code":200, "text":"call to delta"}
{"ts":"2021-03-12T13:39:30.685740", "source":"beta", "id":"35b8e44d-05a2-49df-b311-d804086aa1ac", "code":200, "text":"request terminated"}
{"ts":"2021-03-12T13:39:48.994302", "source":"beta", "id":"18cb125e-d6b8-4573-b025-b25963e16841", "code":200, "text":"request terminated"}
{"ts":"2021-03-12T13:40:46.232207", "source":"beta", "id":"bfa57233-b237-4fe8-9e4b-ba853d73259b", "code":200, "text":"call to delta"}
{"ts":"2021-03-12T13:42:10.867261", "source":"beta", "id":"225bf705-979b-41af-abbf-a5045d920b15", "code":500, "text":"call to epsilon"}
{"ts":"2021-03-12T13:42:31.710441", "source":"beta", "id":"0de5485c-d32f-42a2-8c8b-6eed0fe9198f", "code":200, "text":"call to delta"}
{"ts":"2021-03-12T13:42:39.267559", "source":"beta", "id":"d3d15a04-78e3-457a-b427-ec872a47eba4", "code":200, "text":"request terminated"}
{"ts":"2021-03-12T13:44:10.629709", "source":"beta", "id":"fa329824-47cf-4413-9c38-edb7bc4ac8d3", "code":200, "text":"call to delta"}
{"ts":"2021-03-12T13:47:39.972680", "source":"beta", "id":"af9beef2-b81f-4a32-a935-fe8d39be61e9", "code":200, "text":"call to gamma"}
{"ts":"2021-03-12T13:48:51.443823", "source":"beta", "id":"4b4e7331-d9ea-4161-9439-89814de0bd86", "code":200, "text":"request terminated"}
{"ts":"2021-03-12T13:49:17.278250", "source":"beta", "id":"7b6c915c-bd54-4201-84b9-706c4c02faed", "code":200, "text":"request terminated"}
{"ts":"2021-03-12T13:54:03.954173", "source":"beta", "id":"9736c4aa-2669-4f69-aea4-52b71dea639f", "code":200, "text":"call to gamma"}
{"ts":"2021-03-12T13:55:12.219565", "source":"beta", "id":"4fdc3253-3278-4d62-a43d-2274324cad6d", "code":500, "text":"call to delta"}
{"ts":"2021-03-12T13:55:13.176721", "source":"beta", "id":"83248ba2-812b-47f7-b54c-e4be60b5ce55", "code":200, "text":"call to delta"}
{"ts":"2021-03-12T13:55:38.187079", "source":"beta", "id":"ce137a9d-ff45-4b92-9fc7-3527475f578a", "code":200, "text":"call to gamma"}
{"ts":"2021-03-12T13:58:20.922595", "source":"beta", "id":"541e0217-89b5-4dba-8839-73e539bf67de", "code":200, "text":"request terminated"}
{"ts":"2021-03-12T13:58:47.350584", "source":"beta", "id":"fd61d029-fa3a-4b0a-89c6-ef14865f14a1", "code":200, "text":"call to delta"}
{"ts":"2021-03-12T13:59:14.086774", "source":"beta", "id":"f012123b-3cc7-4055-bb72-341dac59ad09", "code":200, "text":"request terminated"}
{"ts":"2021-03-12T14:00:54.504548", "source":"beta", "id":"e05616a7-8799-4b50-b7f4-ee39025702a2", "code":200, "text":"request terminated"}
{"ts":"2021-03-12T14:01:12.645623", "source":"beta", "id":"95df9eae-8d47-43a1-9bd8-678ea1e9fc53", "code":200, "text":"request terminated"}
{"ts":"2021-03-12T14:01:47.706782", "source":"beta", "id":"153c0410-90b7-42db-9148-6263ab7e6997", "code":200, "text":"request terminated"}
{"ts":"2021-03-12T14:02:24.734177", "source":"beta", "id":"fbbf7241-e0fe-4fa9-9133-9db61c62ec12", "code":500, "text":"call to delta"}
{"ts":"2021-03-12T14:03:25.195416", "source":"beta", "id":"1a562414-2a65-486a-8cba-9ab03fefa749", "code":200, "text":"call to gamma"}
{"ts":"2021-03-12T14:04:30.187857", "source":"beta", "id":"373e4d88-cda2-401b-89c4-39e7d27a2b8f", "code":200, "text":"request terminated"}
{"ts":"2021-03-12T14:05:02.535562", "source":"beta", "id":"2e32cb68-746d-423a-a5cd-834df6c7f7b3", "code":200, "text":"request terminated"}
{"ts":"2021-03-12T14:05:27.495647", "source":"beta", "id":"f7005cb5-aca5-42aa-9a79-ae4b91083270", "code":200, "text":"call to gamma"}
{"ts":"2021-03-12T14:05:28.334547", "source":"beta", "id":"61038c49-1f20-43f2-bbc8-8e71a6483e35", "code":500, "text":"call to gamma"}
{"ts":"2021-03-12T14:05:51.742609", "source":"beta", "id":"f32e3c91-7390-4f40-9ca3-bf21b71f971c", "code":200, "text":"call to delta"}
{"ts":"2021-03-12T14:09:04.212219", "source":"beta", "id":"c510b892-94b7-4424-9c72-c5903828dfe0", "code":200, "text":"request terminated"}
{"ts":"2021-03-12T14:09:17.280585", "source":"beta", "id":"7340d9f7-70e3-4965-8397-cc4ebfede8d3", "code":200, "text":"call to gamma"}
{"ts":"2021-03-12T14:09:21.621646", "source":"beta", "id":"aa38b480-7054-4ca1-be24-2fffa1fc9c9b", "code":200, "text":"request terminated"}
{"ts":"2021-03-12T14:10:14.202503", "source":"beta", "id":"e12bcb78-f65b-4484-8c16-363364798aad", "code":500, "text":"call to epsilon"}
{"ts":"2021-03-12T14:10:44.238854", "source":"beta", "id":"1262198b-9c03-4ad4-9bd3-f247db1fd9ee", "code":200, "text":"request terminated"}
{"ts":"2021-03-12T14:11:00.048854", "source":"beta", "id":"28edc47f-8338-4505-9d42-42197cdabf77", "code":200, "text":"request terminated"}
{"ts":"2021-03-12T14:13:15.332327", "source":"beta", "id":"d19b6e5f-83ec-4ad5-98c5-e3dac8e73020", "code":200, "text":"call to gamma"}
{"ts":"2021-03-12T14:15:07.743898", "source":"beta", "id":"2e2d2699-ecda-4543-86f2-c06899e1653b", "code":200, "text":"request terminated"}
{"ts":"2021-03-12T14:16:47.220556", "source":"beta", "id":"f82d8189-b4c1-45b6-900c-78e72c0bc1d6", "code":200, "text":"call to delta"}
{"ts":"2021-03-12T14:20:46.898563", "source":"beta", "id":"9fdd2b66-04ee-4d4d-9715-66f2e7817bd5", "code":200, "text":"call to delta"}
{"ts":"2021-03-12T14:22:35.408347", "source":"beta", "id":"c0bb59ef-c0de-4959-8242-a001224ff8a8", "code":500, "text":"call to delta"}
{"ts":"2021-03-12T14:23:21.161567", "source":"beta", "id":"f5ac610e-a22d-492b-a9b4-c25b2b8fb548", "code":200, "text":"request terminated"}
{"ts":"2021-03-12T14:23:35.424381", "source":"beta", "id":"a4efa378-90c9-46a2-b942-a12ccdab1dc2", "code":200, "text":"request terminated"}
{"ts":"2021-03-12T14:24:17.389305", "source":"beta", "id":"a6ad795d-123e-48f7-8f91-1f4603edd777", "code":200, "text":"request terminated"}
{"ts":"2021-03-12T14:24:21.409614", "source":"beta", "id":"5ff052b7-889d-4125-9706-a4055dd59a51", "code":200, "text":"request terminated"}
{"ts":"2021-03-12T14:24:33.905107", "source":"beta", "id":"cd9a8de8-30fd-46f7-a628-c896514af43e", "code":200, "text":"call to gamma"}
{"ts":"2021-03-12T14:26:00.435416", "source":"beta", "id":"2b1ba492-dd6a-4060-8bba-2afab47fdfa7", "code":500, "text":"call to epsilon"}
{"ts":"2021-03-12T14:32:30.828054", "source":"beta", "id":"ea63a9d5-a50c-4a14-84e9-c9478959a05b", "code":200, "text":"request terminated"}
{"ts":"2021-03-12T14:33:51.915612", "source":"beta", "id":"929c6845-720d-4cd6-88b4-ee07ab967024", "code":200, "text":"call to gamma"}
{"ts":"2021-03-12T14:35:43.813003", "source":"beta", "id":"b1ec1565-4bc5-4908-8718-c9745a965f0e", "code":200, "text":"call to gamma"}
{"ts":"2021-03-12T14:36:10.756414", "source":"beta", "id":"e62d285f-fa03-4067-a53e-5dc2efc9215a", "code":200, "text":"request terminated"}
{"ts":"2021-03-12T14:36:30.906188", "source":"beta", "id":"ecce8e17-0214-4479-b875-5aa88196a677", "code":500, "text":"call to epsilon"}
{"ts":"2021-03-12T14:36:53.889457", "source":"beta", "id":"ba483c2d-bd8f-4a63-a4ad-b43411c1833c", "code":200, "text":"request terminated"}
{"ts":"2021-03-12T14:38:24.161679", "source":"beta", "id":"0fb89784-37af-40ca-8eeb-00df8243ea85", "code":200, "text":"request terminated"}
{"ts":"2021-03-12T14:39:23.001686", "source":"beta", "id":"4c3789a0-7dc7-49be-933a-970a916c7307", "code":200, "text":"call to delta"}
{"ts":"2021-03-12T14:39:42.895694", "source":"beta", "id":"a96acf31-e5b1-4c64-888a-f624fcda3b11", "code":200, "text":"request terminated"}
{"ts":"2021-03-12T14:41:11.901682", "source":"beta", "id":"55330bcd-675b-4d75-b782-84ee122c0734", "code":200, "text":"call to delta"}
{"ts":"2021-03-12T14:41:16.556544", "source":"beta", "id":"27bfe92f-6b26-499f-ab09-9245a0d0d9e1", "code":500, "text":"call to delta"}
{"ts":"2021-03-12T14:43:28.276008", "source":"beta", "id":"b6ef22aa-9ad9-425b-a7ad-38a43db607e2", "code":200, "text":"request terminated"}
{"ts":"2021-03-12T14:44:00.790033", "source":"beta", "id":"6a57d485-d725-46cf-84eb-83755dd74c92", "code":200, "text":"call to gamma"}
{"ts":"2021-03-12T14:44:53.270887", "source":"beta", "id":"d211af5e-269d-422d-bb0a-4ebfe4c56f24", "code":200, "text":"call to delta"}
{"ts":"2021-03-12T14:45:58.725244", "source":"beta", "id":"44dbf5de-76c2-47be-9899-43a9b5c4524a", "code":500, "text":"call to delta"}
{"ts":"2021-03-12T14:46:02.281703", "source":"beta", "id":"2e79c368-7f31-44c8-8460-8ae3a228c32f", "code":200, "text":"request terminated"}
{"ts":"2021-03-12T14:46:09.858277", "source":"beta", "id":"0bf7490d-ad7f-4b5f-845c-7a95b591a371", "code":200, "text":"call to gamma"}
{"ts":"2021-03-12T14:46:16.002582", "source":"beta", "id":"ede1202f-8a5b-43d2-8f32-4714c12f204c", "code":500, "text":"call to epsilon"}
{"ts":"2021-03-12T14:46:16.224520", "source":"beta", "id":"80c3ff5b-4946-49a0-a243-aca5536005e9", "code":200, "text":"request terminated"}
{"ts":"2021-03-12T14:46:53.041861", "source":"beta", "id":"e22a0660-fa4d-49f8-9141-5c6cc7653ab3", "code":200, "text":"request terminated"}
{"ts":"2021-03-12T14:48:30.813393", "source":"beta", "id":"bd6c9146-2547-443e-aeb1-81411cc61dfb", "code":200, "text":"request terminated"}
{"ts":"2021-03-12T14:49:15.898606", "source":"beta", "id":"1ad3f1fb-0d08-43be-8a14-ccb1ed9ca77b", "code":200, "text":"request terminated"}
{"ts":"2021-03-12T14:51:28.304088", "source":"beta", "id":"44f7a733-4cb3-450d-963c-2efc49d13bad", "code":200, "text":"call to gamma"}
{"ts":"2021-03-12T14:56:31.438855", "source":"beta", "id":"795d0382-5e79-4e7c-a69c-62f30e716c37", "code":200, "text":"call to gamma"}
{"ts":"2021-03-12T14:59:10.117010", "source":"beta", "id":"09877d43-7eee-4e72-91fb-e51c9da6c286", "code":200, "text":"request terminated"}
{"ts":"2021-03-12T15:00:12.762936", "source":"beta", "id":"37b9f76c-5ddc-46b6-a2d9-ab12faa07f6b", "code":500, "text":"call to epsilon"}
{"ts":"2021-03-12T15:02:17.425811", "source":"beta", "id":"2ed667b6-98a1-4803-8c41-27faff0a7afb", "code":200, "text":"call to delta"}
{"ts":"2021-03-12T15:02:55.208141", "source":"beta", "id":"54b1bf20-62e8-41f2-8337-68320fb003c8", "code":200, "text":"request terminated"}
{"ts":"2021-03-12T15:03:53.651549", "source":"beta", "id":"76894f36-d34d-4489-b1e8-a8b8172f435f", "code":200, "text":"call to gamma"}
{"ts":"2021-03-12T15:04:30.796427", "source":"beta", "id":"9c7f0bde-10e7-4e0c-b84a-82c12bd7b488", "code":200, "text":"request terminated"}
{"ts":"2021-03-12T15:12:21.226076", "source":"beta", "id":"a2feba5b-e802-48a1-ae6e-b85054cd821d", "code":200, "text":"call to delta"}
{"ts":"2021-03-12T15:14:04.615885", "source":"beta", "id":"67839a8e-38aa-482e-9792-b4fd32590dee", "code":200, "text":"request terminated"}
{"ts":"2021-03-12T15:14:06.994267", "source":"beta", "id":"9105db3d-583b-4f2d-a96e-238ced85a0f4", "code":200, "text":"call to delta"}
{"ts":"2021-03-12T15:14:50.472288", "source":"beta", "id":"a9e8cb85-00eb-448a-977f-4d91d6932d6c", "code":200, "text":"call to delta"}
{"ts":"2021-03-12T15:15:43.219098", "source":"beta", "id":"8bddda99-1627-4d7c-bff7-80ca6b753523", "code":200, "text":"request terminated"}
{"ts":"2021-03-12T15:17:58.603590", "source":"beta", "id":"e156727d-ad86-484f-a3a3-25f25a3e6e31", "code":200, "text":"request terminated"}
{"ts":"2021-03-12T15:17:58.614115", "source":"beta", "id":"d48587a9-d42b-4b21-9987-b43f812c16cb", "code":200, "text":"call to gamma"}
{"ts":"2021-03-12T15:18:18.247197", "source":"beta", "id":"e18d8729-b9a5-4c9a-928d-279db93ba220", "code":500, "text":"call to epsilon"}
{"ts":"2021-03-12T15:18:23.764926", "source":"beta", "id":"36201f67-ad43-4a63-b8f1-3c6819db56e8", "code":200, "text":"call to gamma"}
{"ts":"2021-03-12T15:19:32.134094", "source":"beta", "id":"140390e3-0e85-4786-81de-3ecfb8aefe0a", "code":200, "text":"call to delta"}
{"ts":"2021-03-12T15:19:58.722594", "source":"beta", "id":"f25b0099-1f1c-4473-8ffb-2aee0abfeede", "code":200, "text":"request terminated"}
{"ts":"2021-03-12T15:21:01.773146", "source":"beta", "id":"35ed5f91-1603-4141-8634-3f481ef4150d", "code":200, "text":"request terminated"}
{"ts":"2021-03-12T15:21:37.310656", "source":"beta", "id":"6ece6dc6-ba44-41df-8318-25ee524c823b", "code":500, "text":"call to epsilon"}
{"ts":"2021-03-12T15:22:15.119202", "source":"beta", "id":"468ae365-3174-4841-90f7-566950b9c20b", "code":200, "text":"call to delta"}
{"ts":"2021-03-12T15:23:15.067038", "source":"beta", "id":"3563f8bf-9d09-49d7-9f78-0aa905e29c3d", "code":200, "text":"call to gamma"}
{"ts":"2021-03-12T15:24:08.028640", "source":"beta", "id":"3a3ec79a-8e7a-4cde-a2c5-47c71cbe65b3", "code":200, "text":"request terminated"}
{"ts":"2021-03-12T15:24:38.916200", "source":"beta", "id":"fdbbddea-6f51-43f2-b082-53285202f47a", "code":200, "text":"request terminated"}
{"ts":"2021-03-12T15:25:57.900101", "source":"beta", "id":"e87b61fe-470e-45b2-ab66-ebe125ece73e", "code":500, "text":"call to epsilon"}
{"ts":"2021-03-12T15:25:59.103954", "source":"beta", "id":"4218ff0e-9020-4aae-a9bd-598fa59c414d", "code":200, "text":"request terminated"}
{"ts":"2021-03-12T15:27:03.098018", "source":"beta", "id":"cf8381fe-618c-421d-a829-6c2ae688b530", "code":200, "text":"request terminated"}
{"ts":"2021-03-12T15:27:04.446133", "source":"beta", "id":"6535974e-48ef-4d8d-b60c-037a23facbeb", "code":200, "text":"request terminated"}
{"ts":"2021-03-12T15:29:31.496938", "source":"beta", "id":"64836c64-5107-433b-8bb4-c695b48f1fc4", "code":200, "text":"request terminated"}
{"ts":"2021-03-12T15:29:31.536698", "source":"beta", "id":"edae0635-5815-4f72-bbfb-54f788778fd8", "code":200, "text":"request terminated"}
{"ts":"2021-03-12T15:29:56.868106", "source":"beta", "id":"f458b598-01e8-4e11-bbbf-fff99d07b28e", "code":200, "text":"request terminated"}
{"ts":"2021-03-12T15:30:24.388160", "source":"beta", "id":"3845fe08-a7f3-4982-823f-81e1b8d88103", "code":200, "text":"call to gamma"}
{"ts":"2021-03-12T15:30:30.914103", "source":"beta", "id":"994ba5d8-5de2-4591-b12d-d39e3e145c53", "code":200, "text":"call to delta"}
{"ts":"2021-03-12T15:30:57.513195", "source":"beta", "id":"8a468c97-ae8a-408a-8dd1-d412488370cc", "code":200, "text":"request terminated"}
{"ts":"2021-03-12T15:33:21.666517", "source":"beta", "id":"6ad5477d-a46f-4821-b818-523d43df31b0", "code":500, "text":"call to delta"}
{"ts":"2021-03-12T15:34:08.975013", "source":"beta", "id":"75dbc776-8406-4bff-858c-60b598692253", "code":200, "text":"request terminated"}
{"ts":"2021-03-12T15:34:23.994437", "source":"beta", "id":"432764aa-4de1-45ea-a392-0bb2d102868a", "code":200, "text":"request terminated"}
{"ts":"2021-03-12T15:35:17.259856", "source":"beta", "id":"67d81e08-bb85-4d26-99ab-f8f946a4c30c", "code":500, "text":"call to epsilon"}
{"ts":"2021-03-12T15:36:00.066793", "source":"beta", "id":"a4b6eed9-c271-494a-9dfa-933dd357ce33", "code":200, "text":"request terminated"}
{"ts":"2021-03-12T15:36:04.562938", "source":"beta", "id":"9c402bbb-8ffc-414b-bb00-cd0dcb7c6ecd", "code":200, "text":"request terminated"}
{"ts":"2021-03-12T15:36:33.921517", "source":"beta", "id":"1439d468-299b-4265-be4c-4003794afc0f", "code":500, "text":"call to epsilon"}
{"ts":"2021-03-12T15:38:32.866806", "source":"beta", "id":"b3b8534e-488f-452c-88dd-6a947694a62a", "code":200, "text":"request terminated"}
{"ts":"2021-03-12T15:39:27.039854", "source":"beta", "id":"0445f135-eb6d-4ec3-b10a-426ccfd6d70e", "code":200, "text":"call to delta"}
{"ts":"2021-03-12T15:39:41.937651", "source":"beta", "id":"a298f853-d803-4318-9a78-ab54519ae6d8", "code":500, "text":"call to delta"}
{"ts":"2021-03-12T15:40:20.502046", "source":"beta", "id":"fa59ac16-dd07-4afe-8218-c5710f46aecf", "code":500, "text":"call to epsilon"}
{"ts":"2021-03-12T15:40:45.006349", "source":"beta", "id":"80b2ac61-9c0f-4ac6-8243-bb1cb8ef35dc", "code":200, "text":"request terminated"}
{"ts":"2021-03-12T15:41:53.178825", "source":"beta", "id":"4667716a-0e4f-4bdd-9658-4d67e5098a90", "code":200, "text":"request terminated"}
{"ts":"2021-03-12T15:41:54.009357", "source":"beta", "id":"4dbae484-62ce-4b0d-854c-b8230c205d77", "code":200, "text":"request terminated"}
{"ts":"2021-03-12T15:42:15.036140", "source":"beta", "id":"7d7b866d-6d9c-4fc4-aafc-0f950d6913fb", "code":200, "text":"call to gamma"}
{"ts":"2021-03-12T15:42:33.886718", "source":"beta", "id":"2c1a3586-44a4-4e25-915d-2eecb289a6ab", "code":200, "text":"call to gamma"}
{"ts":"2021-03-12T15:43:58.608355", "source":"beta", "id":"7a8cee4f-ab74-4fdd-8f95-e95f3e62b29e", "code":500, "text":"call to epsilon"}
{"ts":"2021-03-12T15:44:30.442704", "source":"beta", "id":"6f9e1617-d419-499d-bb62-5a68dcab7b39", "code":200, "text":"call to gamma"}
{"ts":"2021-03-12T15:44:50.223331", "source":"beta", "id":"cc8b62db-143b-4edb-8bb8-58fe3859f865", "code":200, "text":"call to gamma"}
{"ts":"2021-03-12T15:45:03.800123", "source":"beta", "id":"366bcde1-e3a8-4c1e-9906-335b98ce7f1d", "code":200, "text":"request terminated"}
{"ts":"2021-03-12T15:45:41.269686", "source":"beta", "id":"324a6267-70ae-40e8-bff6-288f1a16441e", "code":500, "text":"call to epsilon"}
{"ts":"2021-03-12T15:49:05.809040", "source":"beta", "id":"899c538e-7371-40bb-b59c-09a1ee3fda78", "code":200, "text":"call to delta"}
{"ts":"2021-03-12T15:49:42.597605", "source":"beta", "id":"4129cc39-d411-40d6-9ce8-c7fb7ae1b76d", "code":200, "text":"call to delta"}
{"ts":"2021-03-12T15:52:28.929701", "source":"beta", "id":"b40f6de0-9121-48cd-9d92-b05ebc8b05c1", "code":500, "text":"call to epsilon"}
{"ts":"2021-03-12T15:52:40.548643", "source":"beta", "id":"7c4a8e9c-a430-4eaf-aea3-b5d01c6cbf27", "code":200, "text":"request terminated"}
{"ts":"2021-03-12T15:53:10.676032", "source":"beta", "id":"32d546e4-5274-4de9-a716-f8552d0029b0", "code":200, "text":"call to gamma"}
{"ts":"2021-03-12T15:54:00.966546", "source":"beta", "id":"5b747380-d313-4446-b228-5d928151f03f", "code":200, "text":"request terminated"}
{"ts":"2021-03-12T15:54:48.268956", "source":"beta", "id":"88f3b8a0-704e-4dcd-b9e1-d2369249108e", "code":200, "text":"request terminated"}
{"ts":"2021-03-12T15:54:54.418644", "source":"beta", "id":"e8ee4efd-40db-4f0d-8e95-36cc7a5d2161", "code":200, "text":"call to gamma"}
{"ts":"2021-03-12T15:55:29.702577", "source":"beta", "id":"37e78728-81f3-44c7-902d-a73659d52caf", "code":200, "text":"request terminated"}
{"ts":"2021-03-12T15:55:39.143617", "source":"beta", "id":"e8c82a53-4022-4385-8217-32c9f53fc247", "code":200, "text":"request terminated"}
{"ts":"2021-03-12T15:56:06.496689", "source":"beta", "id":"0c590fa7-d04e-4965-ad07-0b5794a0731b", "code":500, "text":"call to delta"}
{"ts":"2021-03-12T15:57:29.546543", "source":"beta", "id":"6acd43dc-f3ba-462c-87a2-b884449b4885", "code":500, "text":"call to epsilon"}
{"ts":"2021-03-12T15:57:32.039021", "source":"beta", "id":"675831f5-5210-42a2-bb77-f5d24d97339f", "code":500, "text":"call to delta"}
{"ts":"2021-03-12T15:59:55.762874", "source":"beta", "id":"53c50a6d-9a7b-49bf-98f4-2b32987d4fb6", "code":200, "text":"request terminated"}
{"ts":"2021-03-12T16:00:31.436499", "source":"beta", "id":"0a4e79f0-3296-4d0d-bdab-313e3640bc8e", "code":200, "text":"call to delta"}
{"ts":"2021-03-12T16:01:04.545461", "source":"beta", "id":"630d6461-e096-4fd8-a089-263c2e1cb598", "code":200, "text":"call to delta"}
{"ts":"2021-03-12T16:03:49.869122", "source":"beta", "id":"6dd33f5d-5497-4c52-9162-7981e677729e", "code":200, "text":"call to gamma"}
{"ts":"2021-03-12T16:04:04.327461", "source":"beta", "id":"0c5e7b56-e149-47fe-850d-e4283e993819", "code":200, "text":"request terminated"}
{"ts":"2021-03-12T16:04:50.110277", "source":"beta", "id":"4e5f1027-5ef3-4d75-92d9-5a5846bfb6cf", "code":200, "text":"request terminated"}
{"ts":"2021-03-12T16:05:13.090930", "source":"beta", "id":"eff6d055-86fd-477c-b4ab-5bb0447f6398", "code":200, "text":"call to gamma"}
{"ts":"2021-03-12T16:07:56.245393", "source":"beta", "id":"dc2ea8e1-18c4-4a8f-b57c-04c975b9cbd3", "code":200, "text":"call to gamma"}
{"ts":"2021-03-12T16:09:14.757493", "source":"beta", "id":"0832dac4-62e0-4323-8bbc-07b031d31631", "code":500, "text":"call to epsilon"}
{"ts":"2021-03-12T16:10:17.955972", "source":"beta", "id":"dfb437a7-4bf2-48f1-bc77-06cd76a18bca", "code":200, "text":"call to delta"}
{"ts":"2021-03-12T16:14:52.776393", "source":"beta", "id":"3be43c49-d1f3-41d1-8b02-b898612abf37", "code":500, "text":"call to epsilon"}
{"ts":"2021-03-12T16:15:20.067310", "source":"beta", "id":"51211b57-a3eb-456c-873c-37d55da833c0", "code":200, "text":"request terminated"}
{"ts":"2021-03-12T16:15:24.027253", "source":"beta", "id":"a2a404fa-464d-4a5f-8318-8f8af327a1ad", "code":200, "text":"request terminated"}
{"ts":"2021-03-12T16:16:27.824113", "source":"beta", "id":"369daec1-717e-453d-909a-d7f24ad26ddf", "code":200, "text":"request terminated"}
{"ts":"2021-03-12T16:17:52.215131", "source":"beta", "id":"33322d5a-e6e8-46f6-a0ab-f52f67733d99", "code":200, "text":"call to delta"}
{"ts":"2021-03-12T16:17:54.377750", "source":"beta", "id":"89b6b28b-d71e-410e-90ca-2beb70090c36", "code":500, "text":"call to epsilon"}
{"ts":"2021-03-12T16:19:18.212417", "source":"beta", "id":"ec60e817-bb13-492d-a904-3927b4a6a6a7", "code":200, "text":"request terminated"}
{"ts":"2021-03-12T16:19:23.295066", "source":"beta", "id":"d47b7402-5c9b-4bc1-9c77-925bfa41ed5a", "code":200, "text":"request terminated"}
{"ts":"2021-03-12T16:23:23.700156", "source":"beta", "id":"14ec0b09-0424-4047-ad25-02edde9083d4", "code":200, "text":"call to delta"}
{"ts":"2021-03-12T16:27:00.998341", "source":"beta", "id":"adb0155c-08cf-45e7-91e9-d5b76cda6df4", "code":500, "text":"call to gamma"}
{"ts":"2021-03-12T16:30:36.459265", "source":"beta", "id":"ced72eb2-3708-4112-9b50-6eba35b9e12a", "code":500, "text":"call to gamma"}
{"ts":"2021-03-12T16:30:47.603053", "source":"beta", "id":"af9c3464-1f98-492c-9bbd-ab64d8c6cab6", "code":200, "text":"call to gamma"}
{"ts":"2021-03-12T16:34:38.994842", "source":"beta", "id":"c795c792-698d-43f9-baaf-f0b806252ac3", "code":200, "text":"call to gamma"}
{"ts":"2021-03-12T16:36:45.210699", "source":"beta", "id":"bc447e28-3417-4b60-b8ac-e00140eeadac", "code":200, "text":"request terminated"}
{"ts":"2021-03-12T16:37:11.488654", "source":"beta", "id":"f0a49900-a9ee-4c3e-9ef7-d4a13057f74d", "code":200, "text":"request terminated"}
{"ts":"2021-03-12T16:40:17.610782", "source":"beta", "id":"47674fc7-62b0-4b6a-9cd7-11b89c4daa03", "code":500, "text":"call to epsilon"}
{"ts":"2021-03-12T16:41:56.646599", "source":"beta", "id":"c2676e5e-5a9e-4dc6-b4e2-6d1964b374bc", "code":500, "text":"call to epsilon"}
{"ts":"2021-03-12T16:43:28.773034", "source":"beta", "id":"4dd6813f-e245-4289-bb82-73992ec2cb1d", "code":200, "text":"call to delta"}
{"ts":"2021-03-12T16:43:53.024087", "source":"beta", "id":"793745d3-d193-407a-8d94-3103f71e7180", "code":200, "text":"call to delta"}
{"ts":"2021-03-12T16:46:54.174690", "source":"beta", "id":"73776dec-981e-4aee-aef0-8787472ce0c3", "code":200, "text":"request terminated"}
{"ts":"2021-03-12T16:47:33.874590", "source":"beta", "id":"b9eef394-dcf2-46b7-b2c2-5d789a0cb682", "code":200, "text":"request terminated"}
{"ts":"2021-03-12T16:48:10.300918", "source":"beta", "id":"dc42c2b0-3dbd-4204-aeae-8a9ece0e871a", "code":500, "text":"call to epsilon"}
{"ts":"2021-03-12T16:48:40.195677", "source":"beta", "id":"7eb9a438-5d6c-41b4-bbc3-d8c92c82bdc5", "code":500, "text":"call to epsilon"}
{"ts":"2021-03-12T16:50:28.993558", "source":"beta", "id":"5d2739ef-9c05-4936-ab52-99f8f6f263ee", "code":500, "text":"call to epsilon"}
{"ts":"2021-03-12T16:52:09.997842", "source":"beta", "id":"629fd12d-fd3d-41f2-ad3d-7d8a7289c82c", "code":200, "text":"call to delta"}
{"ts":"2021-03-12T16:53:18.375853", "source":"beta", "id":"a41e2694-d252-417a-a5b4-11da8304252d", "code":200, "text":"request terminated"}
{"ts":"2021-03-12T16:56:46.938058", "source":"beta", "id":"2e7daa9e-e14b-428a-a7f4-a563e00f0347", "code":200, "text":"call to gamma"}
{"ts":"2021-03-12T16:58:25.261763", "source":"beta", "id":"eea79c36-65eb-43df-b237-141c1625bdd9", "code":200, "text":"call to delta"}
{"ts":"2021-03-12T16:58:27.037723", "source":"beta", "id":"d00babbc-c3e6-4feb-890c-4c910188d04e", "code":200, "text":"request terminated"}
{"ts":"2021-03-12T16:58:35.422711", "source":"beta", "id":"cdfc6d69-3b1e-4d57-a1e6-d2dcd3c606af", "code":200, "text":"request terminated"}
{"ts":"2021-03-12T17:00:17.213089", "source":"beta", "id":"eebffd04-7c84-4fc1-9ef6-2068da32f59f", "code":500, "text":"call to epsilon"}
{"ts":"2021-03-12T17:01:33.419306", "source":"beta", "id":"7701ac3d-0e8f-4b93-94c0-ce52a0e0dd52", "code":200, "text":"call to gamma"}
{"ts":"2021-03-12T17:01:46.058888", "source":"beta", "id":"43a7aa99-92f4-4cfb-9252-a53b2b649ed0", "code":500, "text":"call to gamma"}
{"ts":"2021-03-12T17:02:10.423327", "source":"beta", "id":"03eb0ce0-9169-4c99-8cda-d1712419d8f8", "code":200, "text":"request terminated"}
{"ts":"2021-03-12T17:03:30.263753", "source":"beta", "id":"5cc8edf5-bbc4-4fe7-9b8a-0712f3711491", "code":200, "text":"call to gamma"}
{"ts":"2021-03-12T17:07:48.680108", "source":"beta", "id":"6e3c7005-62f4-466b-933e-19d646020665", "code":500, "text":"call to epsilon"}
{"ts":"2021-03-12T17:08:31.675121", "source":"beta", "id":"5e727818-3b56-4ced-90d1-bc4122498c18", "code":200, "text":"call to delta"}
{"ts":"2021-03-12T17:08:57.416343", "source":"beta", "id":"ed552a8d-392a-4195-a20e-93bbaba3ad7e", "code":500, "text":"call to delta"}
{"ts":"2021-03-12T17:10:14.229355", "source":"beta", "id":"d745bc82-b107-4cb6-bd40-03f68ac9316e", "code":200, "text":"call to gamma"}
{"ts":"2021-03-12T17:10:25.938602", "source":"beta", "id":"e42ba021-204a-4715-b960-968086e3f897", "code":200, "text":"request terminated"}
{"ts":"2021-03-12T17:13:06.207280", "source":"beta", "id":"f195232e-814c-4db5-94f5-81eaabd650ed", "code":200, "text":"request terminated"}
{"ts":"2021-03-12T17:15:25.142833", "source":"beta", "id":"721d46ea-d4ff-42f5-bd0a-be7f036e2cc3", "code":200, "text":"call to delta"}
{"ts":"2021-03-12T17:20:27.263630", "source":"beta", "id":"f7c84c9b-d865-454d-be3d-af9aed6507ca", "code":200, "text":"request terminated"}
{"ts":"2021-03-12T17:28:17.122425", "source":"beta", "id":"2ac3baf8-5da4-4cfd-997d-e75a31867005", "code":200, "text":"request terminated"}
{"ts":"2021-03-12T17:32:41.775891", "source":"beta", "id":"60275515-9514-4bd0-9766-cba3f155c2dc", "code":200, "text":"request terminated"}
{"ts":"2021-03-12T17:34:32.336188", "source":"beta", "id":"aedbfb51-2b8f-48d5-b8e0-488bce7e5751", "code":200, "text":"request terminated"}
{"ts":"2021-03-12T17:37:18.140286", "source":"beta", "id":"8f6185f1-f141-4e15-ac4a-847aad16ac58", "code":200, "text":"request terminated"}
{"ts":"2021-03-12T17:38:41.750693", "source":"beta", "id":"6f29106a-f190-4e7f-a46c-b7b6943c7ff8", "code":200, "text":"request terminated"}
{"ts":"2021-03-12T17:38:43.943932", "source":"beta", "id":"fb1df007-5637-476a-99dd-c4c1f76415cd", "code":200, "text":"call to delta"}
{"ts":"2021-03-12T17:40:13.866286", "source":"beta", "id":"f31e1fc9-2097-40b9-8508-a89cd3917df6", "code":200, "text":"call to delta"}
{"ts":"2021-03-12T17:41:23.333104", "source":"beta", "id":"a57f741d-e2b0-4d9c-b466-da394c44f45b", "code":200, "text":"call to gamma"}
{"ts":"2021-03-12T17:41:23.771989", "source":"beta", "id":"002bfc1a-f6a8-461b-8e0c-c5ced37fc552", "code":500, "text":"call to delta"}
{"ts":"2021-03-12T17:43:28.473289", "source":"beta", "id":"9cddd0b6-7369-43a9-be63-ec55ea7b5cd1", "code":500, "text":"call to epsilon"}
{"ts":"2021-03-12T17:43:31.262364", "source":"beta", "id":"7c5ed13d-f3c4-439d-8746-98754f42bf14", "code":200, "text":"call to delta"}
{"ts":"2021-03-12T17:46:03.170424", "source":"beta", "id":"e365e668-6de9-4d90-b48a-c1dd2232b62b", "code":200, "text":"call to gamma"}
{"ts":"2021-03-12T17:46:03.378302", "source":"beta", "id":"6e7a5d53-38ad-499d-9896-1737bf31fa69", "code":200, "text":"call to gamma"}
{"ts":"2021-03-12T17:48:07.244583", "source":"beta", "id":"6026465d-276a-4d73-9232-253aa8bc0ad5", "code":200, "text":"call to gamma"}
{"ts":"2021-03-12T17:48:32.165353", "source":"beta", "id":"d889bf38-c3e4-4e90-9afc-96f810278455", "code":200, "text":"request terminated"}
{"ts":"2021-03-12T17:49:41.161280", "source":"beta", "id":"9af02ad7-6bb5-42d6-8d89-840624b654d0", "code":500, "text":"call to delta"}
{"ts":"2021-03-12T17:51:09.366523", "source":"beta", "id":"22200755-31a0-4920-a36a-5770e57cd671", "code":200, "text":"call to delta"}
{"ts":"2021-03-12T17:52:27.371700", "source":"beta", "id":"1afe7dc3-525b-47f4-b5bb-dc9c5a5c4a4e", "code":200, "text":"request terminated"}
{"ts":"2021-03-12T17:53:04.862897", "source":"beta", "id":"51d9146a-fbb7-40ad-aaa2-9a46e2b1286f", "code":200, "text":"call to delta"}
{"ts":"2021-03-12T17:55:22.381521", "source":"beta", "id":"a59cdfaa-c6ab-4abf-bc57-b30619740db0", "code":200, "text":"request terminated"}
{"ts":"2021-03-12T17:56:47.528962", "source":"beta", "id":"ca02806b-8910-4ea0-909d-2254f946ba93", "code":200, "text":"call to delta"}
{"ts":"2021-03-12T17:57:08.249577", "source":"beta", "id":"898c02f1-702f-45be-b3eb-8c3682d4e5cb", "code":200, "text":"call to delta"}
{"ts":"2021-03-12T17:58:57.355191", "source":"beta", "id":"283ab47b-deaa-467a-99be-406817a05e02", "code":200, "text":"request terminated"}
{"ts":"2021-03-12T18:02:44.791899", "source":"beta", "id":"8007c35a-ca60-4e6c-af9f-35a198d70d83", "code":200, "text":"request terminated"}
{"ts":"2021-03-12T18:04:05.224589", "source":"beta", "id":"6f845b3d-592c-4588-87cb-290cdb057c8f", "code":500, "text":"call to delta"}
{"ts":"2021-03-12T18:06:29.745589", "source":"beta", "id":"f38c89f1-d833-4db6-aa6c-5970449ef176", "code":200, "text":"request terminated"}
{"ts":"2021-03-12T18:07:57.366839", "source":"beta", "id":"07ae66c9-dda3-48a3-a936-e8771070bc62", "code":200, "text":"call to delta"}
{"ts":"2021-03-12T18:11:06.170325", "source":"beta", "id":"202b61b1-2327-4c2e-acee-9a07bccee13f", "code":200, "text":"request terminated"}
{"ts":"2021-03-12T18:12:17.371279", "source":"beta", "id":"510cf904-680e-4b8c-ac33-93650004089d", "code":200, "text":"call to delta"}
{"ts":"2021-03-12T18:12:24.158827", "source":"beta", "id":"cf37c72f-bf7b-4151-9ed7-d7aa5c02cbee", "code":200, "text":"request terminated"}
{"ts":"2021-03-12T18:15:30.042419", "source":"beta", "id":"d796c25d-a90e-45b2-8bfc-a0c541fe6798", "code":200, "text":"call to gamma"}
{"ts":"2021-03-12T18:20:38.370819", "source":"beta", "id":"ec1687f7-59f9-47cf-93ee-016307a549d6", "code":200, "text":"call to gamma"}
{"ts":"2021-03-12T18:21:19.742941", "source":"beta", "id":"4cc0f962-b49a-4d97-9ca4-a2e3fe815808", "code":200, "text":"request terminated"}
{"ts":"2021-03-12T18:27:29.764456", "source":"beta", "id":"f84fd4d0-4493-4e8a-bbd8-d7a645eea350", "code":500, "text":"call to epsilon"}
{"ts":"2021-03-12T18:28:03.134028", "source":"beta", "id":"46e0b839-fe90-44ba-9259-049a5e803c62", "code":200, "text":"call to gamma"}
{"ts":"2021-03-12T18:29:03.067395", "source":"beta", "id":"14519475-ba42-4bb4-ac67-15c8a995c4fc", "code":200, "text":"request terminated"}
{"ts":"2021-03-12T18:29:11.912564", "source":"beta", "id":"3b0fc00b-8d96-4ea0-af22-ad1a10e6130d", "code":200, "text":"call to gamma"}
{"ts":"2021-03-12T18:29:16.943639", "source":"beta", "id":"c23c8d13-fee4-4cb5-9c0c-99a1d148262b", "code":200, "text":"request terminated"}
{"ts":"2021-03-12T18:29:49.951287", "source":"beta", "id":"c66a3b81-92ff-4ad4-9dc9-fc85e49c97a6", "code":500, "text":"call to gamma"}
{"ts":"2021-03-12T18:30:32.418513", "source":"beta", "id":"2c015ac9-38f1-403e-bd13-80b010fa8a3b", "code":200, "text":"request terminated"}
{"ts":"2021-03-12T18:30:51.371227", "source":"beta", "id":"7b9f3f1c-5992-4c40-9464-9ce8026c9ce9", "code":500, "text":"call to delta"}
{"ts":"2021-03-12T18:32:35.372735", "source":"beta", "id":"5bc90f46-9d0b-4284-bb42-e3c364b788b5", "code":500, "text":"call to epsilon"}
{"ts":"2021-03-12T18:36:13.992487", "source":"beta", "id":"26d1a80b-e2d8-4bcb-8f1f-05c56f452e8c", "code":200, "text":"request terminated"}
{"ts":"2021-03-12T18:40:30.655226", "source":"beta", "id":"7a7de38b-ec6c-4e3a-b0fd-240d71f3bdb6", "code":200, "text":"request terminated"}
{"ts":"2021-03-12T18:40:56.919477", "source":"beta", "id":"1fc772ec-2d3d-42a9-b11d-c438bc102e08", "code":200, "text":"request terminated"}
{"ts":"2021-03-12T18:48:29.547156", "source":"beta", "id":"2cfb9250-2121-4134-8c6f-cdbcc0757fbf", "code":200, "text":"request terminated"}
{"ts":"2021-03-12T18:51:14.370214", "source":"beta", "id":"91d692d5-6b02-4b98-8540-73d587816864", "code":200, "text":"call to delta"}
{"ts":"2021-03-12T18:51:20.716620", "source":"beta", "id":"3e4f4ca6-349c-4517-b6a4-69641c5d493d", "code":200, "text":"request terminated"}
{"ts":"2021-03-12T18:54:41.538153", "source":"beta", "id":"89f738ae-6ffb-49e1-973c-ca5da32f0a41", "code":200, "text":"request terminated"}
{"ts":"2021-03-12T18:55:04.474154", "source":"beta", "id":"15ffb571-d951-4f70-a0d9-8509b37370f7", "code":200, "text":"request terminated"}
{"ts":"2021-03-12T18:55:08.032283", "source":"beta", "id":"8ce997fa-b9da-40ef-859c-055a1c8aebed", "code":200, "text":"request terminated"}
{"ts":"2021-03-12T18:58:10.266880", "source":"beta", "id":"2a7dd688-af24-48a0-8381-869db0fb1316", "code":200, "text":"request terminated"}
{"ts":"2021-03-12T19:00:59.033557", "source":"beta", "id":"72aeece9-335f-484a-8593-661da2a16ad8", "code":200, "text":"request terminated"}
{"ts":"2021-03-12T19:01:45.979757", "source":"beta", "id":"68bf28af-593c-44f3-a362-f8082ca43f7f", "code":200, "text":"call to delta"}
{"ts":"2021-03-12T19:02:12.237406", "source":"beta", "id":"8c1e72c6-2868-4a60-80cf-3616aea701d4", "code":200, "text":"request terminated"}
{"ts":"2021-03-12T19:02:38.627227", "source":"beta", "id":"7d5a4dad-39e8-4f78-b91d-52796485b33f", "code":500, "text":"call to epsilon"}
{"ts":"2021-03-12T19:02:44.795194", "source":"beta", "id":"9a366299-ce56-4d20-9a85-bcc8bc9214d3", "code":200, "text":"call to gamma"}
{"ts":"2021-03-12T19:03:23.469529", "source":"beta", "id":"b09180c6-2d5b-4b03-ad3e-919e281d6e03", "code":200, "text":"request terminated"}
{"ts":"2021-03-12T19:03:46.950032", "source":"beta", "id":"ebc44cbe-39ba-4a77-b1a0-107cb091d50f", "code":200, "text":"request terminated"}
{"ts":"2021-03-12T19:03:58.050440", "source":"beta", "id":"65f9fd9b-fbdf-4f8f-872f-b2adcc56265e", "code":200, "text":"request terminated"}
{"ts":"2021-03-12T19:14:02.083258", "source":"beta", "id":"3fb2380f-ef2b-4dd4-9283-b72550f7915b", "code":200, "text":"call to delta"}
{"ts":"2021-03-12T19:14:55.318382", "source":"beta", "id":"6dfabf9d-fc4b-4913-a96d-6676c35678ae", "code":200, "text":"request terminated"}
{"ts":"2021-03-12T19:15:12.652631", "source":"beta", "id":"c9e88895-9d86-43b8-a4a4-8143592584aa", "code":200, "text":"request terminated"}
{"ts":"2021-03-12T19:15:20.443730", "source":"beta", "id":"199a0b50-9b06-4307-96a2-84b2c85846f5", "code":200, "text":"request terminated"}
{"ts":"2021-03-12T19:16:26.790251", "source":"beta", "id":"6f6bc359-34f6-42f5-b39d-5b6a4b325dcb", "code":200, "text":"call to delta"}
{"ts":"2021-03-12T19:20:22.780016", "source":"beta", "id":"adc74799-5cd8-4729-91b0-57c669c9ed3f", "code":200, "text":"call to delta"}
{"ts":"2021-03-12T19:22:40.839586", "source":"beta", "id":"c7e04e63-7adf-4e36-a5d2-67d7c87b38d7", "code":500, "text":"call to epsilon"}
{"ts":"2021-03-12T19:22:47.643792", "source":"beta", "id":"f882441e-477c-4e7a-889d-5e2dc78e6d0d", "code":500, "text":"call to epsilon"}
{"ts":"2021-03-12T19:23:18.240431", "source":"beta", "id":"bd040e4e-b4f0-4248-a84e-d2d36f791c7e", "code":200, "text":"call to delta"}
{"ts":"2021-03-12T19:27:29.902009", "source":"beta", "id":"58ae46af-a030-4a7d-8aae-62868419e835", "code":200, "text":"call to delta"}
{"ts":"2021-03-12T19:27:38.154212", "source":"beta", "id":"3c298971-49fe-4710-92de-48bac1606a7a", "code":200, "text":"call to gamma"}
{"ts":"2021-03-12T19:30:52.241624", "source":"beta", "id":"7c25125a-42d7-409a-a9bb-515d13b386fb", "code":200, "text":"request terminated"}
{"ts":"2021-03-12T19:31:29.302332", "source":"beta", "id":"2e2a608f-52d1-45e2-83a0-7945dfece269", "code":500, "text":"call to epsilon"}
{"ts":"2021-03-12T19:32:18.210913", "source":"beta", "id":"645275c4-0f3a-4fb3-aeca-e5666af3bba4", "code":200, "text":"request terminated"}
{"ts":"2021-03-12T19:33:53.934063", "source":"beta", "id":"8ab4a783-051b-4ce3-813c-52e05379a670", "code":200, "text":"request terminated"}
{"ts":"2021-03-12T19:35:08.344319", "source":"beta", "id":"14fee8e5-d6d4-4e4a-9307-17843e3e3960", "code":200, "text":"call to delta"}
{"ts":"2021-03-12T19:35:38.209779", "source":"beta", "id":"627f1d79-5c67-4951-97dd-7b24630e0f34", "code":200, "text":"call to gamma"}
{"ts":"2021-03-12T19:37:30.182059", "source":"beta", "id":"188b1799-36bb-4d43-b787-280b22b6854d", "code":200, "text":"request terminated"}
{"ts":"2021-03-12T19:38:14.940086", "source":"beta", "id":"5410f190-d4ab-40cd-9b03-5e08d46aca6f", "code":200, "text":"request terminated"}
{"ts":"2021-03-12T19:41:29.083598", "source":"beta", "id":"d0de86a7-9d1e-45c0-8fde-e4512603de9c", "code":200, "text":"call to gamma"}
{"ts":"2021-03-12T19:43:03.680924", "source":"beta", "id":"e4ef900e-a508-48b5-ad4c-6c087194497f", "code":200, "text":"call to delta"}
{"ts":"2021-03-12T19:43:24.997684", "source":"beta", "id":"af64f887-bb1f-40cc-b59f-1397de3d2f19", "code":200, "text":"call to delta"}
{"ts":"2021-03-12T19:46:25.911904", "source":"beta", "id":"7365c3f5-14a5-40a6-8c4e-47839fda669e", "code":200, "text":"call to delta"}
{"ts":"2021-03-12T19:50:21.047704", "source":"beta", "id":"fdb917b1-bba2-4319-a6a1-002799c37c87", "code":200, "text":"call to gamma"}
{"ts":"2021-03-12T19:50:51.191656", "source":"beta", "id":"2ec66e20-4fca-4932-b56b-7abd97008472", "code":200, "text":"request terminated"}
{"ts":"2021-03-12T19:54:06.695156", "source":"beta", "id":"a2e787ba-dc38-43ff-b5e5-c87a8b737f8b", "code":200, "text":"request terminated"}
{"ts":"2021-03-12T19:57:01.098213", "source":"beta", "id":"ff3dde09-8440-4f56-bc2b-b229fa1744e2", "code":200, "text":"request terminated"}
{"ts":"2021-03-12T19:57:54.122173", "source":"beta", "id":"727c74d1-49d0-46e3-a0e2-44cd71821652", "code":500, "text":"call to delta"}
{"ts":"2021-03-12T19:58:12.110194", "source":"beta", "id":"ae39a1c2-3e97-485a-8ae1-3cb6812deb11", "code":500, "text":"call to delta"}
{"ts":"2021-03-12T19:59:09.467759", "source":"beta", "id":"b44754ae-c084-414e-8ca5-ab4f7ec635a6", "code":500, "text":"call to delta"}
{"ts":"2021-03-12T20:01:47.050227", "source":"beta", "id":"3e28b27d-e423-4454-b350-2c02df5ceafa", "code":200, "text":"call to gamma"}
{"ts":"2021-03-12T20:03:11.594969", "source":"beta", "id":"4f425387-9a12-4876-93bc-228020d6b6bd", "code":200, "text":"request terminated"}
{"ts":"2021-03-12T20:03:59.427893", "source":"beta", "id":"dddb826e-0d4d-4d5b-83e2-50f83c24f795", "code":200, "text":"call to delta"}
{"ts":"2021-03-12T20:04:53.258120", "source":"beta", "id":"07515967-5f1d-494f-a638-207219246e85", "code":200, "text":"call to delta"}
{"ts":"2021-03-12T20:05:06.731878", "source":"beta", "id":"9bda7834-b49b-43d3-9b0d-97abf85afc5b", "code":200, "text":"request terminated"}
{"ts":"2021-03-12T20:06:04.180700", "source":"beta", "id":"b659d8f8-2eef-426a-81c0-9f4548102e88", "code":200, "text":"request terminated"}
{"ts":"2021-03-12T20:06:46.232079", "source":"beta", "id":"6ac7de55-d127-4707-8fe0-de0669daf191", "code":200, "text":"request terminated"}
{"ts":"2021-03-12T20:09:43.550288", "source":"beta", "id":"d8c0eac7-30aa-45e3-916f-c2e0bfe59a1c", "code":200, "text":"call to delta"}
{"ts":"2021-03-12T20:15:40.791104", "source":"beta", "id":"ddc7209d-f110-487a-bddb-a1b2a73e01d7", "code":200, "text":"request terminated"}
{"ts":"2021-03-12T20:18:26.204125", "source":"beta", "id":"4fad3279-1996-4075-a8db-1fcd871f5632", "code":200, "text":"call to delta"}
{"ts":"2021-03-12T20:20:26.815471", "source":"beta", "id":"609aedc6-e0e6-430d-ac1f-ad9f688511d2", "code":500, "text":"call to epsilon"}
{"ts":"2021-03-12T20:21:47.306858", "source":"beta", "id":"198b4faa-3c36-49b2-9553-718bab7c2464", "code":200, "text":"request terminated"}
{"ts":"2021-03-12T20:24:10.370817", "source":"beta", "id":"83ece121-31a0-4bc7-9077-eeec37bd8976", "code":200, "text":"call to delta"}
{"ts":"2021-03-12T20:25:00.507750", "source":"beta", "id":"f7844c3a-5e90-4467-a4b0-e7817abfc413", "code":200, "text":"call to delta"}
{"ts":"2021-03-12T20:25:28.239358", "source":"beta", "id":"db2a7d56-3d23-4b62-a4ad-db65ccc25a7c", "code":200, "text":"call to gamma"}
{"ts":"2021-03-12T20:26:30.814929", "source":"beta", "id":"d9118613-38da-4b61-966b-eeabdeb68169", "code":200, "text":"request terminated"}
{"ts":"2021-03-12T20:27:25.456698", "source":"beta", "id":"64a24aa3-fae8-40d8-adb4-2f37c178ff8b", "code":200, "text":"call to delta"}
{"ts":"2021-03-12T20:29:19.195751", "source":"beta", "id":"43857823-c981-40f6-bb7f-fb6f6108b203", "code":200, "text":"call to gamma"}
{"ts":"2021-03-12T20:33:32.236411", "source":"beta", "id":"9749c1e8-b781-4518-a533-2a34b4e0a5fd", "code":200, "text":"call to gamma"}
{"ts":"2021-03-12T20:38:15.115169", "source":"beta", "id":"cc20ba2e-7dc2-48bf-9fe3-5fe76d9dc052", "code":200, "text":"request terminated"}
{"ts":"2021-03-12T20:42:22.452183", "source":"beta", "id":"1f5c8331-57d8-43fb-b159-261960d47eff", "code":500, "text":"call to epsilon"}
{"ts":"2021-03-12T20:42:24.245427", "source":"beta", "id":"88c61205-b9af-4e34-a15f-efad92fa379c", "code":200, "text":"call to delta"}
{"ts":"2021-03-12T20:46:19.535642", "source":"beta", "id":"35bb5c2e-38ab-4f5f-a3d6-69dee912962d", "code":200, "text":"call to gamma"}
{"ts":"2021-03-12T20:48:06.344379", "source":"beta", "id":"b42b6138-9769-4c23-a8f4-c37e309b0626", "code":200, "text":"request terminated"}
{"ts":"2021-03-12T20:51:15.498671", "source":"beta", "id":"d6c598fa-a28d-4ff9-af38-401a90b5435b", "code":200, "text":"request terminated"}
{"ts":"2021-03-12T20:53:03.579750", "source":"beta", "id":"c724b4e4-31aa-4d6b-ba41-609fc62a5cd5", "code":200, "text":"request terminated"}
{"ts":"2021-03-12T20:57:25.480088", "source":"beta", "id":"923e16e1-3b22-4918-9c68-3ae92197bd80", "code":200, "text":"request terminated"}
{"ts":"2021-03-12T20:57:58.542249", "source":"beta", "id":"dc883ad1-0455-4589-9045-801331298349", "code":200, "text":"request terminated"}
{"ts":"2021-03-12T20:58:20.669726", "source":"beta", "id":"bfec4818-7f0f-4b1f-b7b4-4cf14fb3ab94", "code":200, "text":"request terminated"}
{"ts":"2021-03-12T21:03:51.037286", "source":"beta", "id":"2fd0da03-32d0-46d7-95f8-edbf46ce17d7", "code":200, "text":"request terminated"}
{"ts":"2021-03-12T21:06:18.552742", "source":"beta", "id":"065561d8-543d-4f74-aaf9-2641240d33d7", "code":200, "text":"request terminated"}
{"ts":"2021-03-12T21:08:43.599507", "source":"beta", "id":"2e880fd7-f1c0-4dea-808d-9d413b11fe99", "code":200, "text":"call to delta"}
{"ts":"2021-03-12T21:14:24.412812", "source":"beta", "id":"e74642a0-a56f-47de-a66d-51ea05c1d233", "code":200, "text":"call to gamma"}
{"ts":"2021-03-12T21:14:30.155669", "source":"beta", "id":"150458e3-bc24-4591-8d31-9147b49c877d", "code":200, "text":"request terminated"}
{"ts":"2021-03-12T21:14:36.212406", "source":"beta", "id":"77ae7825-4c18-4279-8b60-a68524bb0ada", "code":200, "text":"call to delta"}
{"ts":"2021-03-12T21:18:28.625179", "source":"beta", "id":"c85cb15e-c30d-4abb-92a7-7aa0f59a9417", "code":200, "text":"request terminated"}
{"ts":"2021-03-12T21:24:50.000114", "source":"beta", "id":"b7b61e47-840a-450c-a3e3-e9fce12dde44", "code":200, "text":"request terminated"}
{"ts":"2021-03-12T21:26:17.460617", "source":"beta", "id":"8d4a3e22-f6a7-4b52-a1c4-785d3855213f", "code":200, "text":"request terminated"}
{"ts":"2021-03-12T21:30:23.776558", "source":"beta", "id":"7cb32408-b942-453b-a2f6-2c5552c60c00", "code":200, "text":"call to gamma"}
{"ts":"2021-03-12T21:33:30.406699", "source":"beta", "id":"5c3005e9-e35b-4b26-97b7-e88a85c74425", "code":200, "text":"request terminated"}
{"ts":"2021-03-12T21:37:17.560607", "source":"beta", "id":"f4166722-e309-4e50-aaf3-e839fc08d6b1", "code":200, "text":"request terminated"}
{"ts":"2021-03-12T21:37:18.860461", "source":"beta", "id":"2954f93f-f518-4cff-bceb-8a4496c29aa5", "code":500, "text":"call to epsilon"}
{"ts":"2021-03-12T21:37:59.599507", "source":"beta", "id":"5b493142-a4e0-4378-ba3e-76bfab8e51e5", "code":200, "text":"call to gamma"}
{"ts":"2021-03-12T21:38:09.752854", "source":"beta", "id":"94bd33fe-fe4c-4841-b601-96376986b46c", "code":200, "text":"request terminated"}
{"ts":"2021-03-12T21:40:16.994249", "source":"beta", "id":"01d51b4a-3c55-4f7a-8630-ae3634a17926", "code":200, "text":"request terminated"}
{"ts":"2021-03-12T22:24:05.694331", "source":"beta", "id":"cefde84a-f1a2-4ba3-883d-f473ceb34704", "code":200, "text":"request terminated"}
{"ts":"2021-03-12T22:25:39.758863", "source":"beta", "id":"0d234f0d-37fa-4bc8-beb5-61021476279f", "code":200, "text":"request terminated"}
{"ts":"2021-03-12T22:28:06.161508", "source":"beta", "id":"579372a2-870b-4810-b49b-b97baebc554c", "code":500, "text":"call to epsilon"}
{"ts":"2021-03-12T22:29:22.443717", "source":"beta", "id":"f5cb9f02-64d7-4319-8ebe-9e477d101e40", "code":200, "text":"request terminated"}
{"ts":"2021-03-12T22:37:18.567599", "source":"beta", "id":"40a8feb6-c931-4a12-9a08-f102c14a8a35", "code":500, "text":"call to epsilon"}
{"ts":"2021-03-12T22:37:32.528558", "source":"beta", "id":"bfd30b8c-59c4-4a30-a128-1fec6ae6d07d", "code":200, "text":"request terminated"}
{"ts":"2021-03-12T22:42:19.682803", "source":"beta", "id":"b4db97ed-888a-485f-901e-823694b24083", "code":200, "text":"request terminated"}
{"ts":"2021-03-12T22:54:39.961049", "source":"beta", "id":"a53da11b-3e18-4327-97b7-00a2d9c12d30", "code":500, "text":"call to epsilon"}
{"ts":"2021-03-12T23:02:30.247117", "source":"beta", "id":"a456f4a0-b83f-4c41-9692-5f302eab2ec9", "code":500, "text":"call to epsilon"}
{"ts":"2021-03-12T23:05:44.846698", "source":"beta", "id":"f7359943-d65c-4d26-b1b9-ff64c6d492ae", "code":200, "text":"request terminated"}
{"ts":"2021-03-12T23:08:53.056614", "source":"beta", "id":"a6021338-6146-4df8-925c-bdc7f521b3a7", "code":200, "text":"request terminated"}
{"ts":"2021-03-12T23:10:41.811657", "source":"beta", "id":"3c702c58-7c42-4809-86a0-1532ef9543de", "code":200, "text":"call to gamma"}
