{"ts":"2021-03-12T00:36:07.668367", "source":"delta", "id":"319e8d3c-7c32-42e9-9bf7-dec5fafa4474", "code":200, "text":"request terminated"}
{"ts":"2021-03-12T00:40:45.580134", "source":"delta", "id":"ad172890-1b80-4e10-9fe6-6fac8071dbbf", "code":200, "text":"request terminated"}
{"ts":"2021-03-12T01:21:07.662769", "source":"delta", "id":"f6d5c897-5ca5-4729-a5dc-2326a9e12e35", "code":200, "text":"request terminated"}
{"ts":"2021-03-12T01:38:36.345696", "source":"delta", "id":"53e808f7-82d5-4c15-9d19-f53d5c56a6fa", "code":200, "text":"request terminated"}
{"ts":"2021-03-12T01:45:16.168758", "source":"delta", "id":"be5818fb-1ca2-4562-93fe-5250d770fc1e", "code":200, "text":"request terminated"}
{"ts":"2021-03-12T01:45:16.383241", "source":"delta", "id":"6de3d32f-cba1-4fa6-b4d5-99b0e3d8fc98", "code":200, "text":"request terminated"}
{"ts":"2021-03-12T02:07:13.801293", "source":"delta", "id":"62dc4fd6-f46a-42f1-a76a-088ce913f6f0", "code":200, "text":"request terminated"}
{"ts":"2021-03-12T02:10:18.415165", "source":"delta", "id":"ac1b8682-76fd-46d2-8029-ca76b505530a", "code":200, "text":"request terminated"}
{"ts":"2021-03-12T02:15:23.082570", "source":"delta", "id":"cdf77686-de58-424b-a561-bdc21fe35d34", "code":200, "text":"request terminated"}
{"ts":"2021-03-12T02:24:27.779445", "source":"delta", "id":"bb354362-77ea-449a-a162-5bb7298f7a48", "code":200, "text":"call to epsilon"}
{"ts":"2021-03-12T02:26:53.713388", "source":"delta", "id":"0913a3a0-1835-4491-8fd8-077f141a463f", "code":200, "text":"request terminated"}
{"ts":"2021-03-12T02:47:15.789595", "source":"delta", "id":"2c2c0b5e-2f74-42a0-884f-6b3e330e2268", "code":200, "text":"request terminated"}
{"ts":"2021-03-12T03:27:06.788949", "source":"delta", "id":"8093d95b-8dcb-489c-b11e-71b41336e6ef", "code":200, "text":"request terminated"}
{"ts":"2021-03-12T03:28:25.169452", "source":"delta", "id":"533cc00e-51eb-4272-ab4d-4c1f952539d7", "code":200, "text":"request terminated"}
{"ts":"2021-03-12T03:31:24.360667", "source":"delta", "id":"9f461078-ca75-4b34-821b-a34b0f193790", "code":200, "text":"request terminated"}
{"ts":"2021-03-12T03:45:28.199378", "source":"delta", "id":"5a1af2d0-ccb1-437e-b806-1ce9541787b2", "code":200, "text":"request terminated"}
{"ts":"2021-03-12T04:26:57.962740", "source":"delta", "id":"f4d9f803-c9eb-41cc-9057-229fe83149eb", "code":200, "text":"request terminated"}
{"ts":"2021-03-12T04:35:26.957908", "source":"delta", "id":"5c5d5dba-9726-42cf-8d8c-10e902aee220", "code":200, "text":"request terminated"}
{"ts":"2021-03-12T05:07:40.043451", "source":"delta", "id":"071865a7-9037-46f6-bb38-6ccf41bbe212", "code":200, "text":"request terminated"}
{"ts":"2021-03-12T05:12:12.178467", "source":"delta", "id":"4ae3380f-cc77-4ee6-b380-2dfa92b3e85e", "code":200, "text":"call to epsilon"}
{"ts":"2021-03-12T05:16:07.772572", "source":"delta", "id":"f7708a01-3ce0-480a-a69d-db987ec400ad", "code":200, "text":"request terminated"}
{"ts":"2021-03-12T05:37:07.005628", "source":"delta", "id":"214a1c05-5926-435c-9e13-d7cdcf1c1218", "code":200, "text":"request terminated"}
{"ts":"2021-03-12T05:39:33.936767", "source":"delta", "id":"8df0e392-7c05-47a4-ba82-f13eb7a31929", "code":200, "text":"request terminated"}
{"ts":"2021-03-12T05:39:37.916051", "source":"delta", "id":"21cfd795-a712-4930-a205-fed6fc1d95d2", "code":200, "text":"call to epsilon"}
{"ts":"2021-03-12T05:43:16.798701", "source":"delta", "id":"ed42f1ed-c908-4b5f-92b5-4ca2d86f562d", "code":200, "text":"request terminated"}
{"ts":"2021-03-12T06:03:34.426318", "source":"delta", "id":"e3790a25-4af8-445d-a597-34ade2e60e27", "code":200, "text":"request terminated"}
{"ts":"2021-03-12T06:28:23.788502", "source":"delta", "id":"7378a4a5-5bae-4525-8bef-571944636159", "code":200, "text":"request terminated"}
{"ts":"2021-03-12T06:37:09.721291", "source":"delta", "id":"01e2dc7c-821c-46a0-8ec8-620a7250cb85", "code":200, "text":"request terminated"}
{"ts":"2021-03-12T06:49:58.287422", "source":"delta", "id":"c0c65fff-414d-4e47-a028-2e1f3145f389", "code":200, "text":"request terminated"}
{"ts":"2021-03-12T06:56:40.737410", "source":"delta", "id":"b02ddad1-8edd-4289-9e12-52cc44415e70", "code":200, "text":"request terminated"}
{"ts":"2021-03-12T06:57:56.160596", "source":"delta", "id":"23acd10a-1f43-4e05-a18d-7dde7fc00af0", "code":200, "text":"request terminated"}
{"ts":"2021-03-12T07:01:27.428325", "source":"delta", "id":"a1437bc2-d4be-4369-8faa-2a73b8b79900", "code":200, "text":"request terminated"}
{"ts":"2021-03-12T07:04:24.714841", "source":"delta", "id":"a60b9280-36cd-4ebb-9f10-83be3cd1cf86", "code":200, "text":"request terminated"}
{"ts":"2021-03-12T07:14:59.334283", "source":"delta", "id":"ab103e68-5fd9-4606-92b5-9a494160846e", "code":200, "text":"request terminated"}
{"ts":"2021-03-12T07:16:48.506181", "source":"delta", "id":"18254790-6ca8-40ba-85e0-f67ecab6408f", "code":200, "text":"call to epsilon"}
{"ts":"2021-03-12T07:18:32.160276", "source":"delta", "id":"7bff7ee1-9ce2-488c-9310-47ef36a7afd9", "code":200, "text":"request terminated"}
{"ts":"2021-03-12T07:23:43.188487", "source":"delta", "id":"84209a5c-023e-46a5-891d-3f9669c7bbe5", "code":200, "text":"request terminated"}
{"ts":"2021-03-12T07:26:09.873040", "source":"delta", "id":"774a62bf-1c0a-405e-885d-07edee13a230", "code":200, "text":"request terminated"}
{"ts":"2021-03-12T07:36:24.545873", "source":"delta", "id":"00e92c42-2513-4e58-bd5a-c7f133dd011f", "code":200, "text":"request terminated"}
{"ts":"2021-03-12T07:55:59.797705", "source":"delta", "id":"91b90c70-c20f-41c6-b6f1-f1d741914bc9", "code":200, "text":"call to epsilon"}
{"ts":"2021-03-12T08:04:06.463396", "source":"delta", "id":"5ce39fc2-cc96-4387-8b8f-4e3f90cf34bb", "code":200, "text":"request terminated"}
{"ts":"2021-03-12T08:06:19.151099", "source":"delta", "id":"1566e14e-a4be-411a-b260-b47acdacfc14", "code":200, "text":"call to epsilon"}
{"ts":"2021-03-12T08:07:28.736209", "source":"delta", "id":"753f765f-89aa-42bd-8abc-2a9b42d5322b", "code":200, "text":"request terminated"}
{"ts":"2021-03-12T08:11:59.703288", "source":"delta", "id":"8ebea9df-3cc2-4c12-8574-a02608c9b061", "code":200, "text":"request terminated"}
{"ts":"2021-03-12T08:20:39.153537", "source":"delta", "id":"bdc508b1-1569-41af-b223-3222d5ca006e", "code":200, "text":"call to epsilon"}
{"ts":"2021-03-12T08:23:37.041556", "source":"delta", "id":"5d4d18cb-a461-4e69-bac5-45b4a22c058c", "code":200, "text":"call to epsilon"}
{"ts":"2021-03-12T08:23:57.319088", "source":"delta", "id":"96400a89-6721-4f12-9588-dd4f2ba9f0ee", "code":200, "text":"call to epsilon"}
{"ts":"2021-03-12T08:24:10.111762", "source":"delta", "id":"e50f51dd-be8e-476b-bab8-2cb9e4cbc51f", "code":200, "text":"request terminated"}
{"ts":"2021-03-12T08:24:48.652652", "source":"delta", "id":"e570dfc0-5a4d-4f66-834b-e81ebd43be93", "code":200, "text":"call to epsilon"}
{"ts":"2021-03-12T08:26:35.288607", "source":"delta", "id":"b76b3189-6c3d-42f0-a207-b7642a6744d9", "code":200, "text":"call to epsilon"}
{"ts":"2021-03-12T08:27:08.783044", "source":"delta", "id":"742698cf-0d9a-47ff-a79c-d2cc84d26088", "code":200, "text":"request terminated"}
{"ts":"2021-03-12T08:27:40.341659", "source":"delta", "id":"10c99171-c1a0-4bf5-9c15-9a9231ed3fd4", "code":200, "text":"call to epsilon"}
{"ts":"2021-03-12T08:29:41.344127", "source":"delta", "id":"63aeb913-ca63-4d5b-939b-a6d2d663183e", "code":200, "text":"request terminated"}
{"ts":"2021-03-12T08:35:07.987556", "source":"delta", "id":"254219cd-92b9-4ad3-afdf-d8ecdb9eb8d4", "code":200, "text":"request terminated"}
{"ts":"2021-03-12T08:36:13.310357", "source":"delta", "id":"b2d74980-e3b7-4e7a-94e3-831d6a2e61ac", "code":200, "text":"request terminated"}
{"ts":"2021-03-12T08:38:33.950592", "source":"delta", "id":"92bfdc58-0af1-4f82-b99e-37a79edf9643", "code":200, "text":"call to epsilon"}
{"ts":"2021-03-12T08:39:28.417657", "source":"delta", "id":"b14a7cda-93a9-42e4-aec5-6f77d3e63089", "code":200, "text":"call to epsilon"}
{"ts":"2021-03-12T08:41:29.528942", "source":"delta", "id":"7a4d7c0a-dd45-4630-b11a-4b6e98541ac6", "code":200, "text":"request terminated"}
{"ts":"2021-03-12T08:42:02.565427", "source":"delta", "id":"8f49b5fe-94bb-4b35-9e95-59bc7fadcfd1", "code":200, "text":"request terminated"}
{"ts":"2021-03-12T08:51:46.292893", "source":"delta", "id":"4f16c636-2f97-4520-9778-a0e5e89d50ec", "code":200, "text":"request terminated"}
{"ts":"2021-03-12T08:51:58.036986", "source":"delta", "id":"bd6aacbc-3252-4207-ae5f-31833db88378", "code":200, "text":"call to epsilon"}
{"ts":"2021-03-12T08:53:06.778560", "source":"delta", "id":"8e0115c1-3e94-4f0e-82c1-cd0a00ab0c15", "code":200, "text":"request terminated"}
{"ts":"2021-03-12T08:58:56.151069", "source":"delta", "id":"b712cfb1-2bdb-4728-ae4b-5daea974ca92", "code":200, "text":"call to epsilon"}
{"ts":"2021-03-12T09:03:15.953633", "source":"delta", "id":"3cc142f0-f056-486f-a6b1-60c2e0c16a25", "code":200, "text":"request terminated"}
{"ts":"2021-03-12T09:10:09.938218", "source":"delta", "id":"db22cc68-4870-4eb9-92e4-18943c6dcda2", "code":200, "text":"call to epsilon"}
{"ts":"2021-03-12T09:14:19.605929", "source":"delta", "id":"de7ad13d-439c-41c5-920c-7ecdacf6c0ad", "code":200, "text":"request terminated"}
{"ts":"2021-03-12T09:16:51.854570", "source":"delta", "id":"b23bcf8b-f195-4061-8119-7a457382efda", "code":200, "text":"call to epsilon"}
{"ts":"2021-03-12T09:18:44.448458", "source":"delta", "id":"b29b7930-e0a1-4884-8b1a-bcc1063d2fa3", "code":200, "text":"request terminated"}
{"ts":"2021-03-12T09:20:43.434308", "source":"delta", "id":"4a408374-d653-4be6-b969-19a2320e7fb3", "code":200, "text":"request terminated"}
{"ts":"2021-03-12T09:23:01.954493", "source":"delta", "id":"34f478af-c368-4ec1-a0cf-463aa2a285e3", "code":200, "text":"call to epsilon"}
{"ts":"2021-03-12T09:35:20.858675", "source":"delta", "id":"c73c6eaa-5c81-4cf7-8ec0-c7127cfe08ea", "code":200, "text":"request terminated"}
{"ts":"2021-03-12T09:35:59.829269", "source":"delta", "id":"96c551b4-e32f-4cb4-adaf-390b881cc110", "code":200, "text":"call to epsilon"}
{"ts":"2021-03-12T09:41:31.843116", "source":"delta", "id":"8e8d2764-df1c-4d5e-aa04-6075d879fd35", "code":200, "text":"request terminated"}
{"ts":"2021-03-12T09:42:37.305165", "source":"delta", "id":"57cdbb41-f5f5-4c05-bb51-e3087f5110a4", "code":200, "text":"request terminated"}
{"ts":"2021-03-12T09:43:54.177655", "source":"delta", "id":"2a56fd76-8e4a-425c-bfb6-c2cff502b485", "code":200, "text":"request terminated"}
{"ts":"2021-03-12T09:49:58.968862", "source":"delta", "id":"3f3d15e5-5736-41fd-8b5b-f6fc24d49eeb", "code":200, "text":"request terminated"}
{"ts":"2021-03-12T09:50:26.188529", "source":"delta", "id":"8c34e255-b523-4444-854c-2b564b18086f", "code":200, "text":"request terminated"}
{"ts":"2021-03-12T09:50:56.658326", "source":"delta", "id":"84bc8ee3-4397-4094-8f1a-d0d036cd5192", "code":200, "text":"request terminated"}
{"ts":"2021-03-12T09:58:11.817343", "source":"delta", "id":"9349d1e0-ab2a-4330-96ca-ba1d2bf22852", "code":200, "text":"call to epsilon"}
{"ts":"2021-03-12T09:59:41.330084", "source":"delta", "id":"7ff80db1-d8d5-4316-a1b8-92f34030d3e3", "code":200, "text":"call to epsilon"}
{"ts":"2021-03-12T10:02:44.616399", "source":"delta", "id":"d8976241-efeb-4184-be60-2d5c0cfaee79", "code":200, "text":"request terminated"}
{"ts":"2021-03-12T10:09:24.405277", "source":"delta", "id":"b7e44866-74ff-4857-adb2-ca0c7d1bcce3", "code":200, "text":"request terminated"}
{"ts":"2021-03-12T10:16:41.400644", "source":"delta", "id":"5824b45d-7999-4430-bd07-6dff0546e8bb", "code":200, "text":"request terminated"}
{"ts":"2021-03-12T10:18:35.093392", "source":"delta", "id":"ce50ef49-2c4f-47e9-9d93-95dc3c422135", "code":200, "text":"call to epsilon"}
{"ts":"2021-03-12T10:18:57.982293", "source":"delta", "id":"f297473c-86f0-4647-894b-bb61901e8636", "code":200, "text":"request terminated"}
{"ts":"2021-03-12T10:19:21.565934", "source":"delta", "id":"dcddbf47-a0dc-4473-9d47-18b06b7a7213", "code":200, "text":"request terminated"}
{"ts":"2021-03-12T10:25:24.584437", "source":"delta", "id":"98a294c7-27d0-4b58-8763-28d5b551fab1", "code":200, "text":"request terminated"}
{"ts":"2021-03-12T10:36:05.465568", "source":"delta", "id":"bda1ec0d-30f1-44f5-b604-7b20c6fcb18a", "code":200, "text":"request terminated"}
{"ts":"2021-03-12T10:36:58.158758", "source":"delta", "id":"52a6058d-4891-4df6-bd9c-98a962b3b9fd", "code":200, "text":"request terminated"}
{"ts":"2021-03-12T10:37:32.317796", "source":"delta", "id":"1434ed4f-ce81-4e23-8ae4-391f8e3bbd21", "code":200, "text":"request terminated"}
{"ts":"2021-03-12T10:42:57.896541", "source":"delta", "id":"b67338e0-c85e-4869-ae21-8cb427ccbd43", "code":200, "text":"request terminated"}
{"ts":"2021-03-12T10:45:01.902341", "source":"delta", "id":"15126cfa-2ab3-4b90-b6b3-a252364e98cb", "code":200, "text":"request terminated"}
{"ts":"2021-03-12T10:46:13.906071", "source":"delta", "id":"7dc09d06-40d6-43e5-bc0d-aad2161ee9d2", "code":200, "text":"request terminated"}
{"ts":"2021-03-12T10:49:55.742985", "source":"delta", "id":"36731464-b2ce-4963-b573-05b453025032", "code":200, "text":"request terminated"}
{"ts":"2021-03-12T11:02:43.270569", "source":"delta", "id":"52c879b6-25c1-43e2-a400-60c8d6f90cc9", "code":200, "text":"request terminated"}
{"ts":"2021-03-12T11:03:31.319945", "source":"delta", "id":"43684d7e-c824-4029-a645-116013d4980c", "code":200, "text":"call to epsilon"}
{"ts":"2021-03-12T11:15:09.903428", "source":"delta", "id":"eab31396-e472-4281-a02f-6fe0914c1a0c", "code":200, "text":"call to epsilon"}
{"ts":"2021-03-12T11:28:05.100363", "source":"delta", "id":"f36b1a89-a470-48ae-9876-14a02a04352a", "code":200, "text":"request terminated"}
{"ts":"2021-03-12T11:29:23.515240", "source":"delta", "id":"67210639-5c45-4ac1-b196-1d974562a405", "code":200, "text":"request terminated"}
{"ts":"2021-03-12T11:30:44.510237", "source":"delta", "id":"04133b03-2f5e-4dd3-a5cb-09ba99722e40", "code":200, "text":"request terminated"}
{"ts":"2021-03-12T11:40:58.826196", "source":"delta", "id":"f2b473ff-3c78-4c67-adda-4b1e532ee486", "code":200, "text":"request terminated"}
{"ts":"2021-03-12T11:44:17.312137", "source":"delta", "id":"164e07d0-3083-4d78-a956-ef66068eefe6", "code":200, "text":"call to epsilon"}
{"ts":"2021-03-12T11:48:02.506390", "source":"delta", "id":"70f37f42-c8fa-494f-b24f-001428a7c658", "code":200, "text":"request terminated"}
{"ts":"2021-03-12T11:50:41.568890", "source":"delta", "id":"eac0d2be-502c-4327-9df8-00ec1aa245e9", "code":200, "text":"request terminated"}
{"ts":"2021-03-12T11:52:06.302526", "source":"delta", "id":"0b4925d8-8d59-405f-a894-f601523a581f", "code":200, "text":"request terminated"}
{"ts":"2021-03-12T12:00:19.383703", "source":"delta", "id":"06370ccc-842b-4b65-99f4-5d1d978402b5", "code":200, "text":"request terminated"}
{"ts":"2021-03-12T12:00:40.584030", "source":"delta", "id":"2d009836-9d20-4491-b164-214baa1c3347", "code":200, "text":"call to epsilon"}
{"ts":"2021-03-12T12:02:32.031031", "source":"delta", "id":"83e82348-26a8-48a3-99a4-7187fbb0190f", "code":200, "text":"request terminated"}
{"ts":"2021-03-12T12:12:58.535650", "source":"delta", "id":"9d7653e8-4b3f-444b-804c-43955724307d", "code":200, "text":"call to epsilon"}
{"ts":"2021-03-12T12:29:34.220313", "source":"delta", "id":"eefe95e5-6746-4d08-9f81-d55eb16f8582", "code":200, "text":"request terminated"}
{"ts":"2021-03-12T12:30:57.902604", "source":"delta", "id":"5e431d9a-fa24-437a-b717-eb2932c7ff84", "code":200, "text":"request terminated"}
{"ts":"2021-03-12T12:33:21.327718", "source":"delta", "id":"13801710-ec5b-45a9-8602-8f7658b3b347", "code":200, "text":"call to epsilon"}
{"ts":"2021-03-12T12:34:28.697802", "source":"delta", "id":"97ac230c-3123-46d8-98ac-13d2afb4fbc3", "code":200, "text":"request terminated"}
{"ts":"2021-03-12T12:40:15.294746", "source":"delta", "id":"6f3b3a51-b1f2-45cc-a9ea-6d8d0a82c811", "code":200, "text":"request terminated"}
{"ts":"2021-03-12T12:46:15.687962", "source":"delta", "id":"2f12c144-9647-4b6f-a335-160d3509a57b", "code":200, "text":"request terminated"}
{"ts":"2021-03-12T12:53:44.989950", "source":"delta", "id":"6543513a-684d-478a-85a4-ab4434b9f2e2", "code":200, "text":"request terminated"}
{"ts":"2021-03-12T12:54:52.745936", "source":"delta", "id":"5c44eb3f-233e-4dcb-9a94-738f7a7e4c7c", "code":200, "text":"request terminated"}
{"ts":"2021-03-12T12:56:26.214632", "source":"delta", "id":"361dbcb2-a74c-4449-b170-b2f55457e879", "code":200, "text":"call to epsilon"}
{"ts":"2021-03-12T12:57:21.287777", "source":"delta", "id":"1040be4f-453f-4361-a4d6-22b713c7732f", "code":200, "text":"call to epsilon"}
{"ts":"2021-03-12T12:59:05.960344", "source":"delta", "id":"e0e2d15f-7391-4a94-ad1a-fdae4231cd53", "code":200, "text":"request terminated"}
{"ts":"2021-03-12T12:59:30.636195", "source":"delta", "id":"8f999748-7033-409e-aeed-419b1d8e367e", "code":200, "text":"request terminated"}
{"ts":"2021-03-12T13:07:47.827285", "source":"delta", "id":"d891d840-8829-4e32-9516-7d0dec5328f0", "code":200, "text":"call to epsilon"}
{"ts":"2021-03-12T13:10:22.699215", "source":"delta", "id":"bd004fe0-2ae6-431e-9e1e-8283b4b28a50", "code":200, "text":"request terminated"}
{"ts":"2021-03-12T13:13:55.383835", "source":"delta", "id":"5cfdc1cb-576b-4171-b949-c11705cb60d9", "code":500, "text":"call to epsilon"}
{"ts":"2021-03-12T13:14:56.087156", "source":"delta", "id":"b79e5245-f173-407c-bab8-dbcadc633f99", "code":500, "text":"call to epsilon"}
{"ts":"2021-03-12T13:15:28.239378", "source":"delta", "id":"4b896968-630f-46e6-957e-cba2f8d033b9", "code":200, "text":"request terminated"}
{"ts":"2021-03-12T13:16:13.780770", "source":"delta", "id":"c3f9b842-3190-4408-8d05-69f54a2da370", "code":500, "text":"call to epsilon"}
{"ts":"2021-03-12T13:16:55.126272", "source":"delta", "id":"1ac9288e-ab33-4499-8f16-98852a36508a", "code":500, "text":"call to epsilon"}
{"ts":"2021-03-12T13:17:18.310342", "source":"delta", "id":"fad9056f-0a44-4899-ae4f-4877d4f3b8aa", "code":200, "text":"request terminated"}
{"ts":"2021-03-12T13:17:36.984236", "source":"delta", "id":"99699316-6da1-48ec-bd1c-aa670dc4a10a", "code":200, "text":"request terminated"}
{"ts":"2021-03-12T13:18:29.812736", "source":"delta", "id":"c6d0deb8-cb92-45df-8636-c57c6561c637", "code":200, "text":"request terminated"}
{"ts":"2021-03-12T13:18:54.952665", "source":"delta", "id":"be4d23ee-0093-49c5-b2ca-70805c495320", "code":200, "text":"request terminated"}
{"ts":"2021-03-12T13:19:24.065908", "source":"delta", "id":"2fa21565-9c73-41a4-836c-9516b5bad77f", "code":200, "text":"request terminated"}
{"ts":"2021-03-12T13:20:10.722573", "source":"delta", "id":"920b1478-7782-45ec-8f3a-93288dab1469", "code":200, "text":"request terminated"}
{"ts":"2021-03-12T13:20:59.188701", "source":"delta", "id":"ea8a2f63-af96-434f-a3ab-b56a6dd1af9f", "code":200, "text":"request terminated"}
{"ts":"2021-03-12T13:21:51.777819", "source":"delta", "id":"6a118ab2-22a2-4883-938b-18726fced83d", "code":500, "text":"call to epsilon"}
{"ts":"2021-03-12T13:22:55.113040", "source":"delta", "id":"92870215-5c2a-45d7-943c-e9cec764edc4", "code":500, "text":"call to epsilon"}
{"ts":"2021-03-12T13:23:53.431445", "source":"delta", "id":"3d4ca1d5-98cf-46fa-bd59-64b149a5f285", "code":200, "text":"request terminated"}
{"ts":"2021-03-12T13:24:14.956343", "source":"delta", "id":"1ab93dfc-b397-43f5-87a2-c03cbb0b822b", "code":500, "text":"call to epsilon"}
{"ts":"2021-03-12T13:25:16.270783", "source":"delta", "id":"a64dc1d1-35f2-47d0-b8d0-9b977a63e7c6", "code":200, "text":"request terminated"}
{"ts":"2021-03-12T13:28:23.429312", "source":"delta", "id":"18e644b9-d063-47d5-a474-8fa9a607bf2f", "code":200, "text":"request terminated"}
{"ts":"2021-03-12T13:28:32.913295", "source":"delta", "id":"2bbf35dd-d9ff-48be-99ff-adc6a9c4911b", "code":200, "text":"request terminated"}
{"ts":"2021-03-12T13:29:52.004950", "source":"delta", "id":"45492150-736f-458a-b2d0-6a4a86500f31", "code":200, "text":"request terminated"}
{"ts":"2021-03-12T13:31:11.737448", "source":"delta", "id":"4732612a-f75f-400b-879c-879c015e358d", "code":200, "text":"request terminated"}
{"ts":"2021-03-12T13:31:34.635506", "source":"delta", "id":"6e3e925a-662c-407c-a039-d41b4b8abfd4", "code":500, "text":"call to epsilon"}
{"ts":"2021-03-12T13:32:23.157442", "source":"delta", "id":"bb91d23d-dbaa-49fe-a347-ae7c7d53647f", "code":500, "text":"call to epsilon"}
{"ts":"2021-03-12T13:35:55.997293", "source":"delta", "id":"4d63b7fc-7c76-4051-b5bc-505e9f646220", "code":200, "text":"request terminated"}
{"ts":"2021-03-12T13:37:42.602131", "source":"delta", "id":"45ac5765-341d-445a-8a66-732faa00b56e", "code":200, "text":"request terminated"}
{"ts":"2021-03-12T13:37:52.479171", "source":"delta", "id":"a690e88a-4c0f-4bc8-ae17-806366e3e4a4", "code":200, "text":"request terminated"}
{"ts":"2021-03-12T13:39:04.146625", "source":"delta", "id":"4fa88ab4-f894-4cee-b088-323be9866f73", "code":200, "text":"request terminated"}
{"ts":"2021-03-12T13:40:14.479777", "source":"delta", "id":"b877e30d-3dbb-4455-b6d9-36405c4f7916", "code":200, "text":"request terminated"}
{"ts":"2021-03-12T13:40:37.143085", "source":"delta", "id":"a31b61e1-2a7f-4ff3-8de9-b6de0de179a5", "code":200, "text":"request terminated"}
{"ts":"2021-03-12T13:40:46.239207", "source":"delta", "id":"bfa57233-b237-4fe8-9e4b-ba853d73259b", "code":200, "text":"request terminated"}
{"ts":"2021-03-12T13:42:31.717441", "source":"delta", "id":"0de5485c-d32f-42a2-8c8b-6eed0fe9198f", "code":200, "text":"request terminated"}
{"ts":"2021-03-12T13:44:10.636709", "source":"delta", "id":"fa329824-47cf-4413-9c38-edb7bc4ac8d3", "code":200, "text":"request terminated"}
{"ts":"2021-03-12T13:44:32.997748", "source":"delta", "id":"fcdcbe90-cbec-48f0-8a91-911908178666", "code":200, "text":"request terminated"}
{"ts":"2021-03-12T13:47:39.986680", "source":"delta", "id":"af9beef2-b81f-4a32-a935-fe8d39be61e9", "code":200, "text":"request terminated"}
{"ts":"2021-03-12T13:52:58.567510", "source":"delta", "id":"67652bde-59c2-4b86-b679-b962ef5c3d62", "code":200, "text":"request terminated"}
{"ts":"2021-03-12T13:55:12.226565", "source":"delta", "id":"4fdc3253-3278-4d62-a43d-2274324cad6d", "code":500, "text":"call to epsilon"}
{"ts":"2021-03-12T13:55:13.183721", "source":"delta", "id":"83248ba2-812b-47f7-b54c-e4be60b5ce55", "code":200, "text":"request terminated"}
{"ts":"2021-03-12T13:57:08.813344", "source":"delta", "id":"2825d762-3492-4df8-9202-d4aff162b20f", "code":200, "text":"request terminated"}
{"ts":"2021-03-12T13:58:47.357584", "source":"delta", "id":"fd61d029-fa3a-4b0a-89c6-ef14865f14a1", "code":200, "text":"request terminated"}
{"ts":"2021-03-12T14:00:09.072885", "source":"delta", "id":"9a5415c7-c35c-432f-a2a1-f0b86466c3a3", "code":500, "text":"call to epsilon"}
{"ts":"2021-03-12T14:01:43.400307", "source":"delta", "id":"7bf1a8ae-3f4d-41d8-bf0f-90561873412c", "code":200, "text":"request terminated"}
{"ts":"2021-03-12T14:02:24.741177", "source":"delta", "id":"fbbf7241-e0fe-4fa9-9133-9db61c62ec12", "code":500, "text":"call to epsilon"}
{"ts":"2021-03-12T14:02:36.677533", "source":"delta", "id":"63897f4a-ea3e-4924-83c9-419d31b071de", "code":200, "text":"request terminated"}
{"ts":"2021-03-12T14:02:39.612679", "source":"delta", "id":"1fac7fc8-5ce0-417c-b2d5-38c2c361b140", "code":200, "text":"request terminated"}
{"ts":"2021-03-12T14:03:25.209416", "source":"delta", "id":"1a562414-2a65-486a-8cba-9ab03fefa749", "code":200, "text":"request terminated"}
{"ts":"2021-03-12T14:04:13.121106", "source":"delta", "id":"a128d483-6d35-487d-890c-f4841e596cbf", "code":200, "text":"request terminated"}
{"ts":"2021-03-12T14:04:26.449373", "source":"delta", "id":"4aaa6d7e-2b9c-446b-8534-5f03e745b065", "code":200, "text":"request terminated"}
{"ts":"2021-03-12T14:05:27.509647", "source":"delta", "id":"f7005cb5-aca5-42aa-9a79-ae4b91083270", "code":200, "text":"request terminated"}
{"ts":"2021-03-12T14:05:28.348547", "source":"delta", "id":"61038c49-1f20-43f2-bbc8-8e71a6483e35", "code":500, "text":"call to epsilon"}
{"ts":"2021-03-12T14:05:51.749609", "source":"delta", "id":"f32e3c91-7390-4f40-9ca3-bf21b71f971c", "code":200, "text":"request terminated"}
{"ts":"2021-03-12T14:06:31.490264", "source":"delta", "id":"230fc6c3-c58e-4225-bb16-ba58f049148d", "code":500, "text":"call to epsilon"}
{"ts":"2021-03-12T14:11:26.832640", "source":"delta", "id":"886dd883-9e85-46ee-a7d4-14503e50563c", "code":500, "text":"call to epsilon"}
{"ts":"2021-03-12T14:13:15.346327", "source":"delta", "id":"d19b6e5f-83ec-4ad5-98c5-e3dac8e73020", "code":200, "text":"request terminated"}
{"ts":"2021-03-12T14:14:44.797252", "source":"delta", "id":"aaae8d3d-6eea-42ca-8fe0-0658abb33929", "code":200, "text":"request terminated"}
{"ts":"2021-03-12T14:16:13.521095", "source":"delta", "id":"9dddee4e-2820-4e13-bd6e-ceb043f80a62", "code":500, "text":"call to epsilon"}
{"ts":"2021-03-12T14:16:47.227556", "source":"delta", "id":"f82d8189-b4c1-45b6-900c-78e72c0bc1d6", "code":200, "text":"request terminated"}
{"ts":"2021-03-12T14:17:08.746395", "source":"delta", "id":"a5048cba-8ee6-419b-9615-e349aa329c41", "code":200, "text":"request terminated"}
{"ts":"2021-03-12T14:20:46.905563", "source":"delta", "id":"9fdd2b66-04ee-4d4d-9715-66f2e7817bd5", "code":200, "text":"request terminated"}
{"ts":"2021-03-12T14:22:24.618531", "source":"delta", "id":"1736b8b2-a4b2-4665-b16c-05bd8db64793", "code":200, "text":"request terminated"}
{"ts":"2021-03-12T14:22:35.415347", "source":"delta", "id":"c0bb59ef-c0de-4959-8242-a001224ff8a8", "code":500, "text":"call to epsilon"}
{"ts":"2021-03-12T14:24:33.919107", "source":"delta", "id":"cd9a8de8-30fd-46f7-a628-c896514af43e", "code":200, "text":"request terminated"}
{"ts":"2021-03-12T14:25:16.250584", "source":"delta", "id":"a0f82e32-ba68-481f-858b-5ca0d67856fd", "code":200, "text":"request terminated"}
{"ts":"2021-03-12T14:26:49.206767", "source":"delta", "id":"1e49670b-4f5c-489d-897f-84e87581363c", "code":200, "text":"request terminated"}
{"ts":"2021-03-12T14:27:44.416656", "source":"delta", "id":"ec5986f2-07f2-401c-874e-15b19cc4b770", "code":200, "text":"request terminated"}
{"ts":"2021-03-12T14:28:54.993570", "source":"delta", "id":"601b0c2c-74c7-4f18-aaa8-47a011b6e64c", "code":200, "text":"request terminated"}
{"ts":"2021-03-12T14:29:51.272391", "source":"delta", "id":"6ca4738c-4105-4960-a6c3-2151308c9504", "code":200, "text":"request terminated"}
{"ts":"2021-03-12T14:31:18.617890", "source":"delta", "id":"1a2d24b4-0ef7-4c00-a344-51446a4be22c", "code":200, "text":"request terminated"}
{"ts":"2021-03-12T14:33:51.929612", "source":"delta", "id":"929c6845-720d-4cd6-88b4-ee07ab967024", "code":200, "text":"request terminated"}
{"ts":"2021-03-12T14:39:23.008686", "source":"delta", "id":"4c3789a0-7dc7-49be-933a-970a916c7307", "code":200, "text":"request terminated"}
{"ts":"2021-03-12T14:41:11.908682", "source":"delta", "id":"55330bcd-675b-4d75-b782-84ee122c0734", "code":200, "text":"request terminated"}
{"ts":"2021-03-12T14:41:16.563544", "source":"delta", "id":"27bfe92f-6b26-499f-ab09-9245a0d0d9e1", "code":500, "text":"call to epsilon"}
{"ts":"2021-03-12T14:42:16.768104", "source":"delta", "id":"fdd46209-4ba8-4fe3-8310-09ab71ebfdba", "code":200, "text":"request terminated"}
{"ts":"2021-03-12T14:42:18.949124", "source":"delta", "id":"255e2635-0a4f-44e3-9272-7a8335ac969d", "code":200, "text":"request terminated"}
{"ts":"2021-03-12T14:43:28.196786", "source":"delta", "id":"c3dc8fe1-b94f-41ac-8b87-ede61e5c7905", "code":200, "text":"request terminated"}
{"ts":"2021-03-12T14:44:44.992973", "source":"delta", "id":"3ba4ba8a-a32b-4d77-8a20-83cfa06f095c", "code":200, "text":"request terminated"}
{"ts":"2021-03-12T14:44:53.277887", "source":"delta", "id":"d211af5e-269d-422d-bb0a-4ebfe4c56f24", "code":200, "text":"request terminated"}
{"ts":"2021-03-12T14:45:58.732244", "source":"delta", "id":"44dbf5de-76c2-47be-9899-43a9b5c4524a", "code":500, "text":"call to epsilon"}
{"ts":"2021-03-12T14:46:43.684259", "source":"delta", "id":"661002ee-9b56-49e6-b7be-4b3d5c204569", "code":200, "text":"request terminated"}
{"ts":"2021-03-12T14:50:42.229287", "source":"delta", "id":"e0712577-0f16-4041-afae-383ccd76f32c", "code":500, "text":"call to epsilon"}
{"ts":"2021-03-12T14:52:00.107659", "source":"delta", "id":"7fe0e3ad-87c1-4340-8e6e-ef8376d4074c", "code":200, "text":"request terminated"}
{"ts":"2021-03-12T14:53:42.540561", "source":"delta", "id":"9fc6cc39-e3ab-4a10-a49f-6cefda20a964", "code":200, "text":"request terminated"}
{"ts":"2021-03-12T14:59:25.284329", "source":"delta", "id":"a0ca44f8-5ea7-41d5-81f8-82e3889efe3b", "code":500, "text":"call to epsilon"}
{"ts":"2021-03-12T15:00:35.129291", "source":"delta", "id":"912e9c3e-4f7d-4818-9084-bed1ff13be60", "code":200, "text":"request terminated"}
{"ts":"2021-03-12T15:02:17.432811", "source":"delta", "id":"2ed667b6-98a1-4803-8c41-27faff0a7afb", "code":200, "text":"request terminated"}
{"ts":"2021-03-12T15:03:03.804099", "source":"delta", "id":"2effb6f7-0784-4a24-a5c4-83b6de59e65b", "code":200, "text":"request terminated"}
{"ts":"2021-03-12T15:03:53.665549", "source":"delta", "id":"76894f36-d34d-4489-b1e8-a8b8172f435f", "code":200, "text":"request terminated"}
{"ts":"2021-03-12T15:05:33.293934", "source":"delta", "id":"a285247d-9c32-47d8-9aa9-65f9e7268f1a", "code":500, "text":"call to epsilon"}
{"ts":"2021-03-12T15:06:36.916150", "source":"delta", "id":"42b5a2f7-9d77-4468-b45c-3f7eb77c99a5", "code":200, "text":"request terminated"}
{"ts":"2021-03-12T15:06:53.467023", "source":"delta", "id":"58d34221-bbc4-4e07-bcc5-cf84f92ddc9b", "code":200, "text":"request terminated"}
{"ts":"2021-03-12T15:12:05.288793", "source":"delta", "id":"a915bdca-ccbd-4093-a3bc-efc35a07cdd5", "code":200, "text":"request terminated"}
{"ts":"2021-03-12T15:12:21.233076", "source":"delta", "id":"a2feba5b-e802-48a1-ae6e-b85054cd821d", "code":200, "text":"request terminated"}
{"ts":"2021-03-12T15:13:59.675271", "source":"delta", "id":"46887477-ec1c-4e03-bbdf-91c6eeb2979c", "code":200, "text":"request terminated"}
{"ts":"2021-03-12T15:14:07.001267", "source":"delta", "id":"9105db3d-583b-4f2d-a96e-238ced85a0f4", "code":200, "text":"request terminated"}
{"ts":"2021-03-12T15:14:50.479288", "source":"delta", "id":"a9e8cb85-00eb-448a-977f-4d91d6932d6c", "code":200, "text":"request terminated"}
{"ts":"2021-03-12T15:18:23.778926", "source":"delta", "id":"36201f67-ad43-4a63-b8f1-3c6819db56e8", "code":200, "text":"request terminated"}
{"ts":"2021-03-12T15:19:17.439833", "source":"delta", "id":"5d967a58-33c8-4f3c-a585-b7ca95db3341", "code":200, "text":"request terminated"}
{"ts":"2021-03-12T15:19:32.141094", "source":"delta", "id":"140390e3-0e85-4786-81de-3ecfb8aefe0a", "code":200, "text":"request terminated"}
{"ts":"2021-03-12T15:22:15.126202", "source":"delta", "id":"468ae365-3174-4841-90f7-566950b9c20b", "code":200, "text":"request terminated"}
{"ts":"2021-03-12T15:23:15.081038", "source":"delta", "id":"3563f8bf-9d09-49d7-9f78-0aa905e29c3d", "code":200, "text":"request terminated"}
{"ts":"2021-03-12T15:24:39.071703", "source":"delta", "id":"b41ce08a-9ea3-43f5-a6f7-e85f54cbbc56", "code":500, "text":"call to epsilon"}
{"ts":"2021-03-12T15:25:45.872520", "source":"delta", "id":"bdce7ade-bd7e-4167-ab51-0ea819f52e22", "code":500, "text":"call to epsilon"}
{"ts":"2021-03-12T15:27:48.446794", "source":"delta", "id":"9a2540ee-9499-4a84-9737-83afccd8d7ef", "code":200, "text":"request terminated"}
{"ts":"2021-03-12T15:28:33.431175", "source":"delta", "id":"7f495a02-d160-4062-831b-fc079a0ca63f", "code":200, "text":"request terminated"}
{"ts":"2021-03-12T15:30:24.402160", "source":"delta", "id":"3845fe08-a7f3-4982-823f-81e1b8d88103", "code":200, "text":"request terminated"}
{"ts":"2021-03-12T15:30:30.921103", "source":"delta", "id":"994ba5d8-5de2-4591-b12d-d39e3e145c53", "code":200, "text":"request terminated"}
{"ts":"2021-03-12T15:33:21.673517", "source":"delta", "id":"6ad5477d-a46f-4821-b818-523d43df31b0", "code":500, "text":"call to epsilon"}
{"ts":"2021-03-12T15:34:08.434558", "source":"delta", "id":"8f603ddf-ef80-4087-a964-72ef7a8eef27", "code":200, "text":"request terminated"}
{"ts":"2021-03-12T15:37:29.789189", "source":"delta", "id":"cec8cc9e-8999-4e82-84b2-157d68d96c53", "code":200, "text":"request terminated"}
{"ts":"2021-03-12T15:37:47.147796", "source":"delta", "id":"5a7cdf8a-d9cc-4081-af96-a7a84a70a18b", "code":200, "text":"request terminated"}
{"ts":"2021-03-12T15:38:40.487156", "source":"delta", "id":"0d23fc7c-25e0-42d5-9a98-b371d8751e10", "code":200, "text":"request terminated"}
{"ts":"2021-03-12T15:39:27.046854", "source":"delta", "id":"0445f135-eb6d-4ec3-b10a-426ccfd6d70e", "code":200, "text":"request terminated"}
{"ts":"2021-03-12T15:39:41.944651", "source":"delta", "id":"a298f853-d803-4318-9a78-ab54519ae6d8", "code":500, "text":"call to epsilon"}
{"ts":"2021-03-12T15:43:27.265560", "source":"delta", "id":"d239915e-446a-4915-a71b-68aecb60faf3", "code":200, "text":"request terminated"}
{"ts":"2021-03-12T15:47:36.744341", "source":"delta", "id":"ab37f438-3084-45d6-b1f2-88bf5ec9fe7f", "code":200, "text":"request terminated"}
{"ts":"2021-03-12T15:48:38.333625", "source":"delta", "id":"a4bc172e-a7d1-4576-8814-ad084f9701a5", "code":200, "text":"request terminated"}
{"ts":"2021-03-12T15:49:05.816040", "source":"delta", "id":"899c538e-7371-40bb-b59c-09a1ee3fda78", "code":200, "text":"request terminated"}
{"ts":"2021-03-12T15:49:42.604605", "source":"delta", "id":"4129cc39-d411-40d6-9ce8-c7fb7ae1b76d", "code":200, "text":"request terminated"}
{"ts":"2021-03-12T15:50:48.449102", "source":"delta", "id":"3058bdc4-ae37-4dd8-8f27-760100a063ee", "code":200, "text":"request terminated"}
{"ts":"2021-03-12T15:50:57.440941", "source":"delta", "id":"19fca87b-4e7a-4110-b5ff-3fbf79bfa56c", "code":200, "text":"request terminated"}
{"ts":"2021-03-12T15:52:20.899110", "source":"delta", "id":"9d89e720-23f3-4d7f-810d-a51cac3e3272", "code":200, "text":"request terminated"}
{"ts":"2021-03-12T15:52:54.551658", "source":"delta", "id":"4b20d134-8717-4f66-b03b-755dfce7025b", "code":200, "text":"request terminated"}
{"ts":"2021-03-12T15:53:10.690032", "source":"delta", "id":"32d546e4-5274-4de9-a716-f8552d0029b0", "code":200, "text":"request terminated"}
{"ts":"2021-03-12T15:55:12.473230", "source":"delta", "id":"444563fd-22a7-40ee-a343-6760dfa68a7c", "code":200, "text":"request terminated"}
{"ts":"2021-03-12T15:56:06.503689", "source":"delta", "id":"0c590fa7-d04e-4965-ad07-0b5794a0731b", "code":500, "text":"call to epsilon"}
{"ts":"2021-03-12T15:57:32.046021", "source":"delta", "id":"675831f5-5210-42a2-bb77-f5d24d97339f", "code":500, "text":"call to epsilon"}
{"ts":"2021-03-12T15:57:32.137539", "source":"delta", "id":"dafaecac-810a-41dc-8dd4-83766a8e88d7", "code":200, "text":"request terminated"}
{"ts":"2021-03-12T16:00:31.443499", "source":"delta", "id":"0a4e79f0-3296-4d0d-bdab-313e3640bc8e", "code":200, "text":"request terminated"}
{"ts":"2021-03-12T16:01:04.552461", "source":"delta", "id":"630d6461-e096-4fd8-a089-263c2e1cb598", "code":200, "text":"request terminated"}
{"ts":"2021-03-12T16:04:50.140616", "source":"delta", "id":"948d25a1-ce35-48c1-bd3d-e47e83792ef1", "code":200, "text":"request terminated"}
{"ts":"2021-03-12T16:04:59.758800", "source":"delta", "id":"8b9c23b0-a479-4982-9b90-50f64a0fb98b", "code":200, "text":"request terminated"}
{"ts":"2021-03-12T16:05:13.104930", "source":"delta", "id":"eff6d055-86fd-477c-b4ab-5bb0447f6398", "code":200, "text":"request terminated"}
{"ts":"2021-03-12T16:07:24.116653", "source":"delta", "id":"4ba34af8-249b-47b2-820d-540453870507", "code":200, "text":"request terminated"}
{"ts":"2021-03-12T16:07:56.259393", "source":"delta", "id":"dc2ea8e1-18c4-4a8f-b57c-04c975b9cbd3", "code":200, "text":"request terminated"}
{"ts":"2021-03-12T16:07:58.906833", "source":"delta", "id":"e1c32405-8360-47d2-9f9d-6db919054262", "code":500, "text":"call to epsilon"}
{"ts":"2021-03-12T16:10:17.962972", "source":"delta", "id":"dfb437a7-4bf2-48f1-bc77-06cd76a18bca", "code":200, "text":"request terminated"}
{"ts":"2021-03-12T16:10:47.544383", "source":"delta", "id":"4baf7bcf-e424-48b3-8173-283830505e04", "code":200, "text":"request terminated"}
{"ts":"2021-03-12T16:10:56.225235", "source":"delta", "id":"3966a287-a1fb-4703-857c-ff7caba9a13d", "code":500, "text":"call to epsilon"}
{"ts":"2021-03-12T16:14:48.602614", "source":"delta", "id":"a84440a6-ff88-4c0f-967b-5c22d6b72d88", "code":200, "text":"request terminated"}
{"ts":"2021-03-12T16:17:19.588659", "source":"delta", "id":"975b1999-2c3b-490b-9c3b-f859667f78d5", "code":200, "text":"request terminated"}
{"ts":"2021-03-12T16:17:52.222131", "source":"delta", "id":"33322d5a-e6e8-46f6-a0ab-f52f67733d99", "code":200, "text":"request terminated"}
{"ts":"2021-03-12T16:18:08.246801", "source":"delta", "id":"5d99969c-9fed-4b3b-8804-41c622325fa6", "code":500, "text":"call to epsilon"}
{"ts":"2021-03-12T16:20:19.566450", "source":"delta", "id":"c161c768-ff4f-499f-82b2-448d82b89673", "code":200, "text":"request terminated"}
{"ts":"2021-03-12T16:23:23.707156", "source":"delta", "id":"14ec0b09-0424-4047-ad25-02edde9083d4", "code":200, "text":"request terminated"}
{"ts":"2021-03-12T16:27:01.012341", "source":"delta", "id":"adb0155c-08cf-45e7-91e9-d5b76cda6df4", "code":500, "text":"call to epsilon"}
{"ts":"2021-03-12T16:30:36.473265", "source":"delta", "id":"ced72eb2-3708-4112-9b50-6eba35b9e12a", "code":500, "text":"call to epsilon"}
{"ts":"2021-03-12T16:30:47.617053", "source":"delta", "id":"af9c3464-1f98-492c-9bbd-ab64d8c6cab6", "code":200, "text":"request terminated"}
{"ts":"2021-03-12T16:34:39.608880", "source":"delta", "id":"1e23232a-1b3a-482d-8396-6dadbc183d98", "code":200, "text":"request terminated"}
{"ts":"2021-03-12T16:35:38.327959", "source":"delta", "id":"4c75fd22-8e65-456d-b85a-0639f7dca437", "code":200, "text":"request terminated"}
{"ts":"2021-03-12T16:35:51.797396", "source":"delta", "id":"912a315e-79f7-4e5d-b41d-d8400d045a6a", "code":200, "text":"request terminated"}
{"ts":"2021-03-12T16:36:25.201872", "source":"delta", "id":"ba11cb26-d9b9-447f-a4a5-4f41325d223a", "code":200, "text":"request terminated"}
{"ts":"2021-03-12T16:37:51.623007", "source":"delta", "id":"b20308ee-4d8a-44a0-9ece-eadd3214f458", "code":200, "text":"request terminated"}
{"ts":"2021-03-12T16:40:12.495023", "source":"delta", "id":"a1e8a175-b64d-418a-8ed2-0973e934d82b", "code":200, "text":"request terminated"}
{"ts":"2021-03-12T16:41:17.707648", "source":"delta", "id":"7fe072a1-a7cf-484e-b182-477b2b94f26a", "code":500, "text":"call to epsilon"}
{"ts":"2021-03-12T16:43:28.780034", "source":"delta", "id":"4dd6813f-e245-4289-bb82-73992ec2cb1d", "code":200, "text":"request terminated"}
{"ts":"2021-03-12T16:43:53.031087", "source":"delta", "id":"793745d3-d193-407a-8d94-3103f71e7180", "code":200, "text":"request terminated"}
{"ts":"2021-03-12T16:49:14.969907", "source":"delta", "id":"ee620cd1-5adc-4162-9801-d5d5af133230", "code":200, "text":"request terminated"}
{"ts":"2021-03-12T16:52:10.004842", "source":"delta", "id":"629fd12d-fd3d-41f2-ad3d-7d8a7289c82c", "code":200, "text":"request terminated"}
{"ts":"2021-03-12T16:58:25.268763", "source":"delta", "id":"eea79c36-65eb-43df-b237-141c1625bdd9", "code":200, "text":"request terminated"}
{"ts":"2021-03-12T16:58:49.761503", "source":"delta", "id":"db15257e-e9aa-43c8-b5d4-062aeefd42ad", "code":500, "text":"call to epsilon"}
{"ts":"2021-03-12T17:00:52.242748", "source":"delta", "id":"55dfdddf-aeaa-4bbd-aac2-e5b96efde1ce", "code":200, "text":"request terminated"}
{"ts":"2021-03-12T17:01:33.433306", "source":"delta", "id":"7701ac3d-0e8f-4b93-94c0-ce52a0e0dd52", "code":200, "text":"request terminated"}
{"ts":"2021-03-12T17:01:46.072888", "source":"delta", "id":"43a7aa99-92f4-4cfb-9252-a53b2b649ed0", "code":500, "text":"call to epsilon"}
{"ts":"2021-03-12T17:08:18.965084", "source":"delta", "id":"4d5e674a-02ce-491a-b1b3-4b492637083e", "code":200, "text":"request terminated"}
{"ts":"2021-03-12T17:08:31.682121", "source":"delta", "id":"5e727818-3b56-4ced-90d1-bc4122498c18", "code":200, "text":"request terminated"}
{"ts":"2021-03-12T17:08:46.385914", "source":"delta", "id":"8e5ae5d6-5e4b-44f9-ae4d-6f5465487b59", "code":200, "text":"request terminated"}
{"ts":"2021-03-12T17:08:57.423343", "source":"delta", "id":"ed552a8d-392a-4195-a20e-93bbaba3ad7e", "code":500, "text":"call to epsilon"}
{"ts":"2021-03-12T17:09:43.920038", "source":"delta", "id":"0fde70bf-b3c5-44f8-b984-b02be3b963f3", "code":200, "text":"request terminated"}
{"ts":"2021-03-12T17:12:06.174493", "source":"delta", "id":"fcce20d4-d011-437b-ab84-6d0f76525174", "code":200, "text":"request terminated"}
{"ts":"2021-03-12T17:12:52.752697", "source":"delta", "id":"92002cd4-5eed-4f35-ae08-f94b698f3689", "code":200, "text":"request terminated"}
{"ts":"2021-03-12T17:15:25.149833", "source":"delta", "id":"721d46ea-d4ff-42f5-bd0a-be7f036e2cc3", "code":200, "text":"request terminated"}
{"ts":"2021-03-12T17:15:33.022614", "source":"delta", "id":"b68bc7d3-60c8-4dfe-aa53-51a61a7eeafb", "code":200, "text":"request terminated"}
{"ts":"2021-03-12T17:18:41.538242", "source":"delta", "id":"3dc96bde-abcd-499e-89b1-f5df429a9a75", "code":200, "text":"request terminated"}
{"ts":"2021-03-12T17:21:41.891600", "source":"delta", "id":"e595a6f2-e044-4ac5-92f4-b327a7300616", "code":200, "text":"request terminated"}
{"ts":"2021-03-12T17:23:16.280729", "source":"delta", "id":"33f8b2a5-d6e2-4066-82d1-d8c2b493914a", "code":200, "text":"request terminated"}
{"ts":"2021-03-12T17:31:27.616975", "source":"delta", "id":"75c3818d-1914-42e7-872b-213a9f42d0ea", "code":200, "text":"request terminated"}
{"ts":"2021-03-12T17:38:43.950932", "source":"delta", "id":"fb1df007-5637-476a-99dd-c4c1f76415cd", "code":200, "text":"request terminated"}
{"ts":"2021-03-12T17:39:36.375100", "source":"delta", "id":"bc39499d-add2-4612-b1fd-988cee2f96c8", "code":200, "text":"request terminated"}
{"ts":"2021-03-12T17:40:13.873286", "source":"delta", "id":"f31e1fc9-2097-40b9-8508-a89cd3917df6", "code":200, "text":"request terminated"}
{"ts":"2021-03-12T17:41:23.778989", "source":"delta", "id":"002bfc1a-f6a8-461b-8e0c-c5ced37fc552", "code":500, "text":"call to epsilon"}
{"ts":"2021-03-12T17:43:03.410404", "source":"delta", "id":"23b6ddce-58e3-45a3-b17a-fe8912380031", "code":500, "text":"call to epsilon"}
{"ts":"2021-03-12T17:43:31.269364", "source":"delta", "id":"7c5ed13d-f3c4-439d-8746-98754f42bf14", "code":200, "text":"request terminated"}
{"ts":"2021-03-12T17:49:41.168280", "source":"delta", "id":"9af02ad7-6bb5-42d6-8d89-840624b654d0", "code":500, "text":"call to epsilon"}
{"ts":"2021-03-12T17:49:52.576274", "source":"delta", "id":"be7b898a-12d0-4272-a6b2-ab3a2cf6e656", "code":200, "text":"request terminated"}
{"ts":"2021-03-12T17:51:09.373523", "source":"delta", "id":"22200755-31a0-4920-a36a-5770e57cd671", "code":200, "text":"request terminated"}
{"ts":"2021-03-12T17:53:04.869897", "source":"delta", "id":"51d9146a-fbb7-40ad-aaa2-9a46e2b1286f", "code":200, "text":"request terminated"}
{"ts":"2021-03-12T17:55:56.142741", "source":"delta", "id":"2c978887-3e51-4edc-b513-9228e8a880b4", "code":500, "text":"call to epsilon"}
{"ts":"2021-03-12T17:56:47.535962", "source":"delta", "id":"ca02806b-8910-4ea0-909d-2254f946ba93", "code":200, "text":"request terminated"}
{"ts":"2021-03-12T17:57:08.256577", "source":"delta", "id":"898c02f1-702f-45be-b3eb-8c3682d4e5cb", "code":200, "text":"request terminated"}
{"ts":"2021-03-12T18:04:05.231589", "source":"delta", "id":"6f845b3d-592c-4588-87cb-290cdb057c8f", "code":500, "text":"call to epsilon"}
{"ts":"2021-03-12T18:06:13.031702", "source":"delta", "id":"1e63c79c-4feb-48ef-b673-d20e7bef11d7", "code":500, "text":"call to epsilon"}
{"ts":"2021-03-12T18:07:57.373839", "source":"delta", "id":"07ae66c9-dda3-48a3-a936-e8771070bc62", "code":200, "text":"request terminated"}
{"ts":"2021-03-12T18:12:17.378279", "source":"delta", "id":"510cf904-680e-4b8c-ac33-93650004089d", "code":200, "text":"request terminated"}
{"ts":"2021-03-12T18:20:38.384819", "source":"delta", "id":"ec1687f7-59f9-47cf-93ee-016307a549d6", "code":200, "text":"request terminated"}
{"ts":"2021-03-12T18:20:47.275005", "source":"delta", "id":"c49b6185-c702-4918-a6dc-161dd1a9ef81", "code":500, "text":"call to epsilon"}
{"ts":"2021-03-12T18:26:12.017136", "source":"delta", "id":"dfeb1847-dca1-4661-8fb1-f6c219341ed8", "code":200, "text":"request terminated"}
{"ts":"2021-03-12T18:26:42.305922", "source":"delta", "id":"0ed518d8-aeec-479e-b0e8-89e0ecfe4d89", "code":500, "text":"call to epsilon"}
{"ts":"2021-03-12T18:29:11.926564", "source":"delta", "id":"3b0fc00b-8d96-4ea0-af22-ad1a10e6130d", "code":200, "text":"request terminated"}
{"ts":"2021-03-12T18:29:49.965287", "source":"delta", "id":"c66a3b81-92ff-4ad4-9dc9-fc85e49c97a6", "code":500, "text":"call to epsilon"}
{"ts":"2021-03-12T18:30:51.378227", "source":"delta", "id":"7b9f3f1c-5992-4c40-9464-9ce8026c9ce9", "code":500, "text":"call to epsilon"}
{"ts":"2021-03-12T18:30:52.593592", "source":"delta", "id":"0ff54705-f9b2-41f1-8e30-b3f6037527bc", "code":500, "text":"call to epsilon"}
{"ts":"2021-03-12T18:33:29.376374", "source":"delta", "id":"749cce79-00d2-42de-8414-e7c254a6c65a", "code":200, "text":"request terminated"}
{"ts":"2021-03-12T18:35:51.623137", "source":"delta", "id":"dc8ce65f-869c-44a6-aa9b-f3c70e2b0ac8", "code":500, "text":"call to epsilon"}
{"ts":"2021-03-12T18:42:48.190822", "source":"delta", "id":"740f74f2-72e9-465b-aa47-d4619931c643", "code":200, "text":"request terminated"}
{"ts":"2021-03-12T18:44:02.671006", "source":"delta", "id":"46c01f7f-4a59-4ce5-a108-fe2abad859e2", "code":200, "text":"request terminated"}
{"ts":"2021-03-12T18:51:14.377214", "source":"delta", "id":"91d692d5-6b02-4b98-8540-73d587816864", "code":200, "text":"request terminated"}
{"ts":"2021-03-12T18:51:56.515199", "source":"delta", "id":"4089fb8c-1ae3-4bbe-aa3e-db8798634724", "code":200, "text":"request terminated"}
{"ts":"2021-03-12T19:01:45.986757", "source":"delta", "id":"68bf28af-593c-44f3-a362-f8082ca43f7f", "code":200, "text":"request terminated"}
{"ts":"2021-03-12T19:08:28.501731", "source":"delta", "id":"9a16599d-abbb-4c9f-a140-9f3f5ed31704", "code":200, "text":"request terminated"}
{"ts":"2021-03-12T19:14:02.090258", "source":"delta", "id":"3fb2380f-ef2b-4dd4-9283-b72550f7915b", "code":200, "text":"request terminated"}
{"ts":"2021-03-12T19:14:15.515602", "source":"delta", "id":"b36fef47-86b5-442c-83fe-2048d8a6ee4c", "code":200, "text":"request terminated"}
{"ts":"2021-03-12T19:16:26.797251", "source":"delta", "id":"6f6bc359-34f6-42f5-b39d-5b6a4b325dcb", "code":200, "text":"request terminated"}
{"ts":"2021-03-12T19:17:29.076593", "source":"delta", "id":"eb8a63b1-c731-4c51-b323-c5b628d07306", "code":500, "text":"call to epsilon"}
{"ts":"2021-03-12T19:20:22.787016", "source":"delta", "id":"adc74799-5cd8-4729-91b0-57c669c9ed3f", "code":200, "text":"request terminated"}
{"ts":"2021-03-12T19:23:18.247431", "source":"delta", "id":"bd040e4e-b4f0-4248-a84e-d2d36f791c7e", "code":200, "text":"request terminated"}
{"ts":"2021-03-12T19:27:29.909009", "source":"delta", "id":"58ae46af-a030-4a7d-8aae-62868419e835", "code":200, "text":"request terminated"}
{"ts":"2021-03-12T19:32:43.407239", "source":"delta", "id":"f477a3ee-1bcb-40fa-931e-17634afd7129", "code":200, "text":"request terminated"}
{"ts":"2021-03-12T19:35:08.351319", "source":"delta", "id":"14fee8e5-d6d4-4e4a-9307-17843e3e3960", "code":200, "text":"request terminated"}
{"ts":"2021-03-12T19:35:38.223779", "source":"delta", "id":"627f1d79-5c67-4951-97dd-7b24630e0f34", "code":200, "text":"request terminated"}
{"ts":"2021-03-12T19:43:03.687924", "source":"delta", "id":"e4ef900e-a508-48b5-ad4c-6c087194497f", "code":200, "text":"request terminated"}
{"ts":"2021-03-12T19:43:25.004684", "source":"delta", "id":"af64f887-bb1f-40cc-b59f-1397de3d2f19", "code":200, "text":"request terminated"}
{"ts":"2021-03-12T19:46:25.918904", "source":"delta", "id":"7365c3f5-14a5-40a6-8c4e-47839fda669e", "code":200, "text":"request terminated"}
{"ts":"2021-03-12T19:46:37.234260", "source":"delta", "id":"74005b05-28dd-471e-b464-b0d9c6d59a3b", "code":200, "text":"request terminated"}
{"ts":"2021-03-12T19:47:55.856441", "source":"delta", "id":"6a8c2bb0-2dee-446f-971b-c1e197a6cfbe", "code":200, "text":"request terminated"}
{"ts":"2021-03-12T19:53:53.732615", "source":"delta", "id":"dffdd2ff-fa85-442d-9f9c-766b7b28414e", "code":200, "text":"request terminated"}
{"ts":"2021-03-12T19:54:49.469459", "source":"delta", "id":"5969cfc4-d49a-47b6-a800-7dc20d55c15d", "code":500, "text":"call to epsilon"}
{"ts":"2021-03-12T19:57:54.129173", "source":"delta", "id":"727c74d1-49d0-46e3-a0e2-44cd71821652", "code":500, "text":"call to epsilon"}
{"ts":"2021-03-12T19:58:12.117194", "source":"delta", "id":"ae39a1c2-3e97-485a-8ae1-3cb6812deb11", "code":500, "text":"call to epsilon"}
{"ts":"2021-03-12T19:58:15.045171", "source":"delta", "id":"accdd8d8-47a9-42e8-930d-7d96b7291469", "code":200, "text":"request terminated"}
{"ts":"2021-03-12T19:59:09.474759", "source":"delta", "id":"b44754ae-c084-414e-8ca5-ab4f7ec635a6", "code":500, "text":"call to epsilon"}
{"ts":"2021-03-12T20:01:17.721871", "source":"delta", "id":"241c6e3e-195c-4b6f-a6f6-0ad1262e5e40", "code":500, "text":"call to epsilon"}
{"ts":"2021-03-12T20:03:59.434893", "source":"delta", "id":"dddb826e-0d4d-4d5b-83e2-50f83c24f795", "code":200, "text":"request terminated"}
{"ts":"2021-03-12T20:04:53.265120", "source":"delta", "id":"07515967-5f1d-494f-a638-207219246e85", "code":200, "text":"request terminated"}
{"ts":"2021-03-12T20:09:43.557288", "source":"delta", "id":"d8c0eac7-30aa-45e3-916f-c2e0bfe59a1c", "code":200, "text":"request terminated"}
{"ts":"2021-03-12T20:18:26.211125", "source":"delta", "id":"4fad3279-1996-4075-a8db-1fcd871f5632", "code":200, "text":"request terminated"}
{"ts":"2021-03-12T20:19:39.999595", "source":"delta", "id":"21116242-2e49-4699-8dd2-43cc4a86cbae", "code":200, "text":"request terminated"}
{"ts":"2021-03-12T20:24:10.377817", "source":"delta", "id":"83ece121-31a0-4bc7-9077-eeec37bd8976", "code":200, "text":"request terminated"}
{"ts":"2021-03-12T20:25:00.514750", "source":"delta", "id":"f7844c3a-5e90-4467-a4b0-e7817abfc413", "code":200, "text":"request terminated"}
{"ts":"2021-03-12T20:27:25.463698", "source":"delta", "id":"64a24aa3-fae8-40d8-adb4-2f37c178ff8b", "code":200, "text":"request terminated"}
{"ts":"2021-03-12T20:29:19.209751", "source":"delta", "id":"43857823-c981-40f6-bb7f-fb6f6108b203", "code":200, "text":"request terminated"}
{"ts":"2021-03-12T20:36:19.889266", "source":"delta", "id":"0d958030-87ad-426f-b273-e4ef9118ac1a", "code":200, "text":"request terminated"}
{"ts":"2021-03-12T20:42:24.252427", "source":"delta", "id":"88c61205-b9af-4e34-a15f-efad92fa379c", "code":200, "text":"request terminated"}
{"ts":"2021-03-12T20:50:15.233745", "source":"delta", "id":"3c6194cf-90f8-465f-b6f0-ab2195f7c8b4", "code":500, "text":"call to epsilon"}
{"ts":"2021-03-12T20:56:23.797301", "source":"delta", "id":"0a89c26f-5b00-4e6f-b947-7eff82fc094e", "code":200, "text":"request terminated"}
{"ts":"2021-03-12T20:58:34.641775", "source":"delta", "id":"68c92cb5-7c97-45e0-b9c7-53ac16e7fc0d", "code":200, "text":"request terminated"}
{"ts":"2021-03-12T21:08:43.606507", "source":"delta", "id":"2e880fd7-f1c0-4dea-808d-9d413b11fe99", "code":200, "text":"request terminated"}
{"ts":"2021-03-12T21:14:15.354045", "source":"delta", "id":"8270f7ae-615e-4076-978a-dd16c431c0a0", "code":200, "text":"request terminated"}
{"ts":"2021-03-12T21:14:24.426812", "source":"delta", "id":"e74642a0-a56f-47de-a66d-51ea05c1d233", "code":200, "text":"request terminated"}
{"ts":"2021-03-12T21:14:36.219406", "source":"delta", "id":"77ae7825-4c18-4279-8b60-a68524bb0ada", "code":200, "text":"request terminated"}
{"ts":"2021-03-12T21:23:50.944845", "source":"delta", "id":"53413832-b3f8-48d6-bb31-fb4c40713878", "code":500, "text":"call to epsilon"}
{"ts":"2021-03-12T21:30:23.790558", "source":"delta", "id":"7cb32408-b942-453b-a2f6-2c5552c60c00", "code":200, "text":"request terminated"}
{"ts":"2021-03-12T22:08:48.813489", "source":"delta", "id":"181a1863-9750-4e91-9208-10d793a89aa0", "code":500, "text":"call to epsilon"}
{"ts":"2021-03-12T22:20:47.061103", "source":"delta", "id":"211985db-b29f-4e6a-a8db-88ab3f42e409", "code":200, "text":"request terminated"}
{"ts":"2021-03-12T22:49:23.202578", "source":"delta", "id":"05188411-aba1-408b-89d2-0389c1f0284a", "code":200, "text":"request terminated"}
{"ts":"2021-03-12T23:15:50.650036", "source":"delta", "id":"098a2a33-b796-4bbb-9ff6-83a476831d5c", "code":200, "text":"request terminated"}
{"ts":"2021-03-12T23:17:29.163982", "source":"delta", "id":"8515dfbc-ae19-495b-8da0-ea57b9ad39ef", "code":200, "text":"request terminated"}
