{"ts":"2021-03-12T00:43:31.795422", "source":"epsilon", "id":"44c1820b-d739-49e5-8044-1348482bebff", "code":200, "text":"request terminated"}
{"ts":"2021-03-12T00:44:32.601193", "source":"epsilon", "id":"3c6db0e8-457a-4525-83dd-caec82867381", "code":200, "text":"request terminated"}
{"ts":"2021-03-12T01:12:57.951962", "source":"epsilon", "id":"df236d5a-53e0-4640-a209-c7d7bf56f3ae", "code":200, "text":"request terminated"}
{"ts":"2021-03-12T01:25:27.546706", "source":"epsilon", "id":"57015c95-ded1-4aeb-9b3c-594dbe3a408c", "code":200, "text":"request terminated"}
{"ts":"2021-03-12T01:25:45.705945", "source":"epsilon", "id":"13cd38e2-b7f7-47fc-aac0-dfc87aa6b3b2", "code":200, "text":"request terminated"}
{"ts":"2021-03-12T01:34:37.442491", "source":"epsilon", "id":"587a2646-ed98-4912-a845-e6bc5da99d3f", "code":200, "text":"request terminated"}
{"ts":"2021-03-12T02:10:48.780008", "source":"epsilon", "id":"93f2905e-4998-4c97-92e0-10606563dad8", "code":200, "text":"request terminated"}
{"ts":"2021-03-12T02:24:27.786445", "source":"epsilon", "id":"bb354362-77ea-449a-a162-5bb7298f7a48", "code":200, "text":"request terminated"}
{"ts":"2021-03-12T02:34:36.665971", "source":"epsilon", "id":"76ccb667-4ac1-485a-a8b4-9dabccaf9957", "code":200, "text":"request terminated"}
{"ts":"2021-03-12T02:39:39.368990", "source":"epsilon", "id":"7dff01f1-fb9c-4713-a960-30d33942dffe", "code":200, "text":"request terminated"}
{"ts":"2021-03-12T02:51:20.786381", "source":"epsilon", "id":"36ccd2ba-33f6-4d1f-8758-bc13fb5963cd", "code":200, "text":"request terminated"}
{"ts":"2021-03-12T02:52:38.189093", "source":"epsilon", "id":"e783b52e-4bde-4636-9133-1391400fbdb7", "code":200, "text":"request terminated"}
{"ts":"2021-03-12T02:54:36.861658", "source":"epsilon", "id":"a69fc4fd-d702-4cbf-82c6-203061d2ca56", "code":200, "text":"request terminated"}
{"ts":"2021-03-12T02:56:39.156540", "source":"epsilon", "id":"986c9c85-4f2c-443c-b5d9-e566d63ac48b", "code":200, "text":"request terminated"}
{"ts":"2021-03-12T03:03:01.373745", "source":"epsilon", "id":"9dd56e83-8d07-4b45-a745-d4934a67d429", "code":200, "text":"request terminated"}
{"ts":"2021-03-12T03:08:08.329252", "source":"epsilon", "id":"48fc060c-1221-41cb-9fc2-73f3417a0f32", "code":200, "text":"request terminated"}
{"ts":"2021-03-12T03:22:05.395667", "source":"epsilon", "id":"e0cfd37b-d52a-4901-a8cf-837814f2c4b6", "code":200, "text":"request terminated"}
{"ts":"2021-03-12T03:32:59.585230", "source":"epsilon", "id":"0f445bb9-f096-46da-89d5-8a9028692a6e", "code":200, "text":"request terminated"}
{"ts":"2021-03-12T03:37:44.006936", "source":"epsilon", "id":"73fde505-c999-44f4-8048-eda4d3c8784e", "code":200, "text":"request terminated"}
{"ts":"2021-03-12T03:46:19.895959", "source":"epsilon", "id":"74aa4db3-9361-4476-8e08-6defeba1a442", "code":200, "text":"request terminated"}
{"ts":"2021-03-12T03:50:09.917885", "source":"epsilon", "id":"6585d6cc-318b-433e-95f1-e599efe3b018", "code":200, "text":"request terminated"}
{"ts":"2021-03-12T03:50:15.920187", "source":"epsilon", "id":"3b01cecf-a716-4e7f-bf73-31d10aa31dcb", "code":200, "text":"request terminated"}
{"ts":"2021-03-12T03:51:37.297029", "source":"epsilon", "id":"fc69aa0a-4fe3-4bb5-896e-bee0aff3dd9d", "code":200, "text":"request terminated"}
{"ts":"2021-03-12T03:53:45.386136", "source":"epsilon", "id":"7ffa053c-92d7-4b33-8596-ff7b68594c5b", "code":200, "text":"request terminated"}
{"ts":"2021-03-12T04:11:58.719616", "source":"epsilon", "id":"cacd99d8-2173-4243-bda2-f0e789e318c5", "code":200, "text":"request terminated"}
{"ts":"2021-03-12T04:13:02.180252", "source":"epsilon", "id":"42d85b63-1b83-4ef1-a438-2a3f5bfd7100", "code":200, "text":"request terminated"}
{"ts":"2021-03-12T04:14:14.686914", "source":"epsilon", "id":"4bbcb96b-af79-4fc1-b9ab-d78b8577c3b5", "code":200, "text":"request terminated"}
{"ts":"2021-03-12T04:14:17.772196", "source":"epsilon", "id":"c4bde591-276f-4de6-9221-41c7ecd0506c", "code":200, "text":"request terminated"}
{"ts":"2021-03-12T04:16:06.033863", "source":"epsilon", "id":"b6955cc3-aaad-4a31-8c8b-423a9929c039", "code":200, "text":"request terminated"}
{"ts":"2021-03-12T04:27:44.884653", "source":"epsilon", "id":"bead99b9-35be-481e-b1ff-5c190b560dec", "code":200, "text":"request terminated"}
{"ts":"2021-03-12T04:28:39.846522", "source":"epsilon", "id":"82d5d52c-a461-40da-a3b9-aca48c026507", "code":200, "text":"request terminated"}
{"ts":"2021-03-12T04:35:14.214296", "source":"epsilon", "id":"7ccb1a28-6ce3-4304-9eb7-32094c15bb43", "code":200, "text":"request terminated"}
{"ts":"2021-03-12T04:39:39.860434", "source":"epsilon", "id":"782c0175-7d95-4835-bfa3-098738cb8c83", "code":200, "text":"request terminated"}
{"ts":"2021-03-12T04:41:33.457013", "source":"epsilon", "id":"37df6782-2619-4fc1-b823-c43b79ec4f49", "code":200, "text":"request terminated"}
{"ts":"2021-03-12T04:48:54.480965", "source":"epsilon", "id":"e526a2ce-9c7b-46b9-9fb8-56058c3e2759", "code":200, "text":"request terminated"}
{"ts":"2021-03-12T04:50:58.710899", "source":"epsilon", "id":"14a4a8c2-b0ab-4b6e-91f3-e45f33401d65", "code":200, "text":"request terminated"}
{"ts":"2021-03-12T04:51:55.335060", "source":"epsilon", "id":"1c3d2b57-7576-46cc-9498-bfb095482574", "code":200, "text":"request terminated"}
{"ts":"2021-03-12T04:56:28.565891", "source":"epsilon", "id":"8494ea41-37b9-41a1-8bfc-a69552324ee7", "code":200, "text":"request terminated"}
{"ts":"2021-03-12T04:58:10.880305", "source":"epsilon", "id":"0234cf55-4bc2-47ec-ad2e-11b61a6797f3", "code":200, "text":"request terminated"}
{"ts":"2021-03-12T05:12:12.185467", "source":"epsilon", "id":"4ae3380f-cc77-4ee6-b380-2dfa92b3e85e", "code":200, "text":"request terminated"}
{"ts":"2021-03-12T05:12:53.949309", "source":"epsilon", "id":"44aa3ae8-05a4-44b5-90e5-c37141806fc6", "code":200, "text":"request terminated"}
{"ts":"2021-03-12T05:18:09.602445", "source":"epsilon", "id":"e9bed6e3-1257-4dc6-b2b0-02dac3f11ba1", "code":200, "text":"request terminated"}
{"ts":"2021-03-12T05:25:13.000219", "source":"epsilon", "id":"3534a76d-9554-4c23-8899-b0dd03140edb", "code":200, "text":"request terminated"}
{"ts":"2021-03-12T05:25:14.298424", "source":"epsilon", "id":"3c4406e8-fdac-44f5-ac12-a202045ae23e", "code":200, "text":"request terminated"}
{"ts":"2021-03-12T05:32:27.387312", "source":"epsilon", "id":"e33b65f4-cc95-4f0e-b107-7105425a234c", "code":200, "text":"request terminated"}
{"ts":"2021-03-12T05:34:42.211350", "source":"epsilon", "id":"48dac4d3-52b5-4ecb-a0f7-bf9b403ae730", "code":200, "text":"request terminated"}
{"ts":"2021-03-12T05:39:37.923051", "source":"epsilon", "id":"21cfd795-a712-4930-a205-fed6fc1d95d2", "code":200, "text":"request terminated"}
{"ts":"2021-03-12T05:48:54.938319", "source":"epsilon", "id":"74f1821b-ec01-4239-a669-bcf415021372", "code":200, "text":"request terminated"}
{"ts":"2021-03-12T05:49:44.821696", "source":"epsilon", "id":"cba926b3-7fe6-4463-8481-48b6df7245c6", "code":200, "text":"request terminated"}
{"ts":"2021-03-12T05:52:10.339501", "source":"epsilon", "id":"5b35429c-f446-4a44-a490-c850668eb827", "code":200, "text":"request terminated"}
{"ts":"2021-03-12T05:59:57.199803", "source":"epsilon", "id":"bfefc7e8-f5a3-4abe-8e57-70d1a992e7d5", "code":200, "text":"request terminated"}
{"ts":"2021-03-12T06:03:29.344185", "source":"epsilon", "id":"243fe23f-4691-4e01-b8be-18859b4e7b15", "code":200, "text":"request terminated"}
{"ts":"2021-03-12T06:10:57.340657", "source":"epsilon", "id":"83436c38-01c4-41fd-898e-d26ab67f13a9", "code":200, "text":"request terminated"}
{"ts":"2021-03-12T06:16:41.508812", "source":"epsilon", "id":"cae6d95c-da4a-4a9c-840c-2d5094c0018f", "code":200, "text":"request terminated"}
{"ts":"2021-03-12T06:22:14.995957", "source":"epsilon", "id":"ecb4abbc-82ee-4ec3-baa8-3eb9b140ed44", "code":200, "text":"request terminated"}
{"ts":"2021-03-12T06:23:33.834142", "source":"epsilon", "id":"b7f562f7-9786-45d8-9ca3-c55b88e47c5c", "code":200, "text":"request terminated"}
{"ts":"2021-03-12T06:30:16.281577", "source":"epsilon", "id":"f0929fb5-c208-4df6-a432-6590a8af6f89", "code":200, "text":"request terminated"}
{"ts":"2021-03-12T06:31:42.045542", "source":"epsilon", "id":"d816460a-56b9-47ac-ab00-cfa0d9829303", "code":200, "text":"request terminated"}
{"ts":"2021-03-12T06:33:10.447274", "source":"epsilon", "id":"fbbdda12-198a-4be8-98a0-a6ed75c072a0", "code":200, "text":"request terminated"}
{"ts":"2021-03-12T06:33:57.493233", "source":"epsilon", "id":"3d824825-f1bd-40df-92a8-e8b30d4323c5", "code":200, "text":"request terminated"}
{"ts":"2021-03-12T06:35:06.780116", "source":"epsilon", "id":"4feeff15-efa1-4cd6-ae93-3c45b71e111f", "code":200, "text":"request terminated"}
{"ts":"2021-03-12T06:36:40.825407", "source":"epsilon", "id":"a6d6a64b-c648-434c-9a53-db70ad37ed69", "code":200, "text":"request terminated"}
{"ts":"2021-03-12T06:40:01.306195", "source":"epsilon", "id":"a8f4379b-e5c0-40ba-bc1d-ff1fc224e2c9", "code":200, "text":"request terminated"}
{"ts":"2021-03-12T06:42:16.576571", "source":"epsilon", "id":"bb563f17-37cb-48f3-b65c-9ae4b37abecc", "code":200, "text":"request terminated"}
{"ts":"2021-03-12T06:43:45.875860", "source":"epsilon", "id":"93084e62-bd88-4163-bdc9-1042290ccac9", "code":200, "text":"request terminated"}
{"ts":"2021-03-12T06:46:35.378962", "source":"epsilon", "id":"b3650f94-6049-4bd7-8af6-ffbbdfe6947a", "code":200, "text":"request terminated"}
{"ts":"2021-03-12T06:47:46.249810", "source":"epsilon", "id":"b4a2d3e0-af47-492b-a41d-9b86e46b5d96", "code":200, "text":"request terminated"}
{"ts":"2021-03-12T06:48:56.027295", "source":"epsilon", "id":"2f4f21aa-90be-4e1a-b2ad-56f87d57fbe1", "code":200, "text":"request terminated"}
{"ts":"2021-03-12T06:49:17.739542", "source":"epsilon", "id":"388659cd-8a60-4fc0-ba7f-221dd7d8c323", "code":200, "text":"request terminated"}
{"ts":"2021-03-12T06:55:28.589669", "source":"epsilon", "id":"914bb171-5956-4fc5-af20-88c73561e828", "code":200, "text":"request terminated"}
{"ts":"2021-03-12T06:58:30.682533", "source":"epsilon", "id":"672e7c2f-0aa7-4960-8d3f-f29805ab53de", "code":200, "text":"request terminated"}
{"ts":"2021-03-12T07:03:25.898247", "source":"epsilon", "id":"539b5057-406a-49dc-b88e-becf134813bf", "code":200, "text":"request terminated"}
{"ts":"2021-03-12T07:03:26.410958", "source":"epsilon", "id":"abb17e43-9523-4729-be06-f425b701bb13", "code":200, "text":"request terminated"}
{"ts":"2021-03-12T07:04:19.288656", "source":"epsilon", "id":"f688ef9e-7612-4720-827f-02f7d910a544", "code":200, "text":"request terminated"}
{"ts":"2021-03-12T07:04:33.978644", "source":"epsilon", "id":"92774863-de09-4570-b671-51b89291db37", "code":200, "text":"request terminated"}
{"ts":"2021-03-12T07:07:34.862808", "source":"epsilon", "id":"86c3f2e1-7c4d-4ea0-897a-7b022faebcda", "code":200, "text":"request terminated"}
{"ts":"2021-03-12T07:08:47.042134", "source":"epsilon", "id":"28b0ebb4-8102-4d08-9c5e-4c638805e28a", "code":200, "text":"request terminated"}
{"ts":"2021-03-12T07:12:29.872080", "source":"epsilon", "id":"dde49c20-0b7e-4d09-a753-02a62ec43f44", "code":200, "text":"request terminated"}
{"ts":"2021-03-12T07:12:45.767219", "source":"epsilon", "id":"af44d59c-9d3b-4eba-be84-56bb7a97dd81", "code":200, "text":"request terminated"}
{"ts":"2021-03-12T07:16:48.513181", "source":"epsilon", "id":"18254790-6ca8-40ba-85e0-f67ecab6408f", "code":200, "text":"request terminated"}
{"ts":"2021-03-12T07:21:24.202863", "source":"epsilon", "id":"a7a4d4fc-ded1-4ebb-829b-ce54b83cfa58", "code":200, "text":"request terminated"}
{"ts":"2021-03-12T07:21:27.646751", "source":"epsilon", "id":"e9458477-65cb-4533-91f7-62b34e425f94", "code":200, "text":"request terminated"}
{"ts":"2021-03-12T07:25:10.996887", "source":"epsilon", "id":"351f5efd-0d37-4bcc-beb5-50bfdb88fecd", "code":200, "text":"request terminated"}
{"ts":"2021-03-12T07:26:44.838335", "source":"epsilon", "id":"3d4112bd-f30b-491e-b03c-e82a7b0ef714", "code":200, "text":"request terminated"}
{"ts":"2021-03-12T07:28:48.812183", "source":"epsilon", "id":"288cd9f9-2b4b-46f7-a07d-19a571378339", "code":200, "text":"request terminated"}
{"ts":"2021-03-12T07:29:45.215565", "source":"epsilon", "id":"47a1cd57-2fa9-43d3-9bed-fc0b537d8ecf", "code":200, "text":"request terminated"}
{"ts":"2021-03-12T07:31:40.818971", "source":"epsilon", "id":"3bc1fd5e-a335-4a82-989c-3c9fd1bbf8c9", "code":200, "text":"request terminated"}
{"ts":"2021-03-12T07:37:34.307378", "source":"epsilon", "id":"e9ebeb37-8c56-4150-b58a-9a4da23cace7", "code":200, "text":"request terminated"}
{"ts":"2021-03-12T07:39:22.296369", "source":"epsilon", "id":"e30edd84-1f50-4774-8daf-ed232a92b1b9", "code":200, "text":"request terminated"}
{"ts":"2021-03-12T07:39:58.721189", "source":"epsilon", "id":"dd2bd635-f70a-4381-a5cd-dd7f9c5a3d3c", "code":200, "text":"request terminated"}
{"ts":"2021-03-12T07:42:13.288699", "source":"epsilon", "id":"253ca32b-6c8e-4d56-8c23-5bcbc97bda7f", "code":200, "text":"request terminated"}
{"ts":"2021-03-12T07:43:24.966904", "source":"epsilon", "id":"03f6b9b5-6081-4af9-a592-c637222aa0d8", "code":200, "text":"request terminated"}
{"ts":"2021-03-12T07:44:24.434237", "source":"epsilon", "id":"1e58a890-ffd8-4b73-8b12-919180259694", "code":200, "text":"request terminated"}
{"ts":"2021-03-12T07:45:21.082585", "source":"epsilon", "id":"038736e7-51f3-4383-9ef2-c4f7da375d57", "code":200, "text":"request terminated"}
{"ts":"2021-03-12T07:46:09.825260", "source":"epsilon", "id":"a84ec4ff-9466-44cb-8380-f08f99d243fe", "code":200, "text":"request terminated"}
{"ts":"2021-03-12T07:53:28.411053", "source":"epsilon", "id":"90f28261-3124-4c63-b90d-ec29dfbfe5e4", "code":200, "text":"request terminated"}
{"ts":"2021-03-12T07:55:57.812213", "source":"epsilon", "id":"8ba957a1-256b-4138-9192-cfbec4aebabf", "code":200, "text":"request terminated"}
{"ts":"2021-03-12T07:55:59.804705", "source":"epsilon", "id":"91b90c70-c20f-41c6-b6f1-f1d741914bc9", "code":200, "text":"request terminated"}
{"ts":"2021-03-12T07:56:22.257617", "source":"epsilon", "id":"a3a30cf3-6a3d-434b-89d0-bed61cd1a40d", "code":200, "text":"request terminated"}
{"ts":"2021-03-12T07:57:39.414670", "source":"epsilon", "id":"41578715-d99f-4c4c-add3-46bd2f93b296", "code":200, "text":"request terminated"}
{"ts":"2021-03-12T07:57:44.686431", "source":"epsilon", "id":"d8d3ec1a-7ace-4ad3-8a9a-44507c13047e", "code":200, "text":"request terminated"}
{"ts":"2021-03-12T07:58:20.241429", "source":"epsilon", "id":"35f4a75b-4d8d-435a-aee3-7db65a8d0dd3", "code":200, "text":"request terminated"}
{"ts":"2021-03-12T08:00:35.061931", "source":"epsilon", "id":"874de513-7bd1-4487-a736-aef6471fa7e0", "code":200, "text":"request terminated"}
{"ts":"2021-03-12T08:01:23.945986", "source":"epsilon", "id":"f8eca60d-243b-4dcd-afd2-7b0fdb71d5ec", "code":200, "text":"request terminated"}
{"ts":"2021-03-12T08:05:18.007380", "source":"epsilon", "id":"c6b1e8e2-50f1-442d-9048-0f3c80fd4518", "code":200, "text":"request terminated"}
{"ts":"2021-03-12T08:05:57.468013", "source":"epsilon", "id":"64b1f7d5-9598-4004-a640-a63f745dac07", "code":200, "text":"request terminated"}
{"ts":"2021-03-12T08:06:14.145366", "source":"epsilon", "id":"efdd4738-946a-4641-ae52-c41a67ee547d", "code":200, "text":"request terminated"}
{"ts":"2021-03-12T08:06:19.158099", "source":"epsilon", "id":"1566e14e-a4be-411a-b260-b47acdacfc14", "code":200, "text":"request terminated"}
{"ts":"2021-03-12T08:06:50.787931", "source":"epsilon", "id":"a86760cb-b13d-4bce-8804-15b5e29fe322", "code":200, "text":"request terminated"}
{"ts":"2021-03-12T08:14:01.264857", "source":"epsilon", "id":"bdfe0ff0-d67e-477d-aebf-6ab5cc407952", "code":200, "text":"request terminated"}
{"ts":"2021-03-12T08:14:33.449067", "source":"epsilon", "id":"fb9b0001-a1d9-45c2-b406-3fd8b49c27c1", "code":200, "text":"request terminated"}
{"ts":"2021-03-12T08:15:23.367238", "source":"epsilon", "id":"227c8117-5f43-419d-9027-0ea182a3dddf", "code":200, "text":"request terminated"}
{"ts":"2021-03-12T08:15:54.985940", "source":"epsilon", "id":"7e02b402-8f05-47f4-a3dd-a771a0b8dab8", "code":200, "text":"request terminated"}
{"ts":"2021-03-12T08:20:39.160537", "source":"epsilon", "id":"bdc508b1-1569-41af-b223-3222d5ca006e", "code":200, "text":"request terminated"}
{"ts":"2021-03-12T08:23:37.048556", "source":"epsilon", "id":"5d4d18cb-a461-4e69-bac5-45b4a22c058c", "code":200, "text":"request terminated"}
{"ts":"2021-03-12T08:23:57.326088", "source":"epsilon", "id":"96400a89-6721-4f12-9588-dd4f2ba9f0ee", "code":200, "text":"request terminated"}
{"ts":"2021-03-12T08:24:48.659652", "source":"epsilon", "id":"e570dfc0-5a4d-4f66-834b-e81ebd43be93", "code":200, "text":"request terminated"}
{"ts":"2021-03-12T08:25:24.479107", "source":"epsilon", "id":"8370297c-9676-46da-bb0c-072c4d57435b", "code":200, "text":"request terminated"}
{"ts":"2021-03-12T08:26:35.295607", "source":"epsilon", "id":"b76b3189-6c3d-42f0-a207-b7642a6744d9", "code":200, "text":"request terminated"}
{"ts":"2021-03-12T08:27:28.671250", "source":"epsilon", "id":"98d7d8a4-3c6a-4979-b743-7c708fc8b33c", "code":200, "text":"request terminated"}
{"ts":"2021-03-12T08:27:40.348659", "source":"epsilon", "id":"10c99171-c1a0-4bf5-9c15-9a9231ed3fd4", "code":200, "text":"request terminated"}
{"ts":"2021-03-12T08:35:06.621608", "source":"epsilon", "id":"1592acd0-6116-4b42-95f5-bf8309a6b244", "code":200, "text":"request terminated"}
{"ts":"2021-03-12T08:37:08.236923", "source":"epsilon", "id":"f197c905-6057-431b-9b0e-6a857a198684", "code":200, "text":"request terminated"}
{"ts":"2021-03-12T08:37:28.014770", "source":"epsilon", "id":"e2734e1f-637a-4fa2-8c10-576070b57215", "code":200, "text":"request terminated"}
{"ts":"2021-03-12T08:38:33.957592", "source":"epsilon", "id":"92bfdc58-0af1-4f82-b99e-37a79edf9643", "code":200, "text":"request terminated"}
{"ts":"2021-03-12T08:39:28.424657", "source":"epsilon", "id":"b14a7cda-93a9-42e4-aec5-6f77d3e63089", "code":200, "text":"request terminated"}
{"ts":"2021-03-12T08:45:07.419282", "source":"epsilon", "id":"6ca82b18-ca28-404c-a485-51f6331039ab", "code":200, "text":"request terminated"}
{"ts":"2021-03-12T08:45:16.875530", "source":"epsilon", "id":"a2f0f5de-1e78-47fd-b94f-072975a24ff1", "code":200, "text":"request terminated"}
{"ts":"2021-03-12T08:49:42.113790", "source":"epsilon", "id":"839746a2-4ddc-428f-9ab0-3089de346f72", "code":200, "text":"request terminated"}
{"ts":"2021-03-12T08:51:06.871642", "source":"epsilon", "id":"c26f3713-d587-4e8d-8531-97381b2d9f05", "code":200, "text":"request terminated"}
{"ts":"2021-03-12T08:51:58.043986", "source":"epsilon", "id":"bd6aacbc-3252-4207-ae5f-31833db88378", "code":200, "text":"request terminated"}
{"ts":"2021-03-12T08:54:57.421079", "source":"epsilon", "id":"52976d65-5bb3-4dc6-982f-32d1ea903afa", "code":200, "text":"request terminated"}
{"ts":"2021-03-12T08:58:23.326114", "source":"epsilon", "id":"79632751-7543-46d8-89ee-c4c2355fd223", "code":200, "text":"request terminated"}
{"ts":"2021-03-12T08:58:56.158069", "source":"epsilon", "id":"b712cfb1-2bdb-4728-ae4b-5daea974ca92", "code":200, "text":"request terminated"}
{"ts":"2021-03-12T09:03:17.821070", "source":"epsilon", "id":"1ca90b23-cd85-4fe7-8e01-fb70aed814d6", "code":200, "text":"request terminated"}
{"ts":"2021-03-12T09:06:59.007200", "source":"epsilon", "id":"ece0c40e-94cf-467e-9fb7-06c48edf45db", "code":200, "text":"request terminated"}
{"ts":"2021-03-12T09:09:26.260163", "source":"epsilon", "id":"2ecd2643-c627-406d-a36c-11301b0b8f23", "code":200, "text":"request terminated"}
{"ts":"2021-03-12T09:09:33.458661", "source":"epsilon", "id":"dadbec56-1f0c-4567-b966-20e958b2fcca", "code":200, "text":"request terminated"}
{"ts":"2021-03-12T09:10:09.945218", "source":"epsilon", "id":"db22cc68-4870-4eb9-92e4-18943c6dcda2", "code":200, "text":"request terminated"}
{"ts":"2021-03-12T09:13:28.759573", "source":"epsilon", "id":"dc9f1a80-ec23-44d3-b624-7565901d872e", "code":200, "text":"request terminated"}
{"ts":"2021-03-12T09:16:51.861570", "source":"epsilon", "id":"b23bcf8b-f195-4061-8119-7a457382efda", "code":200, "text":"request terminated"}
{"ts":"2021-03-12T09:17:04.701700", "source":"epsilon", "id":"145f45ed-f570-4cf8-9655-635a0ee2636d", "code":200, "text":"request terminated"}
{"ts":"2021-03-12T09:17:20.098002", "source":"epsilon", "id":"daa00314-98aa-48be-8bd3-4f2b0429018c", "code":200, "text":"request terminated"}
{"ts":"2021-03-12T09:17:25.387084", "source":"epsilon", "id":"2c6c8cda-9a53-447c-b480-3269f9ccdf75", "code":200, "text":"request terminated"}
{"ts":"2021-03-12T09:17:37.383133", "source":"epsilon", "id":"d54a4b1e-9035-41e1-9202-1398d50e4bc3", "code":200, "text":"request terminated"}
{"ts":"2021-03-12T09:18:11.610707", "source":"epsilon", "id":"0410b30b-12a3-4a60-9b6a-bfb9afaf15db", "code":200, "text":"request terminated"}
{"ts":"2021-03-12T09:19:54.770739", "source":"epsilon", "id":"1b424271-ee43-433c-bd56-65d17fe6b2d3", "code":200, "text":"request terminated"}
{"ts":"2021-03-12T09:21:12.841079", "source":"epsilon", "id":"0e69a860-d1e7-4d59-b499-b96094c203a2", "code":200, "text":"request terminated"}
{"ts":"2021-03-12T09:23:01.429835", "source":"epsilon", "id":"ffa2eb63-aa06-4c22-b910-e2ff6221aa9a", "code":200, "text":"request terminated"}
{"ts":"2021-03-12T09:23:01.961493", "source":"epsilon", "id":"34f478af-c368-4ec1-a0cf-463aa2a285e3", "code":200, "text":"request terminated"}
{"ts":"2021-03-12T09:23:39.071133", "source":"epsilon", "id":"fae2b006-19e7-4e79-867a-9e61108e8a45", "code":200, "text":"request terminated"}
{"ts":"2021-03-12T09:23:51.343799", "source":"epsilon", "id":"470fb5c1-ba17-4152-828f-cc679670de28", "code":200, "text":"request terminated"}
{"ts":"2021-03-12T09:25:10.547607", "source":"epsilon", "id":"1bb7faa1-2684-44ff-8b40-b015e1df6c58", "code":200, "text":"request terminated"}
{"ts":"2021-03-12T09:26:06.862473", "source":"epsilon", "id":"2f5c551f-d49c-43e8-9940-0ae44345c54a", "code":200, "text":"request terminated"}
{"ts":"2021-03-12T09:28:23.137466", "source":"epsilon", "id":"f52b1440-6332-458b-a6a2-3e45c55d23b0", "code":200, "text":"request terminated"}
{"ts":"2021-03-12T09:29:43.371943", "source":"epsilon", "id":"177de786-17c5-4328-822b-4a2e66517616", "code":200, "text":"request terminated"}
{"ts":"2021-03-12T09:29:43.463872", "source":"epsilon", "id":"e95e5c27-92ec-4373-b59e-116f6aedc938", "code":200, "text":"request terminated"}
{"ts":"2021-03-12T09:30:19.603169", "source":"epsilon", "id":"e1084103-de20-455f-8487-246eb1155117", "code":200, "text":"request terminated"}
{"ts":"2021-03-12T09:31:55.942170", "source":"epsilon", "id":"b2cde97e-3ab4-40c7-a52e-2b6ce60885d4", "code":200, "text":"request terminated"}
{"ts":"2021-03-12T09:32:17.732009", "source":"epsilon", "id":"3f55021f-6d4f-407f-a062-4ec8cb45414f", "code":200, "text":"request terminated"}
{"ts":"2021-03-12T09:32:48.988950", "source":"epsilon", "id":"3cc22f15-f311-43ef-b1e4-a359d538d4a8", "code":200, "text":"request terminated"}
{"ts":"2021-03-12T09:33:51.489756", "source":"epsilon", "id":"dd487666-aa9c-47cb-a159-db8abdb0d910", "code":200, "text":"request terminated"}
{"ts":"2021-03-12T09:34:03.255216", "source":"epsilon", "id":"63459a34-d67c-4eb6-9aa7-a82159c4cbd3", "code":200, "text":"request terminated"}
{"ts":"2021-03-12T09:35:02.637458", "source":"epsilon", "id":"d2325640-0414-4149-bb03-4ac5e2c927d5", "code":200, "text":"request terminated"}
{"ts":"2021-03-12T09:35:59.836269", "source":"epsilon", "id":"96c551b4-e32f-4cb4-adaf-390b881cc110", "code":200, "text":"request terminated"}
{"ts":"2021-03-12T09:36:45.652272", "source":"epsilon", "id":"5e0b0301-8f35-4c19-a094-bd351bdb4476", "code":200, "text":"request terminated"}
{"ts":"2021-03-12T09:40:33.983028", "source":"epsilon", "id":"62c0fc76-370d-459b-9653-e18c89ab5812", "code":200, "text":"request terminated"}
{"ts":"2021-03-12T09:40:54.200835", "source":"epsilon", "id":"0357338c-7c49-400e-b084-f46aa7d7fbf5", "code":200, "text":"request terminated"}
{"ts":"2021-03-12T09:43:21.853529", "source":"epsilon", "id":"35664d3f-6051-45c3-9923-a4cae6592ac1", "code":200, "text":"request terminated"}
{"ts":"2021-03-12T09:43:49.710782", "source":"epsilon", "id":"e725fe59-4366-49b1-bb1e-d3986fe52f91", "code":200, "text":"request terminated"}
{"ts":"2021-03-12T09:47:37.544485", "source":"epsilon", "id":"38ab4a48-8a28-4977-af4d-a8d92e7d931f", "code":200, "text":"request terminated"}
{"ts":"2021-03-12T09:48:11.802807", "source":"epsilon", "id":"8edcab16-40f9-47ed-93ce-977d4b3514a7", "code":200, "text":"request terminated"}
{"ts":"2021-03-12T09:50:38.863947", "source":"epsilon", "id":"ca4fe335-c094-43e9-a081-959e10a3c07f", "code":200, "text":"request terminated"}
{"ts":"2021-03-12T09:51:07.243090", "source":"epsilon", "id":"9274a2be-2e50-4a48-869e-b77a0b40705e", "code":200, "text":"request terminated"}
{"ts":"2021-03-12T09:51:15.601039", "source":"epsilon", "id":"3b3d971a-e5c6-4483-a543-63dd3eb35c02", "code":200, "text":"request terminated"}
{"ts":"2021-03-12T09:52:18.674799", "source":"epsilon", "id":"f6371f6b-4554-452f-aa7b-5d61cce1f231", "code":200, "text":"request terminated"}
{"ts":"2021-03-12T09:52:22.808238", "source":"epsilon", "id":"1dfe4d76-4608-4a43-ae44-f33d3547562f", "code":200, "text":"request terminated"}
{"ts":"2021-03-12T09:52:59.806451", "source":"epsilon", "id":"4d2cae09-e4a9-418e-b4a4-d1547cabd339", "code":200, "text":"request terminated"}
{"ts":"2021-03-12T09:54:14.156173", "source":"epsilon", "id":"f14ded30-c15c-441f-ace4-fecbce09bf16", "code":200, "text":"request terminated"}
{"ts":"2021-03-12T09:54:23.932837", "source":"epsilon", "id":"4da0a904-5dac-4bcf-91dd-ad6b09698c6b", "code":200, "text":"request terminated"}
{"ts":"2021-03-12T09:55:05.720378", "source":"epsilon", "id":"e611bc61-cf30-42e5-8317-473ab87e7d50", "code":200, "text":"request terminated"}
{"ts":"2021-03-12T09:56:08.461847", "source":"epsilon", "id":"b43d14e8-6401-4145-9df4-ddfee9f14905", "code":200, "text":"request terminated"}
{"ts":"2021-03-12T09:56:58.792388", "source":"epsilon", "id":"4a43ffcc-a88e-4f5d-9189-e2351cedab5a", "code":200, "text":"request terminated"}
{"ts":"2021-03-12T09:57:06.512917", "source":"epsilon", "id":"b2a2ccb2-0b64-4d29-b481-d3d56d1d669b", "code":200, "text":"request terminated"}
{"ts":"2021-03-12T09:58:11.824343", "source":"epsilon", "id":"9349d1e0-ab2a-4330-96ca-ba1d2bf22852", "code":200, "text":"request terminated"}
{"ts":"2021-03-12T09:59:41.337084", "source":"epsilon", "id":"7ff80db1-d8d5-4316-a1b8-92f34030d3e3", "code":200, "text":"request terminated"}
{"ts":"2021-03-12T10:00:29.181554", "source":"epsilon", "id":"34d6629f-5fba-4476-8d70-0f9fd996fac6", "code":200, "text":"request terminated"}
{"ts":"2021-03-12T10:00:54.355778", "source":"epsilon", "id":"a5cbe3d8-9c76-4eb1-bc5d-be50685e76e3", "code":200, "text":"request terminated"}
{"ts":"2021-03-12T10:03:19.547407", "source":"epsilon", "id":"0dbcdfd9-4106-49b6-a642-fbe1b6700418", "code":200, "text":"request terminated"}
{"ts":"2021-03-12T10:04:19.110944", "source":"epsilon", "id":"3b41b6bb-6f4c-4c73-aecf-075638b7fbc8", "code":200, "text":"request terminated"}
{"ts":"2021-03-12T10:04:48.437294", "source":"epsilon", "id":"e87c3957-d94b-47ce-862c-7391af885515", "code":200, "text":"request terminated"}
{"ts":"2021-03-12T10:05:24.933124", "source":"epsilon", "id":"64b275e0-50cb-4972-97ee-9f08e3d75e73", "code":200, "text":"request terminated"}
{"ts":"2021-03-12T10:06:30.478909", "source":"epsilon", "id":"19e7c01e-d531-4c6d-8912-644e54cbc0fb", "code":200, "text":"request terminated"}
{"ts":"2021-03-12T10:10:45.208712", "source":"epsilon", "id":"30516b44-86b9-472e-9f04-332299724213", "code":200, "text":"request terminated"}
{"ts":"2021-03-12T10:15:08.813856", "source":"epsilon", "id":"44abc98a-cda5-4a9d-a80d-d4b0952b9d82", "code":200, "text":"request terminated"}
{"ts":"2021-03-12T10:16:17.280553", "source":"epsilon", "id":"ad58fb18-3410-4b04-9645-b0308002c7da", "code":200, "text":"request terminated"}
{"ts":"2021-03-12T10:16:30.664956", "source":"epsilon", "id":"e9b7ca38-2036-4b90-83d4-9e62917c08de", "code":200, "text":"request terminated"}
{"ts":"2021-03-12T10:17:12.747453", "source":"epsilon", "id":"c83c098a-e857-4ce9-905b-6b68c653b5e3", "code":200, "text":"request terminated"}
{"ts":"2021-03-12T10:17:20.767281", "source":"epsilon", "id":"99f41ec0-927d-425b-9f7c-a67c2457e258", "code":200, "text":"request terminated"}
{"ts":"2021-03-12T10:18:08.207285", "source":"epsilon", "id":"3fe4f385-71e3-4aa7-8b59-6009bdea821a", "code":200, "text":"request terminated"}
{"ts":"2021-03-12T10:18:27.120312", "source":"epsilon", "id":"8322bdef-88dc-4945-a63e-abccee810c03", "code":200, "text":"request terminated"}
{"ts":"2021-03-12T10:18:35.100392", "source":"epsilon", "id":"ce50ef49-2c4f-47e9-9d93-95dc3c422135", "code":200, "text":"request terminated"}
{"ts":"2021-03-12T10:18:48.010106", "source":"epsilon", "id":"46e442f2-d572-4409-a035-1f315a61d7f1", "code":200, "text":"request terminated"}
{"ts":"2021-03-12T10:20:09.805298", "source":"epsilon", "id":"46da16b1-dd2a-49f4-af38-a35d7c260f20", "code":200, "text":"request terminated"}
{"ts":"2021-03-12T10:22:07.939991", "source":"epsilon", "id":"d2642bf2-f039-40c5-9e3b-172c28417e3a", "code":200, "text":"request terminated"}
{"ts":"2021-03-12T10:23:40.091217", "source":"epsilon", "id":"45eb2f54-c6e7-484a-afee-3b6b2721e9e8", "code":200, "text":"request terminated"}
{"ts":"2021-03-12T10:24:49.436918", "source":"epsilon", "id":"79452293-9444-49a7-9324-a7d2d311ccf0", "code":200, "text":"request terminated"}
{"ts":"2021-03-12T10:26:22.053845", "source":"epsilon", "id":"c1915f06-7454-40b8-97d5-003f0ef9e722", "code":200, "text":"request terminated"}
{"ts":"2021-03-12T10:26:23.582308", "source":"epsilon", "id":"b80ed18d-746f-4eb3-aee0-a16c24d3c11f", "code":200, "text":"request terminated"}
{"ts":"2021-03-12T10:27:57.102177", "source":"epsilon", "id":"35bbbe05-60bf-448d-810a-4af01aede4cb", "code":200, "text":"request terminated"}
{"ts":"2021-03-12T10:30:45.053351", "source":"epsilon", "id":"f1cc792e-7336-4492-97a1-e7cb4e2402ae", "code":200, "text":"request terminated"}
{"ts":"2021-03-12T10:32:56.435460", "source":"epsilon", "id":"5465f0f6-d0a4-42a2-bf7e-021eb3b085cb", "code":200, "text":"request terminated"}
{"ts":"2021-03-12T10:34:02.988746", "source":"epsilon", "id":"65c3c540-c61d-4799-91db-dd526f93df0f", "code":200, "text":"request terminated"}
{"ts":"2021-03-12T10:34:39.554577", "source":"epsilon", "id":"f5680337-3b6d-42c8-86f5-89f89d4a9c25", "code":200, "text":"request terminated"}
{"ts":"2021-03-12T10:36:01.597894", "source":"epsilon", "id":"cc63ab94-0440-4363-865a-977d9d1e98c0", "code":200, "text":"request terminated"}
{"ts":"2021-03-12T10:41:51.504841", "source":"epsilon", "id":"52be06a8-59ac-4e0c-91c5-612adf7716e9", "code":200, "text":"request terminated"}
{"ts":"2021-03-12T10:44:38.242716", "source":"epsilon", "id":"2cfcedab-1c6d-45bf-a27e-5bd30ba78f06", "code":200, "text":"request terminated"}
{"ts":"2021-03-12T10:45:32.690542", "source":"epsilon", "id":"5aa79b0d-4802-4702-b42e-320d6f19b09c", "code":200, "text":"request terminated"}
{"ts":"2021-03-12T10:48:50.211937", "source":"epsilon", "id":"e7025b38-5120-4f95-8434-de2aee29365f", "code":200, "text":"request terminated"}
{"ts":"2021-03-12T10:54:05.148859", "source":"epsilon", "id":"57b2d158-0c0e-4670-8a9c-8a232d82d8af", "code":200, "text":"request terminated"}
{"ts":"2021-03-12T10:54:09.807190", "source":"epsilon", "id":"e90b5e3c-09f4-4e8b-9e6a-aa12724603cd", "code":200, "text":"request terminated"}
{"ts":"2021-03-12T10:54:24.536041", "source":"epsilon", "id":"7cbd9a2b-743f-4cce-9685-5a329b1bf897", "code":200, "text":"request terminated"}
{"ts":"2021-03-12T10:59:00.695493", "source":"epsilon", "id":"bd319ea1-1c28-4201-9507-fed7bfeb1d4e", "code":200, "text":"request terminated"}
{"ts":"2021-03-12T11:03:31.326945", "source":"epsilon", "id":"43684d7e-c824-4029-a645-116013d4980c", "code":200, "text":"request terminated"}
{"ts":"2021-03-12T11:04:15.527648", "source":"epsilon", "id":"e0559964-5352-4a15-a6bd-a7400cd63862", "code":200, "text":"request terminated"}
{"ts":"2021-03-12T11:09:59.086940", "source":"epsilon", "id":"2bb364eb-8349-4f5f-9042-2f315af8a35d", "code":200, "text":"request terminated"}
{"ts":"2021-03-12T11:12:43.360133", "source":"epsilon", "id":"23a13385-27da-4fba-a9f3-7dbef4927d2f", "code":200, "text":"request terminated"}
{"ts":"2021-03-12T11:13:00.495861", "source":"epsilon", "id":"5dcd640b-822f-4796-951c-baaf6575cf22", "code":200, "text":"request terminated"}
{"ts":"2021-03-12T11:13:19.917706", "source":"epsilon", "id":"e2b676e7-8f50-4307-b530-9dfaac64815c", "code":200, "text":"request terminated"}
{"ts":"2021-03-12T11:13:27.436656", "source":"epsilon", "id":"4f6ce974-0a57-4f56-b43e-2b2bcd914313", "code":200, "text":"request terminated"}
{"ts":"2021-03-12T11:15:09.910428", "source":"epsilon", "id":"eab31396-e472-4281-a02f-6fe0914c1a0c", "code":200, "text":"request terminated"}
{"ts":"2021-03-12T11:15:12.376036", "source":"epsilon", "id":"e4971914-6bbb-4e5e-9099-c02b17765f52", "code":200, "text":"request terminated"}
{"ts":"2021-03-12T11:18:04.923857", "source":"epsilon", "id":"e3c56e4e-11b2-4e48-8cb4-e9f09155d9e6", "code":200, "text":"request terminated"}
{"ts":"2021-03-12T11:18:15.332284", "source":"epsilon", "id":"26111030-dc10-4e61-95b4-91a1983bd2bf", "code":200, "text":"request terminated"}
{"ts":"2021-03-12T11:18:23.305009", "source":"epsilon", "id":"6dbba291-44b6-4e12-b0d6-3b6a3820318c", "code":200, "text":"request terminated"}
{"ts":"2021-03-12T11:19:43.538298", "source":"epsilon", "id":"598cebfc-0d92-4dbe-a22a-3a45810b32da", "code":200, "text":"request terminated"}
{"ts":"2021-03-12T11:22:00.966514", "source":"epsilon", "id":"1854637d-4be6-4ef8-bf5e-ff10e46df018", "code":200, "text":"request terminated"}
{"ts":"2021-03-12T11:23:39.431208", "source":"epsilon", "id":"65be7f74-4c30-4bd7-b176-6aabbb37923c", "code":200, "text":"request terminated"}
{"ts":"2021-03-12T11:24:21.133033", "source":"epsilon", "id":"a50509df-627c-4b75-8b5d-49f5b74cf469", "code":200, "text":"request terminated"}
{"ts":"2021-03-12T11:29:56.421479", "source":"epsilon", "id":"ebb7f71b-b3e7-4439-aae3-591b5064f3ff", "code":200, "text":"request terminated"}
{"ts":"2021-03-12T11:30:18.374168", "source":"epsilon", "id":"a5ee65c1-0de5-4805-b2b6-56eb07fdaaad", "code":200, "text":"request terminated"}
{"ts":"2021-03-12T11:30:56.545103", "source":"epsilon", "id":"0a638e17-baa6-4c7b-812d-42dd2333a46a", "code":200, "text":"request terminated"}
{"ts":"2021-03-12T11:31:07.059622", "source":"epsilon", "id":"78c3f3bf-6c16-4052-81f9-b40e659e94a7", "code":200, "text":"request terminated"}
{"ts":"2021-03-12T11:37:01.473415", "source":"epsilon", "id":"dcc55e97-f6ea-4ff6-a45b-e48aeb7d4ead", "code":200, "text":"request terminated"}
{"ts":"2021-03-12T11:38:51.006299", "source":"epsilon", "id":"36a41d83-536b-4db1-82ad-4d315a4a2b04", "code":200, "text":"request terminated"}
{"ts":"2021-03-12T11:39:33.739476", "source":"epsilon", "id":"def4efc2-cb81-447c-99da-3ebb8a8da26f", "code":200, "text":"request terminated"}
{"ts":"2021-03-12T11:39:38.464865", "source":"epsilon", "id":"e855de5c-d803-45c9-a7f1-230e61e97860", "code":200, "text":"request terminated"}
{"ts":"2021-03-12T11:42:19.724186", "source":"epsilon", "id":"c1874e26-6915-4b82-a0e2-523c6dfb3b3e", "code":200, "text":"request terminated"}
{"ts":"2021-03-12T11:42:30.643722", "source":"epsilon", "id":"d7558d29-f39c-484c-8688-8687dfedc284", "code":200, "text":"request terminated"}
{"ts":"2021-03-12T11:43:01.208708", "source":"epsilon", "id":"31f6c383-7d75-44d3-afef-86baa6298c8c", "code":200, "text":"request terminated"}
{"ts":"2021-03-12T11:44:17.319137", "source":"epsilon", "id":"164e07d0-3083-4d78-a956-ef66068eefe6", "code":200, "text":"request terminated"}
{"ts":"2021-03-12T11:45:33.182931", "source":"epsilon", "id":"246be23b-f124-4fce-a4c0-a500e0f6eb5b", "code":200, "text":"request terminated"}
{"ts":"2021-03-12T11:45:40.553022", "source":"epsilon", "id":"42a549e0-5fad-4f77-a393-d8a9315c9e5c", "code":200, "text":"request terminated"}
{"ts":"2021-03-12T11:48:40.112416", "source":"epsilon", "id":"d5d2028b-5768-4624-af2d-2b42e22ebe47", "code":200, "text":"request terminated"}
{"ts":"2021-03-12T11:48:53.751232", "source":"epsilon", "id":"ccf52230-e899-4621-b46e-21df595b5fc8", "code":200, "text":"request terminated"}
{"ts":"2021-03-12T11:49:25.419809", "source":"epsilon", "id":"c570b17a-831c-4213-be45-ad12d0377e5c", "code":200, "text":"request terminated"}
{"ts":"2021-03-12T11:50:14.864146", "source":"epsilon", "id":"aa189067-f652-4524-ab7d-4765fc28c8b7", "code":200, "text":"request terminated"}
{"ts":"2021-03-12T11:51:28.746618", "source":"epsilon", "id":"93d07343-56b1-4724-a346-ab512150b2ba", "code":200, "text":"request terminated"}
{"ts":"2021-03-12T11:52:06.447938", "source":"epsilon", "id":"97ef8bdb-02fd-47f8-9d10-785d8e3ac33f", "code":200, "text":"request terminated"}
{"ts":"2021-03-12T11:52:56.061253", "source":"epsilon", "id":"4719cd9a-14f8-49ab-9852-b26071f2641c", "code":200, "text":"request terminated"}
{"ts":"2021-03-12T11:53:28.609404", "source":"epsilon", "id":"de5a082a-0ec2-447f-8890-1797fabbceff", "code":200, "text":"request terminated"}
{"ts":"2021-03-12T11:55:34.785321", "source":"epsilon", "id":"b96e877c-bf23-4a1d-abef-0659c144282e", "code":200, "text":"request terminated"}
{"ts":"2021-03-12T11:58:23.620950", "source":"epsilon", "id":"2405beb9-6e27-4f51-a1ce-7f1b276f4618", "code":200, "text":"request terminated"}
{"ts":"2021-03-12T12:00:40.591030", "source":"epsilon", "id":"2d009836-9d20-4491-b164-214baa1c3347", "code":200, "text":"request terminated"}
{"ts":"2021-03-12T12:00:42.384073", "source":"epsilon", "id":"9f34154a-776f-4281-b32d-75dd0c59c5e2", "code":200, "text":"request terminated"}
{"ts":"2021-03-12T12:00:43.468138", "source":"epsilon", "id":"bfecb079-ab50-4878-931c-6f985cd005d0", "code":200, "text":"request terminated"}
{"ts":"2021-03-12T12:01:40.613977", "source":"epsilon", "id":"673352d1-aa1e-4db6-b070-249037f1dc62", "code":200, "text":"request terminated"}
{"ts":"2021-03-12T12:02:46.701839", "source":"epsilon", "id":"11700afc-58ad-4f33-917d-cbb06b93e7a3", "code":200, "text":"request terminated"}
{"ts":"2021-03-12T12:07:59.328642", "source":"epsilon", "id":"4a2a0c54-ea7e-4c66-918f-097e8b7987f8", "code":200, "text":"request terminated"}
{"ts":"2021-03-12T12:08:10.386336", "source":"epsilon", "id":"f068df41-8f06-4f91-bb0c-34ba00b0268e", "code":200, "text":"request terminated"}
{"ts":"2021-03-12T12:09:10.599995", "source":"epsilon", "id":"a344fc58-675a-4977-b1a4-a6c9c8d04a15", "code":200, "text":"request terminated"}
{"ts":"2021-03-12T12:10:46.936490", "source":"epsilon", "id":"4676e8b6-ec8c-4971-998d-da8a42dd9161", "code":200, "text":"request terminated"}
{"ts":"2021-03-12T12:11:01.014944", "source":"epsilon", "id":"c01b1805-0875-4497-b3ed-40d74d07a92a", "code":200, "text":"request terminated"}
{"ts":"2021-03-12T12:12:58.542650", "source":"epsilon", "id":"9d7653e8-4b3f-444b-804c-43955724307d", "code":200, "text":"request terminated"}
{"ts":"2021-03-12T12:13:26.263175", "source":"epsilon", "id":"b4f4b590-6933-40f2-82aa-4fc80382b86f", "code":200, "text":"request terminated"}
{"ts":"2021-03-12T12:16:21.250881", "source":"epsilon", "id":"9ade351e-6938-4778-9e0d-b6bd6bf0076d", "code":200, "text":"request terminated"}
{"ts":"2021-03-12T12:19:09.340579", "source":"epsilon", "id":"b6eddd19-4020-443a-9289-35f0d0f91257", "code":200, "text":"request terminated"}
{"ts":"2021-03-12T12:20:09.780747", "source":"epsilon", "id":"da83f3df-2bd8-467d-99b0-a287a372b37d", "code":200, "text":"request terminated"}
{"ts":"2021-03-12T12:22:11.167053", "source":"epsilon", "id":"eed4420d-f04a-4fdd-9189-7818dcb8bbf9", "code":200, "text":"request terminated"}
{"ts":"2021-03-12T12:26:39.157165", "source":"epsilon", "id":"3b526359-52b9-474c-b03c-6919f6eeca14", "code":200, "text":"request terminated"}
{"ts":"2021-03-12T12:28:36.825902", "source":"epsilon", "id":"c3cbc8fa-5f27-4cd3-afb3-96a2c364cf09", "code":200, "text":"request terminated"}
{"ts":"2021-03-12T12:30:24.473909", "source":"epsilon", "id":"96ad00b7-1c39-4da7-9582-a61ea09c0424", "code":200, "text":"request terminated"}
{"ts":"2021-03-12T12:30:53.853351", "source":"epsilon", "id":"cf7dbc52-396f-4afd-86d6-65da791d7f06", "code":200, "text":"request terminated"}
{"ts":"2021-03-12T12:33:21.334718", "source":"epsilon", "id":"13801710-ec5b-45a9-8602-8f7658b3b347", "code":200, "text":"request terminated"}
{"ts":"2021-03-12T12:33:51.881060", "source":"epsilon", "id":"661d84e6-d7ae-402c-938d-61993d590650", "code":200, "text":"request terminated"}
{"ts":"2021-03-12T12:34:34.575123", "source":"epsilon", "id":"7c940bd4-759c-4926-82be-14489642bd5d", "code":200, "text":"request terminated"}
{"ts":"2021-03-12T12:35:39.840332", "source":"epsilon", "id":"5a3ef137-52f3-4169-8816-bf53e47a69c2", "code":200, "text":"request terminated"}
{"ts":"2021-03-12T12:37:34.618308", "source":"epsilon", "id":"c2b50b1e-d33e-4666-8b29-af6bee03d4ba", "code":200, "text":"request terminated"}
{"ts":"2021-03-12T12:42:11.126828", "source":"epsilon", "id":"48f66f1e-2455-40da-8415-b2984b315a9a", "code":200, "text":"request terminated"}
{"ts":"2021-03-12T12:44:27.034243", "source":"epsilon", "id":"2d5f0adf-6e09-491e-b1f8-5e9cb4dda7be", "code":200, "text":"request terminated"}
{"ts":"2021-03-12T12:44:52.065291", "source":"epsilon", "id":"2715f215-871d-4dec-a4fd-76006d61be4a", "code":200, "text":"request terminated"}
{"ts":"2021-03-12T12:47:00.350236", "source":"epsilon", "id":"1141faf8-8377-43a6-a3ec-beece108624f", "code":200, "text":"request terminated"}
{"ts":"2021-03-12T12:49:47.185958", "source":"epsilon", "id":"b88c9812-b81c-4a56-ad49-7823583b9348", "code":200, "text":"request terminated"}
{"ts":"2021-03-12T12:50:37.844696", "source":"epsilon", "id":"413be7cc-2926-4580-91b3-899ecbbc7b7c", "code":200, "text":"request terminated"}
{"ts":"2021-03-12T12:51:13.347183", "source":"epsilon", "id":"cab51d56-d2ff-4788-9da9-4ac77365f657", "code":200, "text":"request terminated"}
{"ts":"2021-03-12T12:51:37.896173", "source":"epsilon", "id":"dc843d4f-78da-4e47-8b36-4589e3f3aeff", "code":200, "text":"request terminated"}
{"ts":"2021-03-12T12:52:25.774051", "source":"epsilon", "id":"5c27a26b-a158-46a5-a826-ca866f7fade3", "code":200, "text":"request terminated"}
{"ts":"2021-03-12T12:53:23.788503", "source":"epsilon", "id":"bbc53970-b58b-4b7d-8aec-94e538b2a97d", "code":200, "text":"request terminated"}
{"ts":"2021-03-12T12:54:52.961153", "source":"epsilon", "id":"7c0e9a94-0d97-40a9-8088-a716459574d0", "code":200, "text":"request terminated"}
{"ts":"2021-03-12T12:56:08.368598", "source":"epsilon", "id":"be0809e3-67c1-42db-aaa8-0ba8ebb8833a", "code":200, "text":"request terminated"}
{"ts":"2021-03-12T12:56:26.221632", "source":"epsilon", "id":"361dbcb2-a74c-4449-b170-b2f55457e879", "code":200, "text":"request terminated"}
{"ts":"2021-03-12T12:56:38.210816", "source":"epsilon", "id":"cc5f5452-a79f-41e6-8e20-5950af23a1d1", "code":200, "text":"request terminated"}
{"ts":"2021-03-12T12:56:45.344254", "source":"epsilon", "id":"c193c1d5-e8ea-4c55-92f1-f9030b1b63f5", "code":200, "text":"request terminated"}
{"ts":"2021-03-12T12:57:21.294777", "source":"epsilon", "id":"1040be4f-453f-4361-a4d6-22b713c7732f", "code":200, "text":"request terminated"}
{"ts":"2021-03-12T13:00:30.347444", "source":"epsilon", "id":"80e67778-c073-4d94-b70b-e1875db9f2bb", "code":200, "text":"request terminated"}
{"ts":"2021-03-12T13:03:19.843871", "source":"epsilon", "id":"2029c3d0-c705-48c6-98a2-eb60be6b1d46", "code":200, "text":"request terminated"}
{"ts":"2021-03-12T13:04:49.558351", "source":"epsilon", "id":"1d5d4efb-2fc2-4989-aac9-01b9101bf7dc", "code":200, "text":"request terminated"}
{"ts":"2021-03-12T13:05:09.320416", "source":"epsilon", "id":"42c4b572-5714-44ae-b6e5-442b5b354d40", "code":200, "text":"request terminated"}
{"ts":"2021-03-12T13:06:24.000106", "source":"epsilon", "id":"4d37f83d-892b-49c6-b37d-81e7068ca486", "code":200, "text":"request terminated"}
{"ts":"2021-03-12T13:07:47.834285", "source":"epsilon", "id":"d891d840-8829-4e32-9516-7d0dec5328f0", "code":200, "text":"request terminated"}
{"ts":"2021-03-12T13:08:08.816779", "source":"epsilon", "id":"d8edb69f-f428-453e-b9bf-e211af172ad4", "code":200, "text":"request terminated"}
{"ts":"2021-03-12T13:09:21.461525", "source":"epsilon", "id":"38053895-63d0-44ca-ac90-8a816d1e3c3c", "code":200, "text":"request terminated"}
{"ts":"2021-03-12T13:09:33.106275", "source":"epsilon", "id":"fa8e754e-c1c9-4960-adb3-e6a2aa496865", "code":200, "text":"request terminated"}
{"ts":"2021-03-12T13:10:21.440700", "source":"epsilon", "id":"bda44848-7774-4db7-8046-8c5d2b55422c", "code":200, "text":"request terminated"}
{"ts":"2021-03-12T13:10:56.918482", "source":"epsilon", "id":"55ee6b13-41b6-4990-a12d-9433f65d32a6", "code":200, "text":"request terminated"}
{"ts":"2021-03-12T13:13:14.142511", "source":"epsilon", "id":"79f0e10c-f937-4cef-8d8c-5c3ffb85e89a", "code":200, "text":"request terminated"}
{"ts":"2021-03-12T13:18:32.055721", "source":"epsilon", "id":"a5777b18-9568-4f5d-a145-7cc36a65d31c", "code":200, "text":"request terminated"}
{"ts":"2021-03-12T13:22:00.229162", "source":"epsilon", "id":"bba0c243-248c-4913-93b6-f1a4b4d9f31e", "code":200, "text":"request terminated"}
{"ts":"2021-03-12T13:26:22.105381", "source":"epsilon", "id":"0225cd19-d9a9-4529-875b-d6a315dfed53", "code":200, "text":"request terminated"}
{"ts":"2021-03-12T13:35:41.918169", "source":"epsilon", "id":"cab2d77b-e7b7-4a70-ae21-410c4e5f0903", "code":200, "text":"request terminated"}
{"ts":"2021-03-12T13:36:03.545705", "source":"epsilon", "id":"0fdbabc3-8b9e-4dd5-beae-c30dc802e7fa", "code":200, "text":"request terminated"}
{"ts":"2021-03-12T13:46:55.315837", "source":"epsilon", "id":"e9d876f5-f73e-4c2f-920c-09e1b1d2b5de", "code":200, "text":"request terminated"}
{"ts":"2021-03-12T13:47:03.695809", "source":"epsilon", "id":"00a29336-b564-4da2-9b1a-cfca3c7c0882", "code":200, "text":"request terminated"}
{"ts":"2021-03-12T13:47:24.164777", "source":"epsilon", "id":"5cb5c40f-dffd-4564-b14c-827c4cefa74f", "code":200, "text":"request terminated"}
{"ts":"2021-03-12T13:49:26.848593", "source":"epsilon", "id":"c2dbaa0b-66f7-47d2-9aae-ce6649f19a3b", "code":200, "text":"request terminated"}
{"ts":"2021-03-12T13:52:14.217218", "source":"epsilon", "id":"71b1d703-8d06-4b07-85f7-1c9196ad0f0f", "code":200, "text":"request terminated"}
{"ts":"2021-03-12T13:52:15.190041", "source":"epsilon", "id":"b251a076-27ac-41c0-8a04-ec6ba412497a", "code":200, "text":"request terminated"}
{"ts":"2021-03-12T13:52:37.177380", "source":"epsilon", "id":"564251f6-37ce-4baa-ab79-04eac70a8c94", "code":200, "text":"request terminated"}
{"ts":"2021-03-12T13:54:44.629243", "source":"epsilon", "id":"b406c59d-6297-4ee4-935e-d8633ea35cc6", "code":200, "text":"request terminated"}
{"ts":"2021-03-12T13:55:27.626571", "source":"epsilon", "id":"ec068c7d-b4c7-41b5-9270-2b9b6de6b6a7", "code":200, "text":"request terminated"}
{"ts":"2021-03-12T13:55:38.201079", "source":"epsilon", "id":"ce137a9d-ff45-4b92-9fc7-3527475f578a", "code":200, "text":"request terminated"}
{"ts":"2021-03-12T13:58:39.040015", "source":"epsilon", "id":"117f0884-f201-4204-a6bd-6e340290c63c", "code":200, "text":"request terminated"}
{"ts":"2021-03-12T14:05:35.464052", "source":"epsilon", "id":"b658b273-00d9-4502-b7bf-a0b031fc1fda", "code":200, "text":"request terminated"}
{"ts":"2021-03-12T14:09:17.294585", "source":"epsilon", "id":"7340d9f7-70e3-4965-8397-cc4ebfede8d3", "code":200, "text":"request terminated"}
{"ts":"2021-03-12T14:12:59.491151", "source":"epsilon", "id":"2a486232-ae58-4a99-aa4a-90d9af232849", "code":200, "text":"request terminated"}
{"ts":"2021-03-12T14:24:33.181669", "source":"epsilon", "id":"b9629417-9ba2-4802-8297-7a3ec728cec7", "code":200, "text":"request terminated"}
{"ts":"2021-03-12T14:24:58.797281", "source":"epsilon", "id":"1e4a62d8-f897-459a-b440-318b6c421925", "code":200, "text":"request terminated"}
{"ts":"2021-03-12T14:28:59.772720", "source":"epsilon", "id":"e678e29e-147a-4e75-aaef-f08e0661b95a", "code":200, "text":"request terminated"}
{"ts":"2021-03-12T14:35:43.827003", "source":"epsilon", "id":"b1ec1565-4bc5-4908-8718-c9745a965f0e", "code":200, "text":"request terminated"}
{"ts":"2021-03-12T14:36:16.982708", "source":"epsilon", "id":"7c9c356d-e6fa-43eb-a65a-31ba7d2aab46", "code":200, "text":"request terminated"}
{"ts":"2021-03-12T14:36:54.618226", "source":"epsilon", "id":"82ee0539-83fb-43f1-bf2e-9f64716b8730", "code":200, "text":"request terminated"}
{"ts":"2021-03-12T14:40:24.696590", "source":"epsilon", "id":"51524ecd-b4e0-4c5e-9ae4-1149ff3b61b8", "code":200, "text":"request terminated"}
{"ts":"2021-03-12T14:44:07.900201", "source":"epsilon", "id":"e6ec59f3-6fb5-466c-b70a-31c8c15269f8", "code":200, "text":"request terminated"}
{"ts":"2021-03-12T14:51:56.494822", "source":"epsilon", "id":"ce8df81d-aa13-4e8a-baf7-fa804e17fdd9", "code":200, "text":"request terminated"}
{"ts":"2021-03-12T14:57:11.572634", "source":"epsilon", "id":"709ab35f-bffb-4537-b749-2988459e9618", "code":200, "text":"request terminated"}
{"ts":"2021-03-12T15:17:45.016457", "source":"epsilon", "id":"15176e29-f79e-4a29-867a-6ca0de6706b8", "code":200, "text":"request terminated"}
{"ts":"2021-03-12T15:17:58.628115", "source":"epsilon", "id":"d48587a9-d42b-4b21-9987-b43f812c16cb", "code":200, "text":"request terminated"}
{"ts":"2021-03-12T15:22:59.732687", "source":"epsilon", "id":"40ca126f-e076-4b5f-a465-e66cf958aa37", "code":200, "text":"request terminated"}
{"ts":"2021-03-12T15:33:08.331842", "source":"epsilon", "id":"aa95947c-efd1-4fe6-b815-db932dbe737b", "code":200, "text":"request terminated"}
{"ts":"2021-03-12T15:35:14.047619", "source":"epsilon", "id":"e00aa7bc-010c-46c8-a6e2-a29f28184a6b", "code":200, "text":"request terminated"}
{"ts":"2021-03-12T15:39:35.243149", "source":"epsilon", "id":"6091529a-738e-4926-b94c-882569a2e365", "code":200, "text":"request terminated"}
{"ts":"2021-03-12T15:41:23.698314", "source":"epsilon", "id":"43c26439-6319-446c-a3ae-ef8d37eda122", "code":200, "text":"request terminated"}
{"ts":"2021-03-12T15:42:15.050140", "source":"epsilon", "id":"7d7b866d-6d9c-4fc4-aafc-0f950d6913fb", "code":200, "text":"request terminated"}
{"ts":"2021-03-12T15:44:30.456704", "source":"epsilon", "id":"6f9e1617-d419-499d-bb62-5a68dcab7b39", "code":200, "text":"request terminated"}
{"ts":"2021-03-12T15:45:54.208251", "source":"epsilon", "id":"38182bb9-5aaa-451d-b0d7-223cb80e5685", "code":200, "text":"request terminated"}
{"ts":"2021-03-12T16:02:22.714124", "source":"epsilon", "id":"3748579f-3845-4bfa-ac56-65a8c320f65c", "code":200, "text":"request terminated"}
{"ts":"2021-03-12T16:03:49.883122", "source":"epsilon", "id":"6dd33f5d-5497-4c52-9162-7981e677729e", "code":200, "text":"request terminated"}
{"ts":"2021-03-12T16:05:54.859835", "source":"epsilon", "id":"b068ff32-2411-474d-ba41-a074c24c1053", "code":200, "text":"request terminated"}
{"ts":"2021-03-12T16:13:02.203229", "source":"epsilon", "id":"03414c8a-9783-40a5-86b2-d62ae0a5d91b", "code":200, "text":"request terminated"}
{"ts":"2021-03-12T16:15:28.482288", "source":"epsilon", "id":"b1a813d8-787b-47ab-8321-aaf482dab364", "code":200, "text":"request terminated"}
{"ts":"2021-03-12T16:19:58.907538", "source":"epsilon", "id":"d2d04739-fa8c-4928-8a64-cc1051e82f49", "code":200, "text":"request terminated"}
{"ts":"2021-03-12T16:33:01.419607", "source":"epsilon", "id":"b47021ed-d99b-4834-a41e-b92afcbc5e81", "code":200, "text":"request terminated"}
{"ts":"2021-03-12T16:34:46.630389", "source":"epsilon", "id":"3beefce2-b8dc-43d4-99ed-a1a445351bdc", "code":200, "text":"request terminated"}
{"ts":"2021-03-12T16:36:17.849710", "source":"epsilon", "id":"b2cc0d98-8b7f-47f8-bdc6-4e5174d86f40", "code":200, "text":"request terminated"}
{"ts":"2021-03-12T16:40:38.754509", "source":"epsilon", "id":"cb9d9b3a-da15-4583-bc57-c8c6617afc3c", "code":200, "text":"request terminated"}
{"ts":"2021-03-12T16:58:13.912463", "source":"epsilon", "id":"c48130e7-bef4-45ab-b7ea-95570d5263e5", "code":200, "text":"request terminated"}
{"ts":"2021-03-12T17:00:54.509476", "source":"epsilon", "id":"17826fdf-8f69-4fb8-8108-b495499107e2", "code":200, "text":"request terminated"}
{"ts":"2021-03-12T17:03:30.277753", "source":"epsilon", "id":"5cc8edf5-bbc4-4fe7-9b8a-0712f3711491", "code":200, "text":"request terminated"}
{"ts":"2021-03-12T17:09:00.971560", "source":"epsilon", "id":"aaf56909-1170-4c66-8bd5-0236fd5cf36c", "code":200, "text":"request terminated"}
{"ts":"2021-03-12T17:10:14.243355", "source":"epsilon", "id":"d745bc82-b107-4cb6-bd40-03f68ac9316e", "code":200, "text":"request terminated"}
{"ts":"2021-03-12T17:27:11.165418", "source":"epsilon", "id":"886e0759-f7be-4409-b6e3-93b67331786a", "code":200, "text":"request terminated"}
{"ts":"2021-03-12T17:34:41.397417", "source":"epsilon", "id":"b142cf9d-fd03-4c6a-a1a1-6de5f2fe5d1e", "code":200, "text":"request terminated"}
{"ts":"2021-03-12T17:38:10.113605", "source":"epsilon", "id":"99f42f63-b063-43b2-8cda-26620abfd5c7", "code":200, "text":"request terminated"}
{"ts":"2021-03-12T17:38:46.511746", "source":"epsilon", "id":"df61e1a7-9eab-4b12-a794-f9b556d85700", "code":200, "text":"request terminated"}
{"ts":"2021-03-12T17:41:23.347104", "source":"epsilon", "id":"a57f741d-e2b0-4d9c-b466-da394c44f45b", "code":200, "text":"request terminated"}
{"ts":"2021-03-12T17:41:35.023859", "source":"epsilon", "id":"cb1d6a90-411a-4f96-9eb2-692ef614b9de", "code":200, "text":"request terminated"}
{"ts":"2021-03-12T17:46:03.392302", "source":"epsilon", "id":"6e7a5d53-38ad-499d-9896-1737bf31fa69", "code":200, "text":"request terminated"}
{"ts":"2021-03-12T17:48:07.258583", "source":"epsilon", "id":"6026465d-276a-4d73-9232-253aa8bc0ad5", "code":200, "text":"request terminated"}
{"ts":"2021-03-12T17:52:58.173838", "source":"epsilon", "id":"a0c32fc7-8356-4173-8ef7-2305c3585804", "code":200, "text":"request terminated"}
{"ts":"2021-03-12T18:14:51.795517", "source":"epsilon", "id":"07738835-651f-42f0-b301-879a109908bc", "code":200, "text":"request terminated"}
{"ts":"2021-03-12T18:15:30.056419", "source":"epsilon", "id":"d796c25d-a90e-45b2-8bfc-a0c541fe6798", "code":200, "text":"request terminated"}
{"ts":"2021-03-12T18:22:15.634651", "source":"epsilon", "id":"c71f313a-331c-4ed1-984d-2bc27ea502ca", "code":200, "text":"request terminated"}
{"ts":"2021-03-12T18:28:03.148028", "source":"epsilon", "id":"46e0b839-fe90-44ba-9259-049a5e803c62", "code":200, "text":"request terminated"}
{"ts":"2021-03-12T18:42:09.046061", "source":"epsilon", "id":"3ed0fb62-4b66-4afd-a248-6a78db9c08f1", "code":200, "text":"request terminated"}
{"ts":"2021-03-12T18:59:29.597766", "source":"epsilon", "id":"771170d1-9a90-486e-8c1a-5b2f0d3ede5f", "code":200, "text":"request terminated"}
{"ts":"2021-03-12T19:02:44.809194", "source":"epsilon", "id":"9a366299-ce56-4d20-9a85-bcc8bc9214d3", "code":200, "text":"request terminated"}
{"ts":"2021-03-12T19:03:44.538239", "source":"epsilon", "id":"a5b5ddf7-b707-4fa5-9dc6-c6e606a1c344", "code":200, "text":"request terminated"}
{"ts":"2021-03-12T19:21:07.324631", "source":"epsilon", "id":"2d32b701-f6d2-4460-a605-3da356054c4f", "code":200, "text":"request terminated"}
{"ts":"2021-03-12T19:22:34.203257", "source":"epsilon", "id":"db3d4f67-d61d-4a76-a881-ca21fc78698d", "code":200, "text":"request terminated"}
{"ts":"2021-03-12T19:25:11.947402", "source":"epsilon", "id":"1b83b56d-f91a-4cfe-809b-8b6c2b261de9", "code":200, "text":"request terminated"}
{"ts":"2021-03-12T19:27:38.168212", "source":"epsilon", "id":"3c298971-49fe-4710-92de-48bac1606a7a", "code":200, "text":"request terminated"}
{"ts":"2021-03-12T19:37:05.578638", "source":"epsilon", "id":"09265198-1007-4604-9b4d-61cefd46fde4", "code":200, "text":"request terminated"}
{"ts":"2021-03-12T19:41:08.887764", "source":"epsilon", "id":"d7a09739-bf13-4743-b3e2-f51c079b320e", "code":200, "text":"request terminated"}
{"ts":"2021-03-12T19:41:29.097598", "source":"epsilon", "id":"d0de86a7-9d1e-45c0-8fde-e4512603de9c", "code":200, "text":"request terminated"}
{"ts":"2021-03-12T19:50:21.061704", "source":"epsilon", "id":"fdb917b1-bba2-4319-a6a1-002799c37c87", "code":200, "text":"request terminated"}
{"ts":"2021-03-12T20:01:47.064227", "source":"epsilon", "id":"3e28b27d-e423-4454-b350-2c02df5ceafa", "code":200, "text":"request terminated"}
{"ts":"2021-03-12T20:07:55.498942", "source":"epsilon", "id":"e3f1cab5-a8c6-4777-952a-dca6ef2767ac", "code":200, "text":"request terminated"}
{"ts":"2021-03-12T20:20:05.729473", "source":"epsilon", "id":"ac67aac6-29c4-47ed-aa0c-485c15dda73e", "code":200, "text":"request terminated"}
{"ts":"2021-03-12T20:25:28.253358", "source":"epsilon", "id":"db2a7d56-3d23-4b62-a4ad-db65ccc25a7c", "code":200, "text":"request terminated"}
{"ts":"2021-03-12T20:30:06.221889", "source":"epsilon", "id":"dcbead47-60fd-4a7a-a38f-21b29c37ff33", "code":200, "text":"request terminated"}
{"ts":"2021-03-12T20:33:32.250411", "source":"epsilon", "id":"9749c1e8-b781-4518-a533-2a34b4e0a5fd", "code":200, "text":"request terminated"}
{"ts":"2021-03-12T20:39:18.061132", "source":"epsilon", "id":"1c929f55-5984-43de-a8d5-be3ad5f3a43a", "code":200, "text":"request terminated"}
{"ts":"2021-03-12T20:40:47.808830", "source":"epsilon", "id":"6346aa88-2a28-4efb-b61e-e98c5a45bb8c", "code":200, "text":"request terminated"}
{"ts":"2021-03-12T21:20:23.210612", "source":"epsilon", "id":"65f6d62b-2fd7-4f62-aabc-74384c364f0e", "code":200, "text":"request terminated"}
{"ts":"2021-03-12T21:22:40.148422", "source":"epsilon", "id":"46b4964c-fabf-4450-bb52-b994b410a266", "code":200, "text":"request terminated"}
{"ts":"2021-03-12T21:32:51.729592", "source":"epsilon", "id":"ff403eef-c221-4d2b-bb0b-2b1a1062e890", "code":200, "text":"request terminated"}
{"ts":"2021-03-12T21:35:15.106972", "source":"epsilon", "id":"0d9c6e1e-5260-4b83-aa9c-721eb487022e", "code":200, "text":"request terminated"}
{"ts":"2021-03-12T21:37:59.613507", "source":"epsilon", "id":"5b493142-a4e0-4378-ba3e-76bfab8e51e5", "code":200, "text":"request terminated"}
{"ts":"2021-03-12T21:47:40.556375", "source":"epsilon", "id":"e2d192f1-fbd8-41bf-90f4-443d9f3b995b", "code":200, "text":"request terminated"}
{"ts":"2021-03-12T21:48:33.797017", "source":"epsilon", "id":"438e239d-b4ad-4b3d-bdd0-490c2350dff6", "code":200, "text":"request terminated"}
{"ts":"2021-03-12T22:10:46.559887", "source":"epsilon", "id":"25f13c9c-9b49-4774-92dc-37b89d4daf6e", "code":200, "text":"request terminated"}
{"ts":"2021-03-12T23:13:47.552456", "source":"epsilon", "id":"32b03c99-816f-4571-9995-f2754e590d40", "code":200, "text":"request terminated"}
