{"ts":"2021-03-12T00:43:31.788422", "source":"gamma", "id":"44c1820b-d739-49e5-8044-1348482bebff", "code":200, "text":"call to epsilon"}
{"ts":"2021-03-12T00:44:32.594193", "source":"gamma", "id":"3c6db0e8-457a-4525-83dd-caec82867381", "code":200, "text":"call to epsilon"}
{"ts":"2021-03-12T01:12:57.944962", "source":"gamma", "id":"df236d5a-53e0-4640-a209-c7d7bf56f3ae", "code":200, "text":"call to epsilon"}
{"ts":"2021-03-12T01:25:27.539706", "source":"gamma", "id":"57015c95-ded1-4aeb-9b3c-594dbe3a408c", "code":200, "text":"call to epsilon"}
{"ts":"2021-03-12T01:28:20.390994", "source":"gamma", "id":"41701348-d7d5-41e3-90ec-8c0649c5d18b", "code":200, "text":"request terminated"}
{"ts":"2021-03-12T01:34:37.435491", "source":"gamma", "id":"587a2646-ed98-4912-a845-e6bc5da99d3f", "code":200, "text":"call to epsilon"}
{"ts":"2021-03-12T01:47:47.575021", "source":"gamma", "id":"12345b2a-d794-4ada-b0d4-a6e1cf822d4d", "code":200, "text":"request terminated"}
{"ts":"2021-03-12T02:00:25.779351", "source":"gamma", "id":"cf562be8-cb6a-4c9b-ada6-81fcc12f20e8", "code":200, "text":"request terminated"}
{"ts":"2021-03-12T02:10:48.773008", "source":"gamma", "id":"93f2905e-4998-4c97-92e0-10606563dad8", "code":200, "text":"call to epsilon"}
{"ts":"2021-03-12T02:17:07.530111", "source":"gamma", "id":"9df36812-8d6c-4e8d-9966-236e67e1f650", "code":200, "text":"request terminated"}
{"ts":"2021-03-12T02:39:39.361990", "source":"gamma", "id":"7dff01f1-fb9c-4713-a960-30d33942dffe", "code":200, "text":"call to epsilon"}
{"ts":"2021-03-12T02:41:01.675250", "source":"gamma", "id":"0db0f2b0-2bbc-492d-acfc-d746fd99a2ce", "code":200, "text":"request terminated"}
{"ts":"2021-03-12T02:52:38.182093", "source":"gamma", "id":"e783b52e-4bde-4636-9133-1391400fbdb7", "code":200, "text":"call to epsilon"}
{"ts":"2021-03-12T02:54:36.854658", "source":"gamma", "id":"a69fc4fd-d702-4cbf-82c6-203061d2ca56", "code":200, "text":"call to epsilon"}
{"ts":"2021-03-12T02:56:39.149540", "source":"gamma", "id":"986c9c85-4f2c-443c-b5d9-e566d63ac48b", "code":200, "text":"call to epsilon"}
{"ts":"2021-03-12T03:03:01.366745", "source":"gamma", "id":"9dd56e83-8d07-4b45-a745-d4934a67d429", "code":200, "text":"call to epsilon"}
{"ts":"2021-03-12T03:22:05.388667", "source":"gamma", "id":"e0cfd37b-d52a-4901-a8cf-837814f2c4b6", "code":200, "text":"call to epsilon"}
{"ts":"2021-03-12T03:31:24.353667", "source":"gamma", "id":"9f461078-ca75-4b34-821b-a34b0f193790", "code":200, "text":"call to delta"}
{"ts":"2021-03-12T03:32:59.578230", "source":"gamma", "id":"0f445bb9-f096-46da-89d5-8a9028692a6e", "code":200, "text":"call to epsilon"}
{"ts":"2021-03-12T03:37:43.999936", "source":"gamma", "id":"73fde505-c999-44f4-8048-eda4d3c8784e", "code":200, "text":"call to epsilon"}
{"ts":"2021-03-12T03:46:19.888959", "source":"gamma", "id":"74aa4db3-9361-4476-8e08-6defeba1a442", "code":200, "text":"call to epsilon"}
{"ts":"2021-03-12T03:50:15.913187", "source":"gamma", "id":"3b01cecf-a716-4e7f-bf73-31d10aa31dcb", "code":200, "text":"call to epsilon"}
{"ts":"2021-03-12T03:51:37.290029", "source":"gamma", "id":"fc69aa0a-4fe3-4bb5-896e-bee0aff3dd9d", "code":200, "text":"call to epsilon"}
{"ts":"2021-03-12T03:53:11.877767", "source":"gamma", "id":"8a769a98-e7b8-4a90-9995-1af0f4417ef6", "code":200, "text":"request terminated"}
{"ts":"2021-03-12T03:53:45.379136", "source":"gamma", "id":"7ffa053c-92d7-4b33-8596-ff7b68594c5b", "code":200, "text":"call to epsilon"}
{"ts":"2021-03-12T04:10:29.419426", "source":"gamma", "id":"7bd3df1a-7be1-44c8-a486-a7448ad241d4", "code":200, "text":"request terminated"}
{"ts":"2021-03-12T04:11:58.712616", "source":"gamma", "id":"cacd99d8-2173-4243-bda2-f0e789e318c5", "code":200, "text":"call to epsilon"}
{"ts":"2021-03-12T04:13:02.173252", "source":"gamma", "id":"42d85b63-1b83-4ef1-a438-2a3f5bfd7100", "code":200, "text":"call to epsilon"}
{"ts":"2021-03-12T04:14:14.679914", "source":"gamma", "id":"4bbcb96b-af79-4fc1-b9ab-d78b8577c3b5", "code":200, "text":"call to epsilon"}
{"ts":"2021-03-12T04:14:17.765196", "source":"gamma", "id":"c4bde591-276f-4de6-9221-41c7ecd0506c", "code":200, "text":"call to epsilon"}
{"ts":"2021-03-12T04:16:06.026863", "source":"gamma", "id":"b6955cc3-aaad-4a31-8c8b-423a9929c039", "code":200, "text":"call to epsilon"}
{"ts":"2021-03-12T04:16:51.439094", "source":"gamma", "id":"ef24dbf0-0958-43dd-b57b-6ec34a1d2ed1", "code":200, "text":"request terminated"}
{"ts":"2021-03-12T04:28:39.839522", "source":"gamma", "id":"82d5d52c-a461-40da-a3b9-aca48c026507", "code":200, "text":"call to epsilon"}
{"ts":"2021-03-12T04:35:14.207296", "source":"gamma", "id":"7ccb1a28-6ce3-4304-9eb7-32094c15bb43", "code":200, "text":"call to epsilon"}
{"ts":"2021-03-12T04:39:39.853434", "source":"gamma", "id":"782c0175-7d95-4835-bfa3-098738cb8c83", "code":200, "text":"call to epsilon"}
{"ts":"2021-03-12T04:41:33.450013", "source":"gamma", "id":"37df6782-2619-4fc1-b823-c43b79ec4f49", "code":200, "text":"call to epsilon"}
{"ts":"2021-03-12T04:48:54.473965", "source":"gamma", "id":"e526a2ce-9c7b-46b9-9fb8-56058c3e2759", "code":200, "text":"call to epsilon"}
{"ts":"2021-03-12T04:50:58.703899", "source":"gamma", "id":"14a4a8c2-b0ab-4b6e-91f3-e45f33401d65", "code":200, "text":"call to epsilon"}
{"ts":"2021-03-12T04:51:55.328060", "source":"gamma", "id":"1c3d2b57-7576-46cc-9498-bfb095482574", "code":200, "text":"call to epsilon"}
{"ts":"2021-03-12T04:56:28.558891", "source":"gamma", "id":"8494ea41-37b9-41a1-8bfc-a69552324ee7", "code":200, "text":"call to epsilon"}
{"ts":"2021-03-12T04:57:53.440132", "source":"gamma", "id":"f1a89bc8-232b-4a7e-99d5-59220f92cce2", "code":200, "text":"request terminated"}
{"ts":"2021-03-12T04:58:10.873305", "source":"gamma", "id":"0234cf55-4bc2-47ec-ad2e-11b61a6797f3", "code":200, "text":"call to epsilon"}
{"ts":"2021-03-12T05:12:12.171467", "source":"gamma", "id":"4ae3380f-cc77-4ee6-b380-2dfa92b3e85e", "code":200, "text":"call to delta"}
{"ts":"2021-03-12T05:16:07.765572", "source":"gamma", "id":"f7708a01-3ce0-480a-a69d-db987ec400ad", "code":200, "text":"call to delta"}
{"ts":"2021-03-12T05:18:09.595445", "source":"gamma", "id":"e9bed6e3-1257-4dc6-b2b0-02dac3f11ba1", "code":200, "text":"call to epsilon"}
{"ts":"2021-03-12T05:25:12.993219", "source":"gamma", "id":"3534a76d-9554-4c23-8899-b0dd03140edb", "code":200, "text":"call to epsilon"}
{"ts":"2021-03-12T05:25:14.291424", "source":"gamma", "id":"3c4406e8-fdac-44f5-ac12-a202045ae23e", "code":200, "text":"call to epsilon"}
{"ts":"2021-03-12T05:32:27.380312", "source":"gamma", "id":"e33b65f4-cc95-4f0e-b107-7105425a234c", "code":200, "text":"call to epsilon"}
{"ts":"2021-03-12T05:34:42.204350", "source":"gamma", "id":"48dac4d3-52b5-4ecb-a0f7-bf9b403ae730", "code":200, "text":"call to epsilon"}
{"ts":"2021-03-12T05:39:33.929767", "source":"gamma", "id":"8df0e392-7c05-47a4-ba82-f13eb7a31929", "code":200, "text":"call to delta"}
{"ts":"2021-03-12T05:47:46.943704", "source":"gamma", "id":"fa8a0cbc-e9ba-4b55-b361-c9b007f95825", "code":200, "text":"request terminated"}
{"ts":"2021-03-12T05:48:54.931319", "source":"gamma", "id":"74f1821b-ec01-4239-a669-bcf415021372", "code":200, "text":"call to epsilon"}
{"ts":"2021-03-12T05:49:44.814696", "source":"gamma", "id":"cba926b3-7fe6-4463-8481-48b6df7245c6", "code":200, "text":"call to epsilon"}
{"ts":"2021-03-12T05:52:10.332501", "source":"gamma", "id":"5b35429c-f446-4a44-a490-c850668eb827", "code":200, "text":"call to epsilon"}
{"ts":"2021-03-12T05:54:23.347883", "source":"gamma", "id":"a1e9cb1e-4761-45e6-b96b-a25911c2aa72", "code":200, "text":"request terminated"}
{"ts":"2021-03-12T05:59:57.192803", "source":"gamma", "id":"bfefc7e8-f5a3-4abe-8e57-70d1a992e7d5", "code":200, "text":"call to epsilon"}
{"ts":"2021-03-12T06:02:23.487647", "source":"gamma", "id":"38d7a036-71e1-4708-bd47-c45f67e651cc", "code":200, "text":"request terminated"}
{"ts":"2021-03-12T06:03:29.337185", "source":"gamma", "id":"243fe23f-4691-4e01-b8be-18859b4e7b15", "code":200, "text":"call to epsilon"}
{"ts":"2021-03-12T06:10:57.333657", "source":"gamma", "id":"83436c38-01c4-41fd-898e-d26ab67f13a9", "code":200, "text":"call to epsilon"}
{"ts":"2021-03-12T06:16:41.501812", "source":"gamma", "id":"cae6d95c-da4a-4a9c-840c-2d5094c0018f", "code":200, "text":"call to epsilon"}
{"ts":"2021-03-12T06:22:14.988957", "source":"gamma", "id":"ecb4abbc-82ee-4ec3-baa8-3eb9b140ed44", "code":200, "text":"call to epsilon"}
{"ts":"2021-03-12T06:23:33.827142", "source":"gamma", "id":"b7f562f7-9786-45d8-9ca3-c55b88e47c5c", "code":200, "text":"call to epsilon"}
{"ts":"2021-03-12T06:27:28.396490", "source":"gamma", "id":"88a5083d-8a0e-466c-950d-ee8eb35a2589", "code":200, "text":"request terminated"}
{"ts":"2021-03-12T06:28:23.781502", "source":"gamma", "id":"7378a4a5-5bae-4525-8bef-571944636159", "code":200, "text":"call to delta"}
{"ts":"2021-03-12T06:30:16.274577", "source":"gamma", "id":"f0929fb5-c208-4df6-a432-6590a8af6f89", "code":200, "text":"call to epsilon"}
{"ts":"2021-03-12T06:31:42.038542", "source":"gamma", "id":"d816460a-56b9-47ac-ab00-cfa0d9829303", "code":200, "text":"call to epsilon"}
{"ts":"2021-03-12T06:33:10.440274", "source":"gamma", "id":"fbbdda12-198a-4be8-98a0-a6ed75c072a0", "code":200, "text":"call to epsilon"}
{"ts":"2021-03-12T06:33:57.486233", "source":"gamma", "id":"3d824825-f1bd-40df-92a8-e8b30d4323c5", "code":200, "text":"call to epsilon"}
{"ts":"2021-03-12T06:35:06.773116", "source":"gamma", "id":"4feeff15-efa1-4cd6-ae93-3c45b71e111f", "code":200, "text":"call to epsilon"}
{"ts":"2021-03-12T06:36:40.818407", "source":"gamma", "id":"a6d6a64b-c648-434c-9a53-db70ad37ed69", "code":200, "text":"call to epsilon"}
{"ts":"2021-03-12T06:38:26.291462", "source":"gamma", "id":"92add294-49d8-4d4c-8c24-260b2ea2ec71", "code":200, "text":"request terminated"}
{"ts":"2021-03-12T06:40:01.299195", "source":"gamma", "id":"a8f4379b-e5c0-40ba-bc1d-ff1fc224e2c9", "code":200, "text":"call to epsilon"}
{"ts":"2021-03-12T06:42:16.569571", "source":"gamma", "id":"bb563f17-37cb-48f3-b65c-9ae4b37abecc", "code":200, "text":"call to epsilon"}
{"ts":"2021-03-12T06:43:45.868860", "source":"gamma", "id":"93084e62-bd88-4163-bdc9-1042290ccac9", "code":200, "text":"call to epsilon"}
{"ts":"2021-03-12T06:46:35.371962", "source":"gamma", "id":"b3650f94-6049-4bd7-8af6-ffbbdfe6947a", "code":200, "text":"call to epsilon"}
{"ts":"2021-03-12T06:47:46.242810", "source":"gamma", "id":"b4a2d3e0-af47-492b-a41d-9b86e46b5d96", "code":200, "text":"call to epsilon"}
{"ts":"2021-03-12T06:48:18.549269", "source":"gamma", "id":"dcc90563-5234-40ec-923a-8b58a1298329", "code":200, "text":"request terminated"}
{"ts":"2021-03-12T06:48:56.020295", "source":"gamma", "id":"2f4f21aa-90be-4e1a-b2ad-56f87d57fbe1", "code":200, "text":"call to epsilon"}
{"ts":"2021-03-12T06:49:17.732542", "source":"gamma", "id":"388659cd-8a60-4fc0-ba7f-221dd7d8c323", "code":200, "text":"call to epsilon"}
{"ts":"2021-03-12T06:56:40.730410", "source":"gamma", "id":"b02ddad1-8edd-4289-9e12-52cc44415e70", "code":200, "text":"call to delta"}
{"ts":"2021-03-12T06:57:10.524634", "source":"gamma", "id":"85cccca5-7fe1-463b-9085-6025d7b420b0", "code":200, "text":"request terminated"}
{"ts":"2021-03-12T06:57:56.153596", "source":"gamma", "id":"23acd10a-1f43-4e05-a18d-7dde7fc00af0", "code":200, "text":"call to delta"}
{"ts":"2021-03-12T06:58:30.675533", "source":"gamma", "id":"672e7c2f-0aa7-4960-8d3f-f29805ab53de", "code":200, "text":"call to epsilon"}
{"ts":"2021-03-12T07:01:27.421325", "source":"gamma", "id":"a1437bc2-d4be-4369-8faa-2a73b8b79900", "code":200, "text":"call to delta"}
{"ts":"2021-03-12T07:02:45.976752", "source":"gamma", "id":"b1b230ad-6acd-481a-8293-fcbe2a32530d", "code":200, "text":"request terminated"}
{"ts":"2021-03-12T07:03:25.891247", "source":"gamma", "id":"539b5057-406a-49dc-b88e-becf134813bf", "code":200, "text":"call to epsilon"}
{"ts":"2021-03-12T07:03:26.403958", "source":"gamma", "id":"abb17e43-9523-4729-be06-f425b701bb13", "code":200, "text":"call to epsilon"}
{"ts":"2021-03-12T07:04:19.281656", "source":"gamma", "id":"f688ef9e-7612-4720-827f-02f7d910a544", "code":200, "text":"call to epsilon"}
{"ts":"2021-03-12T07:05:55.009004", "source":"gamma", "id":"a723fb3c-65ad-4246-99ca-811ab2ce6f80", "code":200, "text":"request terminated"}
{"ts":"2021-03-12T07:06:45.902362", "source":"gamma", "id":"6a5422d6-6bf2-4baa-b904-19201d37d487", "code":200, "text":"request terminated"}
{"ts":"2021-03-12T07:07:11.338274", "source":"gamma", "id":"b8cf7767-e556-4855-8bcb-e1bad96a5854", "code":200, "text":"request terminated"}
{"ts":"2021-03-12T07:07:34.855808", "source":"gamma", "id":"86c3f2e1-7c4d-4ea0-897a-7b022faebcda", "code":200, "text":"call to epsilon"}
{"ts":"2021-03-12T07:08:47.035134", "source":"gamma", "id":"28b0ebb4-8102-4d08-9c5e-4c638805e28a", "code":200, "text":"call to epsilon"}
{"ts":"2021-03-12T07:12:29.865080", "source":"gamma", "id":"dde49c20-0b7e-4d09-a753-02a62ec43f44", "code":200, "text":"call to epsilon"}
{"ts":"2021-03-12T07:12:45.760219", "source":"gamma", "id":"af44d59c-9d3b-4eba-be84-56bb7a97dd81", "code":200, "text":"call to epsilon"}
{"ts":"2021-03-12T07:14:59.327283", "source":"gamma", "id":"ab103e68-5fd9-4606-92b5-9a494160846e", "code":200, "text":"call to delta"}
{"ts":"2021-03-12T07:15:42.063937", "source":"gamma", "id":"478134f2-37a8-439d-9d18-485a7bc421e1", "code":200, "text":"request terminated"}
{"ts":"2021-03-12T07:21:24.195863", "source":"gamma", "id":"a7a4d4fc-ded1-4ebb-829b-ce54b83cfa58", "code":200, "text":"call to epsilon"}
{"ts":"2021-03-12T07:21:27.639751", "source":"gamma", "id":"e9458477-65cb-4533-91f7-62b34e425f94", "code":200, "text":"call to epsilon"}
{"ts":"2021-03-12T07:25:10.989887", "source":"gamma", "id":"351f5efd-0d37-4bcc-beb5-50bfdb88fecd", "code":200, "text":"call to epsilon"}
{"ts":"2021-03-12T07:26:09.866040", "source":"gamma", "id":"774a62bf-1c0a-405e-885d-07edee13a230", "code":200, "text":"call to delta"}
{"ts":"2021-03-12T07:26:44.831335", "source":"gamma", "id":"3d4112bd-f30b-491e-b03c-e82a7b0ef714", "code":200, "text":"call to epsilon"}
{"ts":"2021-03-12T07:26:57.636315", "source":"gamma", "id":"31213936-7ec9-4d0c-800d-0aa6bfe3c7bd", "code":200, "text":"request terminated"}
{"ts":"2021-03-12T07:28:48.805183", "source":"gamma", "id":"288cd9f9-2b4b-46f7-a07d-19a571378339", "code":200, "text":"call to epsilon"}
{"ts":"2021-03-12T07:29:45.208565", "source":"gamma", "id":"47a1cd57-2fa9-43d3-9bed-fc0b537d8ecf", "code":200, "text":"call to epsilon"}
{"ts":"2021-03-12T07:31:40.811971", "source":"gamma", "id":"3bc1fd5e-a335-4a82-989c-3c9fd1bbf8c9", "code":200, "text":"call to epsilon"}
{"ts":"2021-03-12T07:31:50.552714", "source":"gamma", "id":"66954b4e-9a91-428d-b8c5-bcbffedbeb30", "code":200, "text":"request terminated"}
{"ts":"2021-03-12T07:37:34.300378", "source":"gamma", "id":"e9ebeb37-8c56-4150-b58a-9a4da23cace7", "code":200, "text":"call to epsilon"}
{"ts":"2021-03-12T07:39:22.289369", "source":"gamma", "id":"e30edd84-1f50-4774-8daf-ed232a92b1b9", "code":200, "text":"call to epsilon"}
{"ts":"2021-03-12T07:42:13.281699", "source":"gamma", "id":"253ca32b-6c8e-4d56-8c23-5bcbc97bda7f", "code":200, "text":"call to epsilon"}
{"ts":"2021-03-12T07:43:24.959904", "source":"gamma", "id":"03f6b9b5-6081-4af9-a592-c637222aa0d8", "code":200, "text":"call to epsilon"}
{"ts":"2021-03-12T07:44:24.427237", "source":"gamma", "id":"1e58a890-ffd8-4b73-8b12-919180259694", "code":200, "text":"call to epsilon"}
{"ts":"2021-03-12T07:45:21.075585", "source":"gamma", "id":"038736e7-51f3-4383-9ef2-c4f7da375d57", "code":200, "text":"call to epsilon"}
{"ts":"2021-03-12T07:52:54.917795", "source":"gamma", "id":"4b24fa96-6ed0-4193-9294-37c09db61916", "code":200, "text":"request terminated"}
{"ts":"2021-03-12T07:53:28.404053", "source":"gamma", "id":"90f28261-3124-4c63-b90d-ec29dfbfe5e4", "code":200, "text":"call to epsilon"}
{"ts":"2021-03-12T07:55:57.805213", "source":"gamma", "id":"8ba957a1-256b-4138-9192-cfbec4aebabf", "code":200, "text":"call to epsilon"}
{"ts":"2021-03-12T07:57:39.407670", "source":"gamma", "id":"41578715-d99f-4c4c-add3-46bd2f93b296", "code":200, "text":"call to epsilon"}
{"ts":"2021-03-12T07:57:44.679431", "source":"gamma", "id":"d8d3ec1a-7ace-4ad3-8a9a-44507c13047e", "code":200, "text":"call to epsilon"}
{"ts":"2021-03-12T07:58:20.234429", "source":"gamma", "id":"35f4a75b-4d8d-435a-aee3-7db65a8d0dd3", "code":200, "text":"call to epsilon"}
{"ts":"2021-03-12T08:00:35.054931", "source":"gamma", "id":"874de513-7bd1-4487-a736-aef6471fa7e0", "code":200, "text":"call to epsilon"}
{"ts":"2021-03-12T08:01:23.938986", "source":"gamma", "id":"f8eca60d-243b-4dcd-afd2-7b0fdb71d5ec", "code":200, "text":"call to epsilon"}
{"ts":"2021-03-12T08:04:06.456396", "source":"gamma", "id":"5ce39fc2-cc96-4387-8b8f-4e3f90cf34bb", "code":200, "text":"call to delta"}
{"ts":"2021-03-12T08:05:57.461013", "source":"gamma", "id":"64b1f7d5-9598-4004-a640-a63f745dac07", "code":200, "text":"call to epsilon"}
{"ts":"2021-03-12T08:06:14.138366", "source":"gamma", "id":"efdd4738-946a-4641-ae52-c41a67ee547d", "code":200, "text":"call to epsilon"}
{"ts":"2021-03-12T08:06:50.780931", "source":"gamma", "id":"a86760cb-b13d-4bce-8804-15b5e29fe322", "code":200, "text":"call to epsilon"}
{"ts":"2021-03-12T08:07:28.729209", "source":"gamma", "id":"753f765f-89aa-42bd-8abc-2a9b42d5322b", "code":200, "text":"call to delta"}
{"ts":"2021-03-12T08:07:36.172647", "source":"gamma", "id":"b6c526ee-b4e4-44aa-b743-17d677d40f45", "code":200, "text":"request terminated"}
{"ts":"2021-03-12T08:13:03.697326", "source":"gamma", "id":"94c3da04-3576-4098-98a7-ccab0a7bc4d9", "code":200, "text":"request terminated"}
{"ts":"2021-03-12T08:14:01.257857", "source":"gamma", "id":"bdfe0ff0-d67e-477d-aebf-6ab5cc407952", "code":200, "text":"call to epsilon"}
{"ts":"2021-03-12T08:15:23.360238", "source":"gamma", "id":"227c8117-5f43-419d-9027-0ea182a3dddf", "code":200, "text":"call to epsilon"}
{"ts":"2021-03-12T08:15:54.978940", "source":"gamma", "id":"7e02b402-8f05-47f4-a3dd-a771a0b8dab8", "code":200, "text":"call to epsilon"}
{"ts":"2021-03-12T08:24:10.104762", "source":"gamma", "id":"e50f51dd-be8e-476b-bab8-2cb9e4cbc51f", "code":200, "text":"call to delta"}
{"ts":"2021-03-12T08:25:24.472107", "source":"gamma", "id":"8370297c-9676-46da-bb0c-072c4d57435b", "code":200, "text":"call to epsilon"}
{"ts":"2021-03-12T08:27:28.664250", "source":"gamma", "id":"98d7d8a4-3c6a-4979-b743-7c708fc8b33c", "code":200, "text":"call to epsilon"}
{"ts":"2021-03-12T08:36:13.303357", "source":"gamma", "id":"b2d74980-e3b7-4e7a-94e3-831d6a2e61ac", "code":200, "text":"call to delta"}
{"ts":"2021-03-12T08:37:08.229923", "source":"gamma", "id":"f197c905-6057-431b-9b0e-6a857a198684", "code":200, "text":"call to epsilon"}
{"ts":"2021-03-12T08:37:28.007770", "source":"gamma", "id":"e2734e1f-637a-4fa2-8c10-576070b57215", "code":200, "text":"call to epsilon"}
{"ts":"2021-03-12T08:41:16.889250", "source":"gamma", "id":"abbdb3bf-e9bf-4b6d-a522-0ef9ee8cd03a", "code":200, "text":"request terminated"}
{"ts":"2021-03-12T08:44:36.227282", "source":"gamma", "id":"4c5a34c1-fb89-4583-9413-c1db26a7f9a6", "code":200, "text":"request terminated"}
{"ts":"2021-03-12T08:45:07.412282", "source":"gamma", "id":"6ca82b18-ca28-404c-a485-51f6331039ab", "code":200, "text":"call to epsilon"}
{"ts":"2021-03-12T08:45:16.868530", "source":"gamma", "id":"a2f0f5de-1e78-47fd-b94f-072975a24ff1", "code":200, "text":"call to epsilon"}
{"ts":"2021-03-12T08:51:06.864642", "source":"gamma", "id":"c26f3713-d587-4e8d-8531-97381b2d9f05", "code":200, "text":"call to epsilon"}
{"ts":"2021-03-12T08:51:46.285893", "source":"gamma", "id":"4f16c636-2f97-4520-9778-a0e5e89d50ec", "code":200, "text":"call to delta"}
{"ts":"2021-03-12T08:54:57.414079", "source":"gamma", "id":"52976d65-5bb3-4dc6-982f-32d1ea903afa", "code":200, "text":"call to epsilon"}
{"ts":"2021-03-12T08:56:08.832976", "source":"gamma", "id":"1fd2730d-1882-41e7-a63e-5e78e0374a2e", "code":200, "text":"request terminated"}
{"ts":"2021-03-12T08:58:23.319114", "source":"gamma", "id":"79632751-7543-46d8-89ee-c4c2355fd223", "code":200, "text":"call to epsilon"}
{"ts":"2021-03-12T08:58:56.144069", "source":"gamma", "id":"b712cfb1-2bdb-4728-ae4b-5daea974ca92", "code":200, "text":"call to delta"}
{"ts":"2021-03-12T09:03:17.814070", "source":"gamma", "id":"1ca90b23-cd85-4fe7-8e01-fb70aed814d6", "code":200, "text":"call to epsilon"}
{"ts":"2021-03-12T09:06:59.000200", "source":"gamma", "id":"ece0c40e-94cf-467e-9fb7-06c48edf45db", "code":200, "text":"call to epsilon"}
{"ts":"2021-03-12T09:06:59.346989", "source":"gamma", "id":"1712d316-3492-45cc-a581-fdc433501a00", "code":200, "text":"request terminated"}
{"ts":"2021-03-12T09:09:26.253163", "source":"gamma", "id":"2ecd2643-c627-406d-a36c-11301b0b8f23", "code":200, "text":"call to epsilon"}
{"ts":"2021-03-12T09:09:33.451661", "source":"gamma", "id":"dadbec56-1f0c-4567-b966-20e958b2fcca", "code":200, "text":"call to epsilon"}
{"ts":"2021-03-12T09:11:14.359632", "source":"gamma", "id":"3a740d95-a577-483a-9c18-4fed33c9db2f", "code":200, "text":"request terminated"}
{"ts":"2021-03-12T09:13:28.752573", "source":"gamma", "id":"dc9f1a80-ec23-44d3-b624-7565901d872e", "code":200, "text":"call to epsilon"}
{"ts":"2021-03-12T09:14:19.598929", "source":"gamma", "id":"de7ad13d-439c-41c5-920c-7ecdacf6c0ad", "code":200, "text":"call to delta"}
{"ts":"2021-03-12T09:17:20.091002", "source":"gamma", "id":"daa00314-98aa-48be-8bd3-4f2b0429018c", "code":200, "text":"call to epsilon"}
{"ts":"2021-03-12T09:17:25.380084", "source":"gamma", "id":"2c6c8cda-9a53-447c-b480-3269f9ccdf75", "code":200, "text":"call to epsilon"}
{"ts":"2021-03-12T09:17:37.376133", "source":"gamma", "id":"d54a4b1e-9035-41e1-9202-1398d50e4bc3", "code":200, "text":"call to epsilon"}
{"ts":"2021-03-12T09:18:11.603707", "source":"gamma", "id":"0410b30b-12a3-4a60-9b6a-bfb9afaf15db", "code":200, "text":"call to epsilon"}
{"ts":"2021-03-12T09:19:54.763739", "source":"gamma", "id":"1b424271-ee43-433c-bd56-65d17fe6b2d3", "code":200, "text":"call to epsilon"}
{"ts":"2021-03-12T09:19:58.177620", "source":"gamma", "id":"a853bc9d-7fc5-490f-a431-fea92f9bd6a7", "code":200, "text":"request terminated"}
{"ts":"2021-03-12T09:21:12.834079", "source":"gamma", "id":"0e69a860-d1e7-4d59-b499-b96094c203a2", "code":200, "text":"call to epsilon"}
{"ts":"2021-03-12T09:23:01.422835", "source":"gamma", "id":"ffa2eb63-aa06-4c22-b910-e2ff6221aa9a", "code":200, "text":"call to epsilon"}
{"ts":"2021-03-12T09:23:01.947493", "source":"gamma", "id":"34f478af-c368-4ec1-a0cf-463aa2a285e3", "code":200, "text":"call to delta"}
{"ts":"2021-03-12T09:23:39.064133", "source":"gamma", "id":"fae2b006-19e7-4e79-867a-9e61108e8a45", "code":200, "text":"call to epsilon"}
{"ts":"2021-03-12T09:23:51.336799", "source":"gamma", "id":"470fb5c1-ba17-4152-828f-cc679670de28", "code":200, "text":"call to epsilon"}
{"ts":"2021-03-12T09:26:06.855473", "source":"gamma", "id":"2f5c551f-d49c-43e8-9940-0ae44345c54a", "code":200, "text":"call to epsilon"}
{"ts":"2021-03-12T09:26:27.597155", "source":"gamma", "id":"07158450-3d9e-4fea-a723-00639789cf03", "code":200, "text":"request terminated"}
{"ts":"2021-03-12T09:28:23.130466", "source":"gamma", "id":"f52b1440-6332-458b-a6a2-3e45c55d23b0", "code":200, "text":"call to epsilon"}
{"ts":"2021-03-12T09:29:43.364943", "source":"gamma", "id":"177de786-17c5-4328-822b-4a2e66517616", "code":200, "text":"call to epsilon"}
{"ts":"2021-03-12T09:30:19.596169", "source":"gamma", "id":"e1084103-de20-455f-8487-246eb1155117", "code":200, "text":"call to epsilon"}
{"ts":"2021-03-12T09:31:55.935170", "source":"gamma", "id":"b2cde97e-3ab4-40c7-a52e-2b6ce60885d4", "code":200, "text":"call to epsilon"}
{"ts":"2021-03-12T09:32:17.725009", "source":"gamma", "id":"3f55021f-6d4f-407f-a062-4ec8cb45414f", "code":200, "text":"call to epsilon"}
{"ts":"2021-03-12T09:32:48.981950", "source":"gamma", "id":"3cc22f15-f311-43ef-b1e4-a359d538d4a8", "code":200, "text":"call to epsilon"}
{"ts":"2021-03-12T09:33:51.482756", "source":"gamma", "id":"dd487666-aa9c-47cb-a159-db8abdb0d910", "code":200, "text":"call to epsilon"}
{"ts":"2021-03-12T09:34:03.248216", "source":"gamma", "id":"63459a34-d67c-4eb6-9aa7-a82159c4cbd3", "code":200, "text":"call to epsilon"}
{"ts":"2021-03-12T09:35:02.630458", "source":"gamma", "id":"d2325640-0414-4149-bb03-4ac5e2c927d5", "code":200, "text":"call to epsilon"}
{"ts":"2021-03-12T09:36:45.645272", "source":"gamma", "id":"5e0b0301-8f35-4c19-a094-bd351bdb4476", "code":200, "text":"call to epsilon"}
{"ts":"2021-03-12T09:40:33.976028", "source":"gamma", "id":"62c0fc76-370d-459b-9653-e18c89ab5812", "code":200, "text":"call to epsilon"}
{"ts":"2021-03-12T09:40:54.193835", "source":"gamma", "id":"0357338c-7c49-400e-b084-f46aa7d7fbf5", "code":200, "text":"call to epsilon"}
{"ts":"2021-03-12T09:41:31.193903", "source":"gamma", "id":"ac4b4a72-f0c6-42cf-bed5-aa2d3743cc56", "code":200, "text":"request terminated"}
{"ts":"2021-03-12T09:43:21.846529", "source":"gamma", "id":"35664d3f-6051-45c3-9923-a4cae6592ac1", "code":200, "text":"call to epsilon"}
{"ts":"2021-03-12T09:43:49.703782", "source":"gamma", "id":"e725fe59-4366-49b1-bb1e-d3986fe52f91", "code":200, "text":"call to epsilon"}
{"ts":"2021-03-12T09:47:37.537485", "source":"gamma", "id":"38ab4a48-8a28-4977-af4d-a8d92e7d931f", "code":200, "text":"call to epsilon"}
{"ts":"2021-03-12T09:48:11.795807", "source":"gamma", "id":"8edcab16-40f9-47ed-93ce-977d4b3514a7", "code":200, "text":"call to epsilon"}
{"ts":"2021-03-12T09:50:38.856947", "source":"gamma", "id":"ca4fe335-c094-43e9-a081-959e10a3c07f", "code":200, "text":"call to epsilon"}
{"ts":"2021-03-12T09:50:56.651326", "source":"gamma", "id":"84bc8ee3-4397-4094-8f1a-d0d036cd5192", "code":200, "text":"call to delta"}
{"ts":"2021-03-12T09:51:07.236090", "source":"gamma", "id":"9274a2be-2e50-4a48-869e-b77a0b40705e", "code":200, "text":"call to epsilon"}
{"ts":"2021-03-12T09:51:15.594039", "source":"gamma", "id":"3b3d971a-e5c6-4483-a543-63dd3eb35c02", "code":200, "text":"call to epsilon"}
{"ts":"2021-03-12T09:52:22.801238", "source":"gamma", "id":"1dfe4d76-4608-4a43-ae44-f33d3547562f", "code":200, "text":"call to epsilon"}
{"ts":"2021-03-12T09:52:59.799451", "source":"gamma", "id":"4d2cae09-e4a9-418e-b4a4-d1547cabd339", "code":200, "text":"call to epsilon"}
{"ts":"2021-03-12T09:54:14.149173", "source":"gamma", "id":"f14ded30-c15c-441f-ace4-fecbce09bf16", "code":200, "text":"call to epsilon"}
{"ts":"2021-03-12T09:55:05.713378", "source":"gamma", "id":"e611bc61-cf30-42e5-8317-473ab87e7d50", "code":200, "text":"call to epsilon"}
{"ts":"2021-03-12T09:56:08.454847", "source":"gamma", "id":"b43d14e8-6401-4145-9df4-ddfee9f14905", "code":200, "text":"call to epsilon"}
{"ts":"2021-03-12T09:57:06.505917", "source":"gamma", "id":"b2a2ccb2-0b64-4d29-b481-d3d56d1d669b", "code":200, "text":"call to epsilon"}
{"ts":"2021-03-12T10:00:29.174554", "source":"gamma", "id":"34d6629f-5fba-4476-8d70-0f9fd996fac6", "code":200, "text":"call to epsilon"}
{"ts":"2021-03-12T10:00:54.348778", "source":"gamma", "id":"a5cbe3d8-9c76-4eb1-bc5d-be50685e76e3", "code":200, "text":"call to epsilon"}
{"ts":"2021-03-12T10:03:19.540407", "source":"gamma", "id":"0dbcdfd9-4106-49b6-a642-fbe1b6700418", "code":200, "text":"call to epsilon"}
{"ts":"2021-03-12T10:04:19.103944", "source":"gamma", "id":"3b41b6bb-6f4c-4c73-aecf-075638b7fbc8", "code":200, "text":"call to epsilon"}
{"ts":"2021-03-12T10:04:48.430294", "source":"gamma", "id":"e87c3957-d94b-47ce-862c-7391af885515", "code":200, "text":"call to epsilon"}
{"ts":"2021-03-12T10:05:24.926124", "source":"gamma", "id":"64b275e0-50cb-4972-97ee-9f08e3d75e73", "code":200, "text":"call to epsilon"}
{"ts":"2021-03-12T10:06:30.471909", "source":"gamma", "id":"19e7c01e-d531-4c6d-8912-644e54cbc0fb", "code":200, "text":"call to epsilon"}
{"ts":"2021-03-12T10:10:00.458818", "source":"gamma", "id":"5c575a25-5833-46d5-9f89-f115bc800d41", "code":200, "text":"request terminated"}
{"ts":"2021-03-12T10:10:45.201712", "source":"gamma", "id":"30516b44-86b9-472e-9f04-332299724213", "code":200, "text":"call to epsilon"}
{"ts":"2021-03-12T10:15:08.806856", "source":"gamma", "id":"44abc98a-cda5-4a9d-a80d-d4b0952b9d82", "code":200, "text":"call to epsilon"}
{"ts":"2021-03-12T10:16:17.273553", "source":"gamma", "id":"ad58fb18-3410-4b04-9645-b0308002c7da", "code":200, "text":"call to epsilon"}
{"ts":"2021-03-12T10:16:30.657956", "source":"gamma", "id":"e9b7ca38-2036-4b90-83d4-9e62917c08de", "code":200, "text":"call to epsilon"}
{"ts":"2021-03-12T10:17:12.740453", "source":"gamma", "id":"c83c098a-e857-4ce9-905b-6b68c653b5e3", "code":200, "text":"call to epsilon"}
{"ts":"2021-03-12T10:17:20.760281", "source":"gamma", "id":"99f41ec0-927d-425b-9f7c-a67c2457e258", "code":200, "text":"call to epsilon"}
{"ts":"2021-03-12T10:18:08.200285", "source":"gamma", "id":"3fe4f385-71e3-4aa7-8b59-6009bdea821a", "code":200, "text":"call to epsilon"}
{"ts":"2021-03-12T10:18:27.113312", "source":"gamma", "id":"8322bdef-88dc-4945-a63e-abccee810c03", "code":200, "text":"call to epsilon"}
{"ts":"2021-03-12T10:18:48.003106", "source":"gamma", "id":"46e442f2-d572-4409-a035-1f315a61d7f1", "code":200, "text":"call to epsilon"}
{"ts":"2021-03-12T10:20:09.798298", "source":"gamma", "id":"46da16b1-dd2a-49f4-af38-a35d7c260f20", "code":200, "text":"call to epsilon"}
{"ts":"2021-03-12T10:22:07.932991", "source":"gamma", "id":"d2642bf2-f039-40c5-9e3b-172c28417e3a", "code":200, "text":"call to epsilon"}
{"ts":"2021-03-12T10:24:49.429918", "source":"gamma", "id":"79452293-9444-49a7-9324-a7d2d311ccf0", "code":200, "text":"call to epsilon"}
{"ts":"2021-03-12T10:26:22.046845", "source":"gamma", "id":"c1915f06-7454-40b8-97d5-003f0ef9e722", "code":200, "text":"call to epsilon"}
{"ts":"2021-03-12T10:26:23.575308", "source":"gamma", "id":"b80ed18d-746f-4eb3-aee0-a16c24d3c11f", "code":200, "text":"call to epsilon"}
{"ts":"2021-03-12T10:27:57.095177", "source":"gamma", "id":"35bbbe05-60bf-448d-810a-4af01aede4cb", "code":200, "text":"call to epsilon"}
{"ts":"2021-03-12T10:28:35.945274", "source":"gamma", "id":"23950682-af3f-4398-99a1-c53c4a05849d", "code":200, "text":"request terminated"}
{"ts":"2021-03-12T10:30:45.046351", "source":"gamma", "id":"f1cc792e-7336-4492-97a1-e7cb4e2402ae", "code":200, "text":"call to epsilon"}
{"ts":"2021-03-12T10:32:56.428460", "source":"gamma", "id":"5465f0f6-d0a4-42a2-bf7e-021eb3b085cb", "code":200, "text":"call to epsilon"}
{"ts":"2021-03-12T10:33:34.683609", "source":"gamma", "id":"80a54338-ab07-498b-a40c-8ad2b0515b40", "code":200, "text":"request terminated"}
{"ts":"2021-03-12T10:34:02.981746", "source":"gamma", "id":"65c3c540-c61d-4799-91db-dd526f93df0f", "code":200, "text":"call to epsilon"}
{"ts":"2021-03-12T10:36:01.590894", "source":"gamma", "id":"cc63ab94-0440-4363-865a-977d9d1e98c0", "code":200, "text":"call to epsilon"}
{"ts":"2021-03-12T10:36:05.458568", "source":"gamma", "id":"bda1ec0d-30f1-44f5-b604-7b20c6fcb18a", "code":200, "text":"call to delta"}
{"ts":"2021-03-12T10:41:21.055879", "source":"gamma", "id":"504cbc5b-83b8-4d60-9cdf-4b3142efe6ab", "code":200, "text":"request terminated"}
{"ts":"2021-03-12T10:41:51.497841", "source":"gamma", "id":"52be06a8-59ac-4e0c-91c5-612adf7716e9", "code":200, "text":"call to epsilon"}
{"ts":"2021-03-12T10:43:50.108866", "source":"gamma", "id":"28af305f-08fa-4409-ba88-6de8ff97f1e9", "code":200, "text":"request terminated"}
{"ts":"2021-03-12T10:45:32.683542", "source":"gamma", "id":"5aa79b0d-4802-4702-b42e-320d6f19b09c", "code":200, "text":"call to epsilon"}
{"ts":"2021-03-12T10:48:50.204937", "source":"gamma", "id":"e7025b38-5120-4f95-8434-de2aee29365f", "code":200, "text":"call to epsilon"}
{"ts":"2021-03-12T10:51:24.747689", "source":"gamma", "id":"bb9ca11b-8d6e-467c-a25a-478e52f6796d", "code":200, "text":"request terminated"}
{"ts":"2021-03-12T10:54:05.141859", "source":"gamma", "id":"57b2d158-0c0e-4670-8a9c-8a232d82d8af", "code":200, "text":"call to epsilon"}
{"ts":"2021-03-12T10:54:09.800190", "source":"gamma", "id":"e90b5e3c-09f4-4e8b-9e6a-aa12724603cd", "code":200, "text":"call to epsilon"}
{"ts":"2021-03-12T10:54:24.529041", "source":"gamma", "id":"7cbd9a2b-743f-4cce-9685-5a329b1bf897", "code":200, "text":"call to epsilon"}
{"ts":"2021-03-12T10:59:00.688493", "source":"gamma", "id":"bd319ea1-1c28-4201-9507-fed7bfeb1d4e", "code":200, "text":"call to epsilon"}
{"ts":"2021-03-12T11:02:36.103795", "source":"gamma", "id":"991fdbc1-c883-4d94-af87-3636bd364e34", "code":200, "text":"request terminated"}
{"ts":"2021-03-12T11:04:15.520648", "source":"gamma", "id":"e0559964-5352-4a15-a6bd-a7400cd63862", "code":200, "text":"call to epsilon"}
{"ts":"2021-03-12T11:09:59.079940", "source":"gamma", "id":"2bb364eb-8349-4f5f-9042-2f315af8a35d", "code":200, "text":"call to epsilon"}
{"ts":"2021-03-12T11:12:43.353133", "source":"gamma", "id":"23a13385-27da-4fba-a9f3-7dbef4927d2f", "code":200, "text":"call to epsilon"}
{"ts":"2021-03-12T11:13:00.488861", "source":"gamma", "id":"5dcd640b-822f-4796-951c-baaf6575cf22", "code":200, "text":"call to epsilon"}
{"ts":"2021-03-12T11:13:19.910706", "source":"gamma", "id":"e2b676e7-8f50-4307-b530-9dfaac64815c", "code":200, "text":"call to epsilon"}
{"ts":"2021-03-12T11:13:27.429656", "source":"gamma", "id":"4f6ce974-0a57-4f56-b43e-2b2bcd914313", "code":200, "text":"call to epsilon"}
{"ts":"2021-03-12T11:15:12.369036", "source":"gamma", "id":"e4971914-6bbb-4e5e-9099-c02b17765f52", "code":200, "text":"call to epsilon"}
{"ts":"2021-03-12T11:18:15.325284", "source":"gamma", "id":"26111030-dc10-4e61-95b4-91a1983bd2bf", "code":200, "text":"call to epsilon"}
{"ts":"2021-03-12T11:18:23.298009", "source":"gamma", "id":"6dbba291-44b6-4e12-b0d6-3b6a3820318c", "code":200, "text":"call to epsilon"}
{"ts":"2021-03-12T11:18:39.707903", "source":"gamma", "id":"3d91a7a0-ba25-4a11-a5e2-d52521ca5857", "code":200, "text":"request terminated"}
{"ts":"2021-03-12T11:19:43.531298", "source":"gamma", "id":"598cebfc-0d92-4dbe-a22a-3a45810b32da", "code":200, "text":"call to epsilon"}
{"ts":"2021-03-12T11:22:00.959514", "source":"gamma", "id":"1854637d-4be6-4ef8-bf5e-ff10e46df018", "code":200, "text":"call to epsilon"}
{"ts":"2021-03-12T11:23:39.424208", "source":"gamma", "id":"65be7f74-4c30-4bd7-b176-6aabbb37923c", "code":200, "text":"call to epsilon"}
{"ts":"2021-03-12T11:24:21.126033", "source":"gamma", "id":"a50509df-627c-4b75-8b5d-49f5b74cf469", "code":200, "text":"call to epsilon"}
{"ts":"2021-03-12T11:28:05.093363", "source":"gamma", "id":"f36b1a89-a470-48ae-9876-14a02a04352a", "code":200, "text":"call to delta"}
{"ts":"2021-03-12T11:29:23.508240", "source":"gamma", "id":"67210639-5c45-4ac1-b196-1d974562a405", "code":200, "text":"call to delta"}
{"ts":"2021-03-12T11:29:56.414479", "source":"gamma", "id":"ebb7f71b-b3e7-4439-aae3-591b5064f3ff", "code":200, "text":"call to epsilon"}
{"ts":"2021-03-12T11:30:18.367168", "source":"gamma", "id":"a5ee65c1-0de5-4805-b2b6-56eb07fdaaad", "code":200, "text":"call to epsilon"}
{"ts":"2021-03-12T11:30:44.503237", "source":"gamma", "id":"04133b03-2f5e-4dd3-a5cb-09ba99722e40", "code":200, "text":"call to delta"}
{"ts":"2021-03-12T11:30:56.538103", "source":"gamma", "id":"0a638e17-baa6-4c7b-812d-42dd2333a46a", "code":200, "text":"call to epsilon"}
{"ts":"2021-03-12T11:31:07.052622", "source":"gamma", "id":"78c3f3bf-6c16-4052-81f9-b40e659e94a7", "code":200, "text":"call to epsilon"}
{"ts":"2021-03-12T11:37:01.466415", "source":"gamma", "id":"dcc55e97-f6ea-4ff6-a45b-e48aeb7d4ead", "code":200, "text":"call to epsilon"}
{"ts":"2021-03-12T11:38:50.999299", "source":"gamma", "id":"36a41d83-536b-4db1-82ad-4d315a4a2b04", "code":200, "text":"call to epsilon"}
{"ts":"2021-03-12T11:39:33.732476", "source":"gamma", "id":"def4efc2-cb81-447c-99da-3ebb8a8da26f", "code":200, "text":"call to epsilon"}
{"ts":"2021-03-12T11:39:38.457865", "source":"gamma", "id":"e855de5c-d803-45c9-a7f1-230e61e97860", "code":200, "text":"call to epsilon"}
{"ts":"2021-03-12T11:40:12.239053", "source":"gamma", "id":"e538c065-1567-41c6-9b8a-e78d1cceee0f", "code":200, "text":"request terminated"}
{"ts":"2021-03-12T11:42:19.717186", "source":"gamma", "id":"c1874e26-6915-4b82-a0e2-523c6dfb3b3e", "code":200, "text":"call to epsilon"}
{"ts":"2021-03-12T11:42:30.636722", "source":"gamma", "id":"d7558d29-f39c-484c-8688-8687dfedc284", "code":200, "text":"call to epsilon"}
{"ts":"2021-03-12T11:43:01.201708", "source":"gamma", "id":"31f6c383-7d75-44d3-afef-86baa6298c8c", "code":200, "text":"call to epsilon"}
{"ts":"2021-03-12T11:45:33.175931", "source":"gamma", "id":"246be23b-f124-4fce-a4c0-a500e0f6eb5b", "code":200, "text":"call to epsilon"}
{"ts":"2021-03-12T11:45:40.546022", "source":"gamma", "id":"42a549e0-5fad-4f77-a393-d8a9315c9e5c", "code":200, "text":"call to epsilon"}
{"ts":"2021-03-12T11:47:56.684926", "source":"gamma", "id":"8dca0d3b-ffee-467a-882a-a72da39ad0f9", "code":200, "text":"request terminated"}
{"ts":"2021-03-12T11:48:40.105416", "source":"gamma", "id":"d5d2028b-5768-4624-af2d-2b42e22ebe47", "code":200, "text":"call to epsilon"}
{"ts":"2021-03-12T11:48:53.744232", "source":"gamma", "id":"ccf52230-e899-4621-b46e-21df595b5fc8", "code":200, "text":"call to epsilon"}
{"ts":"2021-03-12T11:49:25.412809", "source":"gamma", "id":"c570b17a-831c-4213-be45-ad12d0377e5c", "code":200, "text":"call to epsilon"}
{"ts":"2021-03-12T11:50:41.561890", "source":"gamma", "id":"eac0d2be-502c-4327-9df8-00ec1aa245e9", "code":200, "text":"call to delta"}
{"ts":"2021-03-12T11:51:28.739618", "source":"gamma", "id":"93d07343-56b1-4724-a346-ab512150b2ba", "code":200, "text":"call to epsilon"}
{"ts":"2021-03-12T11:52:06.440938", "source":"gamma", "id":"97ef8bdb-02fd-47f8-9d10-785d8e3ac33f", "code":200, "text":"call to epsilon"}
{"ts":"2021-03-12T11:52:56.054253", "source":"gamma", "id":"4719cd9a-14f8-49ab-9852-b26071f2641c", "code":200, "text":"call to epsilon"}
{"ts":"2021-03-12T11:53:28.602404", "source":"gamma", "id":"de5a082a-0ec2-447f-8890-1797fabbceff", "code":200, "text":"call to epsilon"}
{"ts":"2021-03-12T12:00:19.376703", "source":"gamma", "id":"06370ccc-842b-4b65-99f4-5d1d978402b5", "code":200, "text":"call to delta"}
{"ts":"2021-03-12T12:00:40.577030", "source":"gamma", "id":"2d009836-9d20-4491-b164-214baa1c3347", "code":200, "text":"call to delta"}
{"ts":"2021-03-12T12:00:42.377073", "source":"gamma", "id":"9f34154a-776f-4281-b32d-75dd0c59c5e2", "code":200, "text":"call to epsilon"}
{"ts":"2021-03-12T12:00:43.461138", "source":"gamma", "id":"bfecb079-ab50-4878-931c-6f985cd005d0", "code":200, "text":"call to epsilon"}
{"ts":"2021-03-12T12:01:40.606977", "source":"gamma", "id":"673352d1-aa1e-4db6-b070-249037f1dc62", "code":200, "text":"call to epsilon"}
{"ts":"2021-03-12T12:02:31.552772", "source":"gamma", "id":"4ccad568-4f87-432a-81e7-cf1c5636e7c7", "code":200, "text":"request terminated"}
{"ts":"2021-03-12T12:02:46.694839", "source":"gamma", "id":"11700afc-58ad-4f33-917d-cbb06b93e7a3", "code":200, "text":"call to epsilon"}
{"ts":"2021-03-12T12:07:59.321642", "source":"gamma", "id":"4a2a0c54-ea7e-4c66-918f-097e8b7987f8", "code":200, "text":"call to epsilon"}
{"ts":"2021-03-12T12:09:10.592995", "source":"gamma", "id":"a344fc58-675a-4977-b1a4-a6c9c8d04a15", "code":200, "text":"call to epsilon"}
{"ts":"2021-03-12T12:10:46.929490", "source":"gamma", "id":"4676e8b6-ec8c-4971-998d-da8a42dd9161", "code":200, "text":"call to epsilon"}
{"ts":"2021-03-12T12:12:58.528650", "source":"gamma", "id":"9d7653e8-4b3f-444b-804c-43955724307d", "code":200, "text":"call to delta"}
{"ts":"2021-03-12T12:13:26.256175", "source":"gamma", "id":"b4f4b590-6933-40f2-82aa-4fc80382b86f", "code":200, "text":"call to epsilon"}
{"ts":"2021-03-12T12:16:21.243881", "source":"gamma", "id":"9ade351e-6938-4778-9e0d-b6bd6bf0076d", "code":200, "text":"call to epsilon"}
{"ts":"2021-03-12T12:19:09.333579", "source":"gamma", "id":"b6eddd19-4020-443a-9289-35f0d0f91257", "code":200, "text":"call to epsilon"}
{"ts":"2021-03-12T12:20:09.773747", "source":"gamma", "id":"da83f3df-2bd8-467d-99b0-a287a372b37d", "code":200, "text":"call to epsilon"}
{"ts":"2021-03-12T12:22:11.160053", "source":"gamma", "id":"eed4420d-f04a-4fdd-9189-7818dcb8bbf9", "code":200, "text":"call to epsilon"}
{"ts":"2021-03-12T12:25:01.232980", "source":"gamma", "id":"20f046ec-6650-430a-9c41-b8b9c21f790d", "code":200, "text":"request terminated"}
{"ts":"2021-03-12T12:26:39.150165", "source":"gamma", "id":"3b526359-52b9-474c-b03c-6919f6eeca14", "code":200, "text":"call to epsilon"}
{"ts":"2021-03-12T12:28:36.818902", "source":"gamma", "id":"c3cbc8fa-5f27-4cd3-afb3-96a2c364cf09", "code":200, "text":"call to epsilon"}
{"ts":"2021-03-12T12:30:24.466909", "source":"gamma", "id":"96ad00b7-1c39-4da7-9582-a61ea09c0424", "code":200, "text":"call to epsilon"}
{"ts":"2021-03-12T12:30:53.846351", "source":"gamma", "id":"cf7dbc52-396f-4afd-86d6-65da791d7f06", "code":200, "text":"call to epsilon"}
{"ts":"2021-03-12T12:32:45.890739", "source":"gamma", "id":"bb899b9b-ffa5-44e6-901a-2d1ed4006d07", "code":200, "text":"request terminated"}
{"ts":"2021-03-12T12:33:51.874060", "source":"gamma", "id":"661d84e6-d7ae-402c-938d-61993d590650", "code":200, "text":"call to epsilon"}
{"ts":"2021-03-12T12:34:34.568123", "source":"gamma", "id":"7c940bd4-759c-4926-82be-14489642bd5d", "code":200, "text":"call to epsilon"}
{"ts":"2021-03-12T12:35:39.833332", "source":"gamma", "id":"5a3ef137-52f3-4169-8816-bf53e47a69c2", "code":200, "text":"call to epsilon"}
{"ts":"2021-03-12T12:35:45.486792", "source":"gamma", "id":"dac4d1d7-17e8-49dc-a6af-ca4346d15e03", "code":200, "text":"request terminated"}
{"ts":"2021-03-12T12:37:34.611308", "source":"gamma", "id":"c2b50b1e-d33e-4666-8b29-af6bee03d4ba", "code":200, "text":"call to epsilon"}
{"ts":"2021-03-12T12:41:28.865882", "source":"gamma", "id":"dd134fcc-feec-41fb-91f2-af6d6c2d30d0", "code":200, "text":"request terminated"}
{"ts":"2021-03-12T12:42:11.119828", "source":"gamma", "id":"48f66f1e-2455-40da-8415-b2984b315a9a", "code":200, "text":"call to epsilon"}
{"ts":"2021-03-12T12:44:52.058291", "source":"gamma", "id":"2715f215-871d-4dec-a4fd-76006d61be4a", "code":200, "text":"call to epsilon"}
{"ts":"2021-03-12T12:45:46.611287", "source":"gamma", "id":"5d2aa987-8586-4426-a4a6-df53e4858acc", "code":200, "text":"request terminated"}
{"ts":"2021-03-12T12:47:00.343236", "source":"gamma", "id":"1141faf8-8377-43a6-a3ec-beece108624f", "code":200, "text":"call to epsilon"}
{"ts":"2021-03-12T12:48:12.983822", "source":"gamma", "id":"1e6c327b-d8b7-4f1b-948f-f0b5213f706a", "code":200, "text":"request terminated"}
{"ts":"2021-03-12T12:48:16.832044", "source":"gamma", "id":"1fb6e354-6ea2-49ff-8e97-495a1ef741c9", "code":200, "text":"request terminated"}
{"ts":"2021-03-12T12:49:47.178958", "source":"gamma", "id":"b88c9812-b81c-4a56-ad49-7823583b9348", "code":200, "text":"call to epsilon"}
{"ts":"2021-03-12T12:50:37.837696", "source":"gamma", "id":"413be7cc-2926-4580-91b3-899ecbbc7b7c", "code":200, "text":"call to epsilon"}
{"ts":"2021-03-12T12:51:37.889173", "source":"gamma", "id":"dc843d4f-78da-4e47-8b36-4589e3f3aeff", "code":200, "text":"call to epsilon"}
{"ts":"2021-03-12T12:53:23.781503", "source":"gamma", "id":"bbc53970-b58b-4b7d-8aec-94e538b2a97d", "code":200, "text":"call to epsilon"}
{"ts":"2021-03-12T12:53:44.982950", "source":"gamma", "id":"6543513a-684d-478a-85a4-ab4434b9f2e2", "code":200, "text":"call to delta"}
{"ts":"2021-03-12T12:53:52.182629", "source":"gamma", "id":"1b92664d-116a-4440-9d65-7a28a9d57e0f", "code":200, "text":"request terminated"}
{"ts":"2021-03-12T12:54:22.768896", "source":"gamma", "id":"437ef079-e6c5-4424-9ca3-b8b28b9872da", "code":200, "text":"request terminated"}
{"ts":"2021-03-12T12:54:52.738936", "source":"gamma", "id":"5c44eb3f-233e-4dcb-9a94-738f7a7e4c7c", "code":200, "text":"call to delta"}
{"ts":"2021-03-12T12:54:52.954153", "source":"gamma", "id":"7c0e9a94-0d97-40a9-8088-a716459574d0", "code":200, "text":"call to epsilon"}
{"ts":"2021-03-12T12:56:08.361598", "source":"gamma", "id":"be0809e3-67c1-42db-aaa8-0ba8ebb8833a", "code":200, "text":"call to epsilon"}
{"ts":"2021-03-12T12:56:38.203816", "source":"gamma", "id":"cc5f5452-a79f-41e6-8e20-5950af23a1d1", "code":200, "text":"call to epsilon"}
{"ts":"2021-03-12T12:56:45.337254", "source":"gamma", "id":"c193c1d5-e8ea-4c55-92f1-f9030b1b63f5", "code":200, "text":"call to epsilon"}
{"ts":"2021-03-12T12:57:21.280777", "source":"gamma", "id":"1040be4f-453f-4361-a4d6-22b713c7732f", "code":200, "text":"call to delta"}
{"ts":"2021-03-12T12:59:05.953344", "source":"gamma", "id":"e0e2d15f-7391-4a94-ad1a-fdae4231cd53", "code":200, "text":"call to delta"}
{"ts":"2021-03-12T12:59:32.928659", "source":"gamma", "id":"6531bd4b-e281-40d3-a076-9fd90f7744f1", "code":200, "text":"request terminated"}
{"ts":"2021-03-12T13:00:30.340444", "source":"gamma", "id":"80e67778-c073-4d94-b70b-e1875db9f2bb", "code":200, "text":"call to epsilon"}
{"ts":"2021-03-12T13:03:19.836871", "source":"gamma", "id":"2029c3d0-c705-48c6-98a2-eb60be6b1d46", "code":200, "text":"call to epsilon"}
{"ts":"2021-03-12T13:04:49.551351", "source":"gamma", "id":"1d5d4efb-2fc2-4989-aac9-01b9101bf7dc", "code":200, "text":"call to epsilon"}
{"ts":"2021-03-12T13:05:09.313416", "source":"gamma", "id":"42c4b572-5714-44ae-b6e5-442b5b354d40", "code":200, "text":"call to epsilon"}
{"ts":"2021-03-12T13:06:23.993106", "source":"gamma", "id":"4d37f83d-892b-49c6-b37d-81e7068ca486", "code":200, "text":"call to epsilon"}
{"ts":"2021-03-12T13:09:21.454525", "source":"gamma", "id":"38053895-63d0-44ca-ac90-8a816d1e3c3c", "code":200, "text":"call to epsilon"}
{"ts":"2021-03-12T13:09:33.099275", "source":"gamma", "id":"fa8e754e-c1c9-4960-adb3-e6a2aa496865", "code":200, "text":"call to epsilon"}
{"ts":"2021-03-12T13:10:21.433700", "source":"gamma", "id":"bda44848-7774-4db7-8046-8c5d2b55422c", "code":200, "text":"call to epsilon"}
{"ts":"2021-03-12T13:10:56.911482", "source":"gamma", "id":"55ee6b13-41b6-4990-a12d-9433f65d32a6", "code":200, "text":"call to epsilon"}
{"ts":"2021-03-12T13:13:14.135511", "source":"gamma", "id":"79f0e10c-f937-4cef-8d8c-5c3ffb85e89a", "code":200, "text":"call to epsilon"}
{"ts":"2021-03-12T13:16:16.871678", "source":"gamma", "id":"545a5ef0-332a-4323-8fee-03be4d0640e5", "code":200, "text":"request terminated"}
{"ts":"2021-03-12T13:16:55.119272", "source":"gamma", "id":"1ac9288e-ab33-4499-8f16-98852a36508a", "code":500, "text":"call to delta"}
{"ts":"2021-03-12T13:17:18.303342", "source":"gamma", "id":"fad9056f-0a44-4899-ae4f-4877d4f3b8aa", "code":200, "text":"call to delta"}
{"ts":"2021-03-12T13:17:36.977236", "source":"gamma", "id":"99699316-6da1-48ec-bd1c-aa670dc4a10a", "code":200, "text":"call to delta"}
{"ts":"2021-03-12T13:18:29.805736", "source":"gamma", "id":"c6d0deb8-cb92-45df-8636-c57c6561c637", "code":200, "text":"call to delta"}
{"ts":"2021-03-12T13:18:32.048721", "source":"gamma", "id":"a5777b18-9568-4f5d-a145-7cc36a65d31c", "code":200, "text":"call to epsilon"}
{"ts":"2021-03-12T13:20:10.715573", "source":"gamma", "id":"920b1478-7782-45ec-8f3a-93288dab1469", "code":200, "text":"call to delta"}
{"ts":"2021-03-12T13:22:00.222162", "source":"gamma", "id":"bba0c243-248c-4913-93b6-f1a4b4d9f31e", "code":200, "text":"call to epsilon"}
{"ts":"2021-03-12T13:22:55.106040", "source":"gamma", "id":"92870215-5c2a-45d7-943c-e9cec764edc4", "code":500, "text":"call to delta"}
{"ts":"2021-03-12T13:22:55.154268", "source":"gamma", "id":"f396e13b-71d6-4cd0-809b-fd07fffe2cf9", "code":200, "text":"request terminated"}
{"ts":"2021-03-12T13:23:39.794016", "source":"gamma", "id":"09b3ad0f-e06c-45ee-b22b-2a1e92aa3c70", "code":200, "text":"request terminated"}
{"ts":"2021-03-12T13:23:53.424445", "source":"gamma", "id":"3d4ca1d5-98cf-46fa-bd59-64b149a5f285", "code":200, "text":"call to delta"}
{"ts":"2021-03-12T13:26:22.098381", "source":"gamma", "id":"0225cd19-d9a9-4529-875b-d6a315dfed53", "code":200, "text":"call to epsilon"}
{"ts":"2021-03-12T13:28:23.422312", "source":"gamma", "id":"18e644b9-d063-47d5-a474-8fa9a607bf2f", "code":200, "text":"call to delta"}
{"ts":"2021-03-12T13:28:32.906295", "source":"gamma", "id":"2bbf35dd-d9ff-48be-99ff-adc6a9c4911b", "code":200, "text":"call to delta"}
{"ts":"2021-03-12T13:31:11.730448", "source":"gamma", "id":"4732612a-f75f-400b-879c-879c015e358d", "code":200, "text":"call to delta"}
{"ts":"2021-03-12T13:35:41.911169", "source":"gamma", "id":"cab2d77b-e7b7-4a70-ae21-410c4e5f0903", "code":200, "text":"call to epsilon"}
{"ts":"2021-03-12T13:35:55.990293", "source":"gamma", "id":"4d63b7fc-7c76-4051-b5bc-505e9f646220", "code":200, "text":"call to delta"}
{"ts":"2021-03-12T13:36:03.538705", "source":"gamma", "id":"0fdbabc3-8b9e-4dd5-beae-c30dc802e7fa", "code":200, "text":"call to epsilon"}
{"ts":"2021-03-12T13:37:45.690057", "source":"gamma", "id":"3a2ece21-16bc-4504-91d5-11e418373db6", "code":200, "text":"request terminated"}
{"ts":"2021-03-12T13:37:52.472171", "source":"gamma", "id":"a690e88a-4c0f-4bc8-ae17-806366e3e4a4", "code":200, "text":"call to delta"}
{"ts":"2021-03-12T13:40:14.472777", "source":"gamma", "id":"b877e30d-3dbb-4455-b6d9-36405c4f7916", "code":200, "text":"call to delta"}
{"ts":"2021-03-12T13:40:37.136085", "source":"gamma", "id":"a31b61e1-2a7f-4ff3-8de9-b6de0de179a5", "code":200, "text":"call to delta"}
{"ts":"2021-03-12T13:44:32.990748", "source":"gamma", "id":"fcdcbe90-cbec-48f0-8a91-911908178666", "code":200, "text":"call to delta"}
{"ts":"2021-03-12T13:46:55.308837", "source":"gamma", "id":"e9d876f5-f73e-4c2f-920c-09e1b1d2b5de", "code":200, "text":"call to epsilon"}
{"ts":"2021-03-12T13:47:03.688809", "source":"gamma", "id":"00a29336-b564-4da2-9b1a-cfca3c7c0882", "code":200, "text":"call to epsilon"}
{"ts":"2021-03-12T13:47:24.157777", "source":"gamma", "id":"5cb5c40f-dffd-4564-b14c-827c4cefa74f", "code":200, "text":"call to epsilon"}
{"ts":"2021-03-12T13:47:38.915434", "source":"gamma", "id":"35a48ebe-7433-45a2-9029-9ae6801ccf17", "code":200, "text":"request terminated"}
{"ts":"2021-03-12T13:47:39.979680", "source":"gamma", "id":"af9beef2-b81f-4a32-a935-fe8d39be61e9", "code":200, "text":"call to delta"}
{"ts":"2021-03-12T13:49:26.841593", "source":"gamma", "id":"c2dbaa0b-66f7-47d2-9aae-ce6649f19a3b", "code":200, "text":"call to epsilon"}
{"ts":"2021-03-12T13:51:14.184798", "source":"gamma", "id":"e10cbfc0-166b-4304-a865-fe603bf8d2f9", "code":200, "text":"request terminated"}
{"ts":"2021-03-12T13:52:14.210218", "source":"gamma", "id":"71b1d703-8d06-4b07-85f7-1c9196ad0f0f", "code":200, "text":"call to epsilon"}
{"ts":"2021-03-12T13:52:15.183041", "source":"gamma", "id":"b251a076-27ac-41c0-8a04-ec6ba412497a", "code":200, "text":"call to epsilon"}
{"ts":"2021-03-12T13:52:37.170380", "source":"gamma", "id":"564251f6-37ce-4baa-ab79-04eac70a8c94", "code":200, "text":"call to epsilon"}
{"ts":"2021-03-12T13:52:58.560510", "source":"gamma", "id":"67652bde-59c2-4b86-b679-b962ef5c3d62", "code":200, "text":"call to delta"}
{"ts":"2021-03-12T13:54:03.961173", "source":"gamma", "id":"9736c4aa-2669-4f69-aea4-52b71dea639f", "code":200, "text":"request terminated"}
{"ts":"2021-03-12T13:54:44.622243", "source":"gamma", "id":"b406c59d-6297-4ee4-935e-d8633ea35cc6", "code":200, "text":"call to epsilon"}
{"ts":"2021-03-12T13:55:27.619571", "source":"gamma", "id":"ec068c7d-b4c7-41b5-9270-2b9b6de6b6a7", "code":200, "text":"call to epsilon"}
{"ts":"2021-03-12T13:55:38.194079", "source":"gamma", "id":"ce137a9d-ff45-4b92-9fc7-3527475f578a", "code":200, "text":"call to epsilon"}
{"ts":"2021-03-12T13:56:40.131969", "source":"gamma", "id":"71c2f2c7-6d0c-42a5-af06-fb9b01bb1cdf", "code":200, "text":"request terminated"}
{"ts":"2021-03-12T13:57:08.806344", "source":"gamma", "id":"2825d762-3492-4df8-9202-d4aff162b20f", "code":200, "text":"call to delta"}
{"ts":"2021-03-12T13:58:39.033015", "source":"gamma", "id":"117f0884-f201-4204-a6bd-6e340290c63c", "code":200, "text":"call to epsilon"}
{"ts":"2021-03-12T14:00:09.065885", "source":"gamma", "id":"9a5415c7-c35c-432f-a2a1-f0b86466c3a3", "code":500, "text":"call to delta"}
{"ts":"2021-03-12T14:00:30.049970", "source":"gamma", "id":"804cbb4e-0cbe-492b-af7e-e60c8034bf6c", "code":200, "text":"request terminated"}
{"ts":"2021-03-12T14:01:43.393307", "source":"gamma", "id":"7bf1a8ae-3f4d-41d8-bf0f-90561873412c", "code":200, "text":"call to delta"}
{"ts":"2021-03-12T14:02:35.710733", "source":"gamma", "id":"ffdcec5d-57ec-4121-927d-42dd4bc87044", "code":200, "text":"request terminated"}
{"ts":"2021-03-12T14:02:36.670533", "source":"gamma", "id":"63897f4a-ea3e-4924-83c9-419d31b071de", "code":200, "text":"call to delta"}
{"ts":"2021-03-12T14:02:39.605679", "source":"gamma", "id":"1fac7fc8-5ce0-417c-b2d5-38c2c361b140", "code":200, "text":"call to delta"}
{"ts":"2021-03-12T14:03:08.274069", "source":"gamma", "id":"cf6ee52f-2eb2-41ec-b715-e21a7b2ee102", "code":200, "text":"request terminated"}
{"ts":"2021-03-12T14:03:25.202416", "source":"gamma", "id":"1a562414-2a65-486a-8cba-9ab03fefa749", "code":200, "text":"call to delta"}
{"ts":"2021-03-12T14:04:13.114106", "source":"gamma", "id":"a128d483-6d35-487d-890c-f4841e596cbf", "code":200, "text":"call to delta"}
{"ts":"2021-03-12T14:04:26.442373", "source":"gamma", "id":"4aaa6d7e-2b9c-446b-8534-5f03e745b065", "code":200, "text":"call to delta"}
{"ts":"2021-03-12T14:05:27.502647", "source":"gamma", "id":"f7005cb5-aca5-42aa-9a79-ae4b91083270", "code":200, "text":"call to delta"}
{"ts":"2021-03-12T14:05:28.341547", "source":"gamma", "id":"61038c49-1f20-43f2-bbc8-8e71a6483e35", "code":500, "text":"call to delta"}
{"ts":"2021-03-12T14:05:35.457052", "source":"gamma", "id":"b658b273-00d9-4502-b7bf-a0b031fc1fda", "code":200, "text":"call to epsilon"}
{"ts":"2021-03-12T14:06:31.483264", "source":"gamma", "id":"230fc6c3-c58e-4225-bb16-ba58f049148d", "code":500, "text":"call to delta"}
{"ts":"2021-03-12T14:09:17.287585", "source":"gamma", "id":"7340d9f7-70e3-4965-8397-cc4ebfede8d3", "code":200, "text":"call to epsilon"}
{"ts":"2021-03-12T14:11:26.825640", "source":"gamma", "id":"886dd883-9e85-46ee-a7d4-14503e50563c", "code":500, "text":"call to delta"}
{"ts":"2021-03-12T14:12:59.484151", "source":"gamma", "id":"2a486232-ae58-4a99-aa4a-90d9af232849", "code":200, "text":"call to epsilon"}
{"ts":"2021-03-12T14:13:15.339327", "source":"gamma", "id":"d19b6e5f-83ec-4ad5-98c5-e3dac8e73020", "code":200, "text":"call to delta"}
{"ts":"2021-03-12T14:14:44.790252", "source":"gamma", "id":"aaae8d3d-6eea-42ca-8fe0-0658abb33929", "code":200, "text":"call to delta"}
{"ts":"2021-03-12T14:16:13.514095", "source":"gamma", "id":"9dddee4e-2820-4e13-bd6e-ceb043f80a62", "code":500, "text":"call to delta"}
{"ts":"2021-03-12T14:17:08.739395", "source":"gamma", "id":"a5048cba-8ee6-419b-9615-e349aa329c41", "code":200, "text":"call to delta"}
{"ts":"2021-03-12T14:22:24.611531", "source":"gamma", "id":"1736b8b2-a4b2-4665-b16c-05bd8db64793", "code":200, "text":"call to delta"}
{"ts":"2021-03-12T14:24:13.243615", "source":"gamma", "id":"860df237-9d24-4c2c-a4e4-a21570b0fa13", "code":200, "text":"request terminated"}
{"ts":"2021-03-12T14:24:33.174669", "source":"gamma", "id":"b9629417-9ba2-4802-8297-7a3ec728cec7", "code":200, "text":"call to epsilon"}
{"ts":"2021-03-12T14:24:33.912107", "source":"gamma", "id":"cd9a8de8-30fd-46f7-a628-c896514af43e", "code":200, "text":"call to delta"}
{"ts":"2021-03-12T14:24:58.790281", "source":"gamma", "id":"1e4a62d8-f897-459a-b440-318b6c421925", "code":200, "text":"call to epsilon"}
{"ts":"2021-03-12T14:25:16.243584", "source":"gamma", "id":"a0f82e32-ba68-481f-858b-5ca0d67856fd", "code":200, "text":"call to delta"}
{"ts":"2021-03-12T14:26:47.707144", "source":"gamma", "id":"64697024-5480-42b9-8d6a-697040515856", "code":200, "text":"request terminated"}
{"ts":"2021-03-12T14:26:49.199767", "source":"gamma", "id":"1e49670b-4f5c-489d-897f-84e87581363c", "code":200, "text":"call to delta"}
{"ts":"2021-03-12T14:27:44.409656", "source":"gamma", "id":"ec5986f2-07f2-401c-874e-15b19cc4b770", "code":200, "text":"call to delta"}
{"ts":"2021-03-12T14:28:54.986570", "source":"gamma", "id":"601b0c2c-74c7-4f18-aaa8-47a011b6e64c", "code":200, "text":"call to delta"}
{"ts":"2021-03-12T14:28:59.765720", "source":"gamma", "id":"e678e29e-147a-4e75-aaef-f08e0661b95a", "code":200, "text":"call to epsilon"}
{"ts":"2021-03-12T14:29:51.265391", "source":"gamma", "id":"6ca4738c-4105-4960-a6c3-2151308c9504", "code":200, "text":"call to delta"}
{"ts":"2021-03-12T14:30:54.324474", "source":"gamma", "id":"2af56ee1-5eb3-43e7-bf08-da4be98a00c3", "code":200, "text":"request terminated"}
{"ts":"2021-03-12T14:31:18.610890", "source":"gamma", "id":"1a2d24b4-0ef7-4c00-a344-51446a4be22c", "code":200, "text":"call to delta"}
{"ts":"2021-03-12T14:33:51.922612", "source":"gamma", "id":"929c6845-720d-4cd6-88b4-ee07ab967024", "code":200, "text":"call to delta"}
{"ts":"2021-03-12T14:35:43.820003", "source":"gamma", "id":"b1ec1565-4bc5-4908-8718-c9745a965f0e", "code":200, "text":"call to epsilon"}
{"ts":"2021-03-12T14:36:16.975708", "source":"gamma", "id":"7c9c356d-e6fa-43eb-a65a-31ba7d2aab46", "code":200, "text":"call to epsilon"}
{"ts":"2021-03-12T14:36:54.611226", "source":"gamma", "id":"82ee0539-83fb-43f1-bf2e-9f64716b8730", "code":200, "text":"call to epsilon"}
{"ts":"2021-03-12T14:40:24.689590", "source":"gamma", "id":"51524ecd-b4e0-4c5e-9ae4-1149ff3b61b8", "code":200, "text":"call to epsilon"}
{"ts":"2021-03-12T14:42:16.761104", "source":"gamma", "id":"fdd46209-4ba8-4fe3-8310-09ab71ebfdba", "code":200, "text":"call to delta"}
{"ts":"2021-03-12T14:42:18.942124", "source":"gamma", "id":"255e2635-0a4f-44e3-9272-7a8335ac969d", "code":200, "text":"call to delta"}
{"ts":"2021-03-12T14:43:28.189786", "source":"gamma", "id":"c3dc8fe1-b94f-41ac-8b87-ede61e5c7905", "code":200, "text":"call to delta"}
{"ts":"2021-03-12T14:44:00.797033", "source":"gamma", "id":"6a57d485-d725-46cf-84eb-83755dd74c92", "code":200, "text":"request terminated"}
{"ts":"2021-03-12T14:44:07.893201", "source":"gamma", "id":"e6ec59f3-6fb5-466c-b70a-31c8c15269f8", "code":200, "text":"call to epsilon"}
{"ts":"2021-03-12T14:44:44.985973", "source":"gamma", "id":"3ba4ba8a-a32b-4d77-8a20-83cfa06f095c", "code":200, "text":"call to delta"}
{"ts":"2021-03-12T14:46:09.865277", "source":"gamma", "id":"0bf7490d-ad7f-4b5f-845c-7a95b591a371", "code":200, "text":"request terminated"}
{"ts":"2021-03-12T14:46:43.677259", "source":"gamma", "id":"661002ee-9b56-49e6-b7be-4b3d5c204569", "code":200, "text":"call to delta"}
{"ts":"2021-03-12T14:48:46.111750", "source":"gamma", "id":"29987a2d-6c88-4720-a915-3b9e7c44ccfb", "code":200, "text":"request terminated"}
{"ts":"2021-03-12T14:50:42.222287", "source":"gamma", "id":"e0712577-0f16-4041-afae-383ccd76f32c", "code":500, "text":"call to delta"}
{"ts":"2021-03-12T14:51:28.311088", "source":"gamma", "id":"44f7a733-4cb3-450d-963c-2efc49d13bad", "code":200, "text":"request terminated"}
{"ts":"2021-03-12T14:51:56.487822", "source":"gamma", "id":"ce8df81d-aa13-4e8a-baf7-fa804e17fdd9", "code":200, "text":"call to epsilon"}
{"ts":"2021-03-12T14:52:00.100659", "source":"gamma", "id":"7fe0e3ad-87c1-4340-8e6e-ef8376d4074c", "code":200, "text":"call to delta"}
{"ts":"2021-03-12T14:53:40.052501", "source":"gamma", "id":"07e99b95-0277-40b6-a6e6-d9eec6fe37dd", "code":200, "text":"request terminated"}
{"ts":"2021-03-12T14:53:42.533561", "source":"gamma", "id":"9fc6cc39-e3ab-4a10-a49f-6cefda20a964", "code":200, "text":"call to delta"}
{"ts":"2021-03-12T14:56:00.680540", "source":"gamma", "id":"7f0cce91-f0f2-4e23-8b49-493dd4628079", "code":200, "text":"request terminated"}
{"ts":"2021-03-12T14:56:31.445855", "source":"gamma", "id":"795d0382-5e79-4e7c-a69c-62f30e716c37", "code":200, "text":"request terminated"}
{"ts":"2021-03-12T14:56:56.199596", "source":"gamma", "id":"83769de4-64eb-476a-ab46-48b19ed96e89", "code":200, "text":"request terminated"}
{"ts":"2021-03-12T14:57:11.565634", "source":"gamma", "id":"709ab35f-bffb-4537-b749-2988459e9618", "code":200, "text":"call to epsilon"}
{"ts":"2021-03-12T14:59:25.277329", "source":"gamma", "id":"a0ca44f8-5ea7-41d5-81f8-82e3889efe3b", "code":500, "text":"call to delta"}
{"ts":"2021-03-12T15:00:35.122291", "source":"gamma", "id":"912e9c3e-4f7d-4818-9084-bed1ff13be60", "code":200, "text":"call to delta"}
{"ts":"2021-03-12T15:03:03.797099", "source":"gamma", "id":"2effb6f7-0784-4a24-a5c4-83b6de59e65b", "code":200, "text":"call to delta"}
{"ts":"2021-03-12T15:03:53.658549", "source":"gamma", "id":"76894f36-d34d-4489-b1e8-a8b8172f435f", "code":200, "text":"call to delta"}
{"ts":"2021-03-12T15:05:33.286934", "source":"gamma", "id":"a285247d-9c32-47d8-9aa9-65f9e7268f1a", "code":500, "text":"call to delta"}
{"ts":"2021-03-12T15:06:36.909150", "source":"gamma", "id":"42b5a2f7-9d77-4468-b45c-3f7eb77c99a5", "code":200, "text":"call to delta"}
{"ts":"2021-03-12T15:06:53.460023", "source":"gamma", "id":"58d34221-bbc4-4e07-bcc5-cf84f92ddc9b", "code":200, "text":"call to delta"}
{"ts":"2021-03-12T15:12:05.281793", "source":"gamma", "id":"a915bdca-ccbd-4093-a3bc-efc35a07cdd5", "code":200, "text":"call to delta"}
{"ts":"2021-03-12T15:13:39.524689", "source":"gamma", "id":"ce659e6a-fba5-4265-bbee-0ab8e7e6ef86", "code":200, "text":"request terminated"}
{"ts":"2021-03-12T15:13:59.668271", "source":"gamma", "id":"46887477-ec1c-4e03-bbdf-91c6eeb2979c", "code":200, "text":"call to delta"}
{"ts":"2021-03-12T15:17:45.009457", "source":"gamma", "id":"15176e29-f79e-4a29-867a-6ca0de6706b8", "code":200, "text":"call to epsilon"}
{"ts":"2021-03-12T15:17:58.621115", "source":"gamma", "id":"d48587a9-d42b-4b21-9987-b43f812c16cb", "code":200, "text":"call to epsilon"}
{"ts":"2021-03-12T15:18:23.771926", "source":"gamma", "id":"36201f67-ad43-4a63-b8f1-3c6819db56e8", "code":200, "text":"call to delta"}
{"ts":"2021-03-12T15:19:17.432833", "source":"gamma", "id":"5d967a58-33c8-4f3c-a585-b7ca95db3341", "code":200, "text":"call to delta"}
{"ts":"2021-03-12T15:19:26.591765", "source":"gamma", "id":"708b5d98-f9e4-49b1-aad7-e0fa604de131", "code":200, "text":"request terminated"}
{"ts":"2021-03-12T15:22:59.725687", "source":"gamma", "id":"40ca126f-e076-4b5f-a465-e66cf958aa37", "code":200, "text":"call to epsilon"}
{"ts":"2021-03-12T15:23:15.074038", "source":"gamma", "id":"3563f8bf-9d09-49d7-9f78-0aa905e29c3d", "code":200, "text":"call to delta"}
{"ts":"2021-03-12T15:24:39.064703", "source":"gamma", "id":"b41ce08a-9ea3-43f5-a6f7-e85f54cbbc56", "code":500, "text":"call to delta"}
{"ts":"2021-03-12T15:25:31.048194", "source":"gamma", "id":"0f9c74da-ce26-4e93-8e51-9508e83b34db", "code":200, "text":"request terminated"}
{"ts":"2021-03-12T15:25:45.865520", "source":"gamma", "id":"bdce7ade-bd7e-4167-ab51-0ea819f52e22", "code":500, "text":"call to delta"}
{"ts":"2021-03-12T15:27:48.439794", "source":"gamma", "id":"9a2540ee-9499-4a84-9737-83afccd8d7ef", "code":200, "text":"call to delta"}
{"ts":"2021-03-12T15:28:33.424175", "source":"gamma", "id":"7f495a02-d160-4062-831b-fc079a0ca63f", "code":200, "text":"call to delta"}
{"ts":"2021-03-12T15:30:24.395160", "source":"gamma", "id":"3845fe08-a7f3-4982-823f-81e1b8d88103", "code":200, "text":"call to delta"}
{"ts":"2021-03-12T15:33:08.324842", "source":"gamma", "id":"aa95947c-efd1-4fe6-b815-db932dbe737b", "code":200, "text":"call to epsilon"}
{"ts":"2021-03-12T15:34:08.427558", "source":"gamma", "id":"8f603ddf-ef80-4087-a964-72ef7a8eef27", "code":200, "text":"call to delta"}
{"ts":"2021-03-12T15:35:14.040619", "source":"gamma", "id":"e00aa7bc-010c-46c8-a6e2-a29f28184a6b", "code":200, "text":"call to epsilon"}
{"ts":"2021-03-12T15:35:39.340747", "source":"gamma", "id":"6c1c41e3-c197-45a4-b1ee-f8504f9d27ad", "code":200, "text":"request terminated"}
{"ts":"2021-03-12T15:37:29.782189", "source":"gamma", "id":"cec8cc9e-8999-4e82-84b2-157d68d96c53", "code":200, "text":"call to delta"}
{"ts":"2021-03-12T15:37:47.140796", "source":"gamma", "id":"5a7cdf8a-d9cc-4081-af96-a7a84a70a18b", "code":200, "text":"call to delta"}
{"ts":"2021-03-12T15:38:40.480156", "source":"gamma", "id":"0d23fc7c-25e0-42d5-9a98-b371d8751e10", "code":200, "text":"call to delta"}
{"ts":"2021-03-12T15:39:17.108172", "source":"gamma", "id":"9c5a35cc-2f7f-420f-aff1-a3959e8a39ad", "code":200, "text":"request terminated"}
{"ts":"2021-03-12T15:39:35.236149", "source":"gamma", "id":"6091529a-738e-4926-b94c-882569a2e365", "code":200, "text":"call to epsilon"}
{"ts":"2021-03-12T15:41:23.691314", "source":"gamma", "id":"43c26439-6319-446c-a3ae-ef8d37eda122", "code":200, "text":"call to epsilon"}
{"ts":"2021-03-12T15:42:15.043140", "source":"gamma", "id":"7d7b866d-6d9c-4fc4-aafc-0f950d6913fb", "code":200, "text":"call to epsilon"}
{"ts":"2021-03-12T15:42:33.893718", "source":"gamma", "id":"2c1a3586-44a4-4e25-915d-2eecb289a6ab", "code":200, "text":"request terminated"}
{"ts":"2021-03-12T15:42:54.184895", "source":"gamma", "id":"d582f62d-7047-456b-b514-91eec93b6e54", "code":200, "text":"request terminated"}
{"ts":"2021-03-12T15:43:27.258560", "source":"gamma", "id":"d239915e-446a-4915-a71b-68aecb60faf3", "code":200, "text":"call to delta"}
{"ts":"2021-03-12T15:44:30.449704", "source":"gamma", "id":"6f9e1617-d419-499d-bb62-5a68dcab7b39", "code":200, "text":"call to epsilon"}
{"ts":"2021-03-12T15:44:50.230331", "source":"gamma", "id":"cc8b62db-143b-4edb-8bb8-58fe3859f865", "code":200, "text":"request terminated"}
{"ts":"2021-03-12T15:45:54.201251", "source":"gamma", "id":"38182bb9-5aaa-451d-b0d7-223cb80e5685", "code":200, "text":"call to epsilon"}
{"ts":"2021-03-12T15:47:36.737341", "source":"gamma", "id":"ab37f438-3084-45d6-b1f2-88bf5ec9fe7f", "code":200, "text":"call to delta"}
{"ts":"2021-03-12T15:47:45.762695", "source":"gamma", "id":"01c2dd0d-e022-4644-afd1-14c84a60df00", "code":200, "text":"request terminated"}
{"ts":"2021-03-12T15:48:38.326625", "source":"gamma", "id":"a4bc172e-a7d1-4576-8814-ad084f9701a5", "code":200, "text":"call to delta"}
{"ts":"2021-03-12T15:49:13.003815", "source":"gamma", "id":"71df04a4-e792-4a3f-afb8-bc64416ee09c", "code":200, "text":"request terminated"}
{"ts":"2021-03-12T15:50:48.442102", "source":"gamma", "id":"3058bdc4-ae37-4dd8-8f27-760100a063ee", "code":200, "text":"call to delta"}
{"ts":"2021-03-12T15:50:57.433941", "source":"gamma", "id":"19fca87b-4e7a-4110-b5ff-3fbf79bfa56c", "code":200, "text":"call to delta"}
{"ts":"2021-03-12T15:52:20.892110", "source":"gamma", "id":"9d89e720-23f3-4d7f-810d-a51cac3e3272", "code":200, "text":"call to delta"}
{"ts":"2021-03-12T15:52:54.544658", "source":"gamma", "id":"4b20d134-8717-4f66-b03b-755dfce7025b", "code":200, "text":"call to delta"}
{"ts":"2021-03-12T15:53:10.683032", "source":"gamma", "id":"32d546e4-5274-4de9-a716-f8552d0029b0", "code":200, "text":"call to delta"}
{"ts":"2021-03-12T15:54:54.425644", "source":"gamma", "id":"e8ee4efd-40db-4f0d-8e95-36cc7a5d2161", "code":200, "text":"request terminated"}
{"ts":"2021-03-12T15:55:12.466230", "source":"gamma", "id":"444563fd-22a7-40ee-a343-6760dfa68a7c", "code":200, "text":"call to delta"}
{"ts":"2021-03-12T15:57:32.130539", "source":"gamma", "id":"dafaecac-810a-41dc-8dd4-83766a8e88d7", "code":200, "text":"call to delta"}
{"ts":"2021-03-12T16:02:22.707124", "source":"gamma", "id":"3748579f-3845-4bfa-ac56-65a8c320f65c", "code":200, "text":"call to epsilon"}
{"ts":"2021-03-12T16:03:49.876122", "source":"gamma", "id":"6dd33f5d-5497-4c52-9162-7981e677729e", "code":200, "text":"call to epsilon"}
{"ts":"2021-03-12T16:04:50.133616", "source":"gamma", "id":"948d25a1-ce35-48c1-bd3d-e47e83792ef1", "code":200, "text":"call to delta"}
{"ts":"2021-03-12T16:04:59.751800", "source":"gamma", "id":"8b9c23b0-a479-4982-9b90-50f64a0fb98b", "code":200, "text":"call to delta"}
{"ts":"2021-03-12T16:05:13.097930", "source":"gamma", "id":"eff6d055-86fd-477c-b4ab-5bb0447f6398", "code":200, "text":"call to delta"}
{"ts":"2021-03-12T16:05:54.852835", "source":"gamma", "id":"b068ff32-2411-474d-ba41-a074c24c1053", "code":200, "text":"call to epsilon"}
{"ts":"2021-03-12T16:07:24.109653", "source":"gamma", "id":"4ba34af8-249b-47b2-820d-540453870507", "code":200, "text":"call to delta"}
{"ts":"2021-03-12T16:07:56.252393", "source":"gamma", "id":"dc2ea8e1-18c4-4a8f-b57c-04c975b9cbd3", "code":200, "text":"call to delta"}
{"ts":"2021-03-12T16:07:58.899833", "source":"gamma", "id":"e1c32405-8360-47d2-9f9d-6db919054262", "code":500, "text":"call to delta"}
{"ts":"2021-03-12T16:10:47.537383", "source":"gamma", "id":"4baf7bcf-e424-48b3-8173-283830505e04", "code":200, "text":"call to delta"}
{"ts":"2021-03-12T16:10:56.218235", "source":"gamma", "id":"3966a287-a1fb-4703-857c-ff7caba9a13d", "code":500, "text":"call to delta"}
{"ts":"2021-03-12T16:13:02.196229", "source":"gamma", "id":"03414c8a-9783-40a5-86b2-d62ae0a5d91b", "code":200, "text":"call to epsilon"}
{"ts":"2021-03-12T16:14:48.595614", "source":"gamma", "id":"a84440a6-ff88-4c0f-967b-5c22d6b72d88", "code":200, "text":"call to delta"}
{"ts":"2021-03-12T16:15:28.475288", "source":"gamma", "id":"b1a813d8-787b-47ab-8321-aaf482dab364", "code":200, "text":"call to epsilon"}
{"ts":"2021-03-12T16:17:19.581659", "source":"gamma", "id":"975b1999-2c3b-490b-9c3b-f859667f78d5", "code":200, "text":"call to delta"}
{"ts":"2021-03-12T16:18:08.239801", "source":"gamma", "id":"5d99969c-9fed-4b3b-8804-41c622325fa6", "code":500, "text":"call to delta"}
{"ts":"2021-03-12T16:18:15.108209", "source":"gamma", "id":"056c896b-5c20-4d7d-b7e6-76655e614a2d", "code":200, "text":"request terminated"}
{"ts":"2021-03-12T16:19:58.900538", "source":"gamma", "id":"d2d04739-fa8c-4928-8a64-cc1051e82f49", "code":200, "text":"call to epsilon"}
{"ts":"2021-03-12T16:20:19.559450", "source":"gamma", "id":"c161c768-ff4f-499f-82b2-448d82b89673", "code":200, "text":"call to delta"}
{"ts":"2021-03-12T16:27:01.005341", "source":"gamma", "id":"adb0155c-08cf-45e7-91e9-d5b76cda6df4", "code":500, "text":"call to delta"}
{"ts":"2021-03-12T16:30:36.466265", "source":"gamma", "id":"ced72eb2-3708-4112-9b50-6eba35b9e12a", "code":500, "text":"call to delta"}
{"ts":"2021-03-12T16:30:47.610053", "source":"gamma", "id":"af9c3464-1f98-492c-9bbd-ab64d8c6cab6", "code":200, "text":"call to delta"}
{"ts":"2021-03-12T16:32:24.836509", "source":"gamma", "id":"c9e6fc04-9368-4f3b-a5b7-6f5cda021365", "code":200, "text":"request terminated"}
{"ts":"2021-03-12T16:33:01.412607", "source":"gamma", "id":"b47021ed-d99b-4834-a41e-b92afcbc5e81", "code":200, "text":"call to epsilon"}
{"ts":"2021-03-12T16:34:39.001842", "source":"gamma", "id":"c795c792-698d-43f9-baaf-f0b806252ac3", "code":200, "text":"request terminated"}
{"ts":"2021-03-12T16:34:39.601880", "source":"gamma", "id":"1e23232a-1b3a-482d-8396-6dadbc183d98", "code":200, "text":"call to delta"}
{"ts":"2021-03-12T16:34:46.623389", "source":"gamma", "id":"3beefce2-b8dc-43d4-99ed-a1a445351bdc", "code":200, "text":"call to epsilon"}
{"ts":"2021-03-12T16:35:38.320959", "source":"gamma", "id":"4c75fd22-8e65-456d-b85a-0639f7dca437", "code":200, "text":"call to delta"}
{"ts":"2021-03-12T16:35:51.790396", "source":"gamma", "id":"912a315e-79f7-4e5d-b41d-d8400d045a6a", "code":200, "text":"call to delta"}
{"ts":"2021-03-12T16:36:17.842710", "source":"gamma", "id":"b2cc0d98-8b7f-47f8-bdc6-4e5174d86f40", "code":200, "text":"call to epsilon"}
{"ts":"2021-03-12T16:36:25.194872", "source":"gamma", "id":"ba11cb26-d9b9-447f-a4a5-4f41325d223a", "code":200, "text":"call to delta"}
{"ts":"2021-03-12T16:37:51.616007", "source":"gamma", "id":"b20308ee-4d8a-44a0-9ece-eadd3214f458", "code":200, "text":"call to delta"}
{"ts":"2021-03-12T16:40:12.488023", "source":"gamma", "id":"a1e8a175-b64d-418a-8ed2-0973e934d82b", "code":200, "text":"call to delta"}
{"ts":"2021-03-12T16:40:38.747509", "source":"gamma", "id":"cb9d9b3a-da15-4583-bc57-c8c6617afc3c", "code":200, "text":"call to epsilon"}
{"ts":"2021-03-12T16:41:17.700648", "source":"gamma", "id":"7fe072a1-a7cf-484e-b182-477b2b94f26a", "code":500, "text":"call to delta"}
{"ts":"2021-03-12T16:43:17.876108", "source":"gamma", "id":"84078810-32dd-4f76-9af7-d7e86ca6f77f", "code":200, "text":"request terminated"}
{"ts":"2021-03-12T16:49:14.962907", "source":"gamma", "id":"ee620cd1-5adc-4162-9801-d5d5af133230", "code":200, "text":"call to delta"}
{"ts":"2021-03-12T16:49:17.306692", "source":"gamma", "id":"490bd716-594b-45e9-9cc2-2bf745aa3482", "code":200, "text":"request terminated"}
{"ts":"2021-03-12T16:49:47.543935", "source":"gamma", "id":"c6013af2-809f-43ea-966d-3436b2b4d628", "code":200, "text":"request terminated"}
{"ts":"2021-03-12T16:56:46.945058", "source":"gamma", "id":"2e7daa9e-e14b-428a-a7f4-a563e00f0347", "code":200, "text":"request terminated"}
{"ts":"2021-03-12T16:58:13.905463", "source":"gamma", "id":"c48130e7-bef4-45ab-b7ea-95570d5263e5", "code":200, "text":"call to epsilon"}
{"ts":"2021-03-12T16:58:49.754503", "source":"gamma", "id":"db15257e-e9aa-43c8-b5d4-062aeefd42ad", "code":500, "text":"call to delta"}
{"ts":"2021-03-12T16:59:12.971590", "source":"gamma", "id":"65494390-3808-407e-86b9-0d6885c88697", "code":200, "text":"request terminated"}
{"ts":"2021-03-12T17:00:52.235748", "source":"gamma", "id":"55dfdddf-aeaa-4bbd-aac2-e5b96efde1ce", "code":200, "text":"call to delta"}
{"ts":"2021-03-12T17:00:54.502476", "source":"gamma", "id":"17826fdf-8f69-4fb8-8108-b495499107e2", "code":200, "text":"call to epsilon"}
{"ts":"2021-03-12T17:01:33.426306", "source":"gamma", "id":"7701ac3d-0e8f-4b93-94c0-ce52a0e0dd52", "code":200, "text":"call to delta"}
{"ts":"2021-03-12T17:01:46.065888", "source":"gamma", "id":"43a7aa99-92f4-4cfb-9252-a53b2b649ed0", "code":500, "text":"call to delta"}
{"ts":"2021-03-12T17:03:30.270753", "source":"gamma", "id":"5cc8edf5-bbc4-4fe7-9b8a-0712f3711491", "code":200, "text":"call to epsilon"}
{"ts":"2021-03-12T17:08:18.958084", "source":"gamma", "id":"4d5e674a-02ce-491a-b1b3-4b492637083e", "code":200, "text":"call to delta"}
{"ts":"2021-03-12T17:08:46.378914", "source":"gamma", "id":"8e5ae5d6-5e4b-44f9-ae4d-6f5465487b59", "code":200, "text":"call to delta"}
{"ts":"2021-03-12T17:09:00.964560", "source":"gamma", "id":"aaf56909-1170-4c66-8bd5-0236fd5cf36c", "code":200, "text":"call to epsilon"}
{"ts":"2021-03-12T17:09:43.913038", "source":"gamma", "id":"0fde70bf-b3c5-44f8-b984-b02be3b963f3", "code":200, "text":"call to delta"}
{"ts":"2021-03-12T17:10:14.236355", "source":"gamma", "id":"d745bc82-b107-4cb6-bd40-03f68ac9316e", "code":200, "text":"call to epsilon"}
{"ts":"2021-03-12T17:12:06.167493", "source":"gamma", "id":"fcce20d4-d011-437b-ab84-6d0f76525174", "code":200, "text":"call to delta"}
{"ts":"2021-03-12T17:12:52.745697", "source":"gamma", "id":"92002cd4-5eed-4f35-ae08-f94b698f3689", "code":200, "text":"call to delta"}
{"ts":"2021-03-12T17:15:33.015614", "source":"gamma", "id":"b68bc7d3-60c8-4dfe-aa53-51a61a7eeafb", "code":200, "text":"call to delta"}
{"ts":"2021-03-12T17:18:41.531242", "source":"gamma", "id":"3dc96bde-abcd-499e-89b1-f5df429a9a75", "code":200, "text":"call to delta"}
{"ts":"2021-03-12T17:21:41.884600", "source":"gamma", "id":"e595a6f2-e044-4ac5-92f4-b327a7300616", "code":200, "text":"call to delta"}
{"ts":"2021-03-12T17:23:16.273729", "source":"gamma", "id":"33f8b2a5-d6e2-4066-82d1-d8c2b493914a", "code":200, "text":"call to delta"}
{"ts":"2021-03-12T17:27:11.158418", "source":"gamma", "id":"886e0759-f7be-4409-b6e3-93b67331786a", "code":200, "text":"call to epsilon"}
{"ts":"2021-03-12T17:27:34.299662", "source":"gamma", "id":"33e9f8ec-6fe1-4e7d-8140-1c2294ec74a8", "code":200, "text":"request terminated"}
{"ts":"2021-03-12T17:31:27.609975", "source":"gamma", "id":"75c3818d-1914-42e7-872b-213a9f42d0ea", "code":200, "text":"call to delta"}
{"ts":"2021-03-12T17:34:41.390417", "source":"gamma", "id":"b142cf9d-fd03-4c6a-a1a1-6de5f2fe5d1e", "code":200, "text":"call to epsilon"}
{"ts":"2021-03-12T17:38:10.106605", "source":"gamma", "id":"99f42f63-b063-43b2-8cda-26620abfd5c7", "code":200, "text":"call to epsilon"}
{"ts":"2021-03-12T17:38:46.504746", "source":"gamma", "id":"df61e1a7-9eab-4b12-a794-f9b556d85700", "code":200, "text":"call to epsilon"}
{"ts":"2021-03-12T17:39:36.368100", "source":"gamma", "id":"bc39499d-add2-4612-b1fd-988cee2f96c8", "code":200, "text":"call to delta"}
{"ts":"2021-03-12T17:41:23.340104", "source":"gamma", "id":"a57f741d-e2b0-4d9c-b466-da394c44f45b", "code":200, "text":"call to epsilon"}
{"ts":"2021-03-12T17:41:35.016859", "source":"gamma", "id":"cb1d6a90-411a-4f96-9eb2-692ef614b9de", "code":200, "text":"call to epsilon"}
{"ts":"2021-03-12T17:43:03.403404", "source":"gamma", "id":"23b6ddce-58e3-45a3-b17a-fe8912380031", "code":500, "text":"call to delta"}
{"ts":"2021-03-12T17:46:03.177424", "source":"gamma", "id":"e365e668-6de9-4d90-b48a-c1dd2232b62b", "code":200, "text":"request terminated"}
{"ts":"2021-03-12T17:46:03.385302", "source":"gamma", "id":"6e7a5d53-38ad-499d-9896-1737bf31fa69", "code":200, "text":"call to epsilon"}
{"ts":"2021-03-12T17:48:07.251583", "source":"gamma", "id":"6026465d-276a-4d73-9232-253aa8bc0ad5", "code":200, "text":"call to epsilon"}
{"ts":"2021-03-12T17:49:52.569274", "source":"gamma", "id":"be7b898a-12d0-4272-a6b2-ab3a2cf6e656", "code":200, "text":"call to delta"}
{"ts":"2021-03-12T17:52:58.166838", "source":"gamma", "id":"a0c32fc7-8356-4173-8ef7-2305c3585804", "code":200, "text":"call to epsilon"}
{"ts":"2021-03-12T17:55:56.135741", "source":"gamma", "id":"2c978887-3e51-4edc-b513-9228e8a880b4", "code":500, "text":"call to delta"}
{"ts":"2021-03-12T18:06:13.024702", "source":"gamma", "id":"1e63c79c-4feb-48ef-b673-d20e7bef11d7", "code":500, "text":"call to delta"}
{"ts":"2021-03-12T18:11:49.692007", "source":"gamma", "id":"5f27b41f-95f6-4e6f-8d5c-a1455f8e2a2f", "code":200, "text":"request terminated"}
{"ts":"2021-03-12T18:14:51.788517", "source":"gamma", "id":"07738835-651f-42f0-b301-879a109908bc", "code":200, "text":"call to epsilon"}
{"ts":"2021-03-12T18:15:30.049419", "source":"gamma", "id":"d796c25d-a90e-45b2-8bfc-a0c541fe6798", "code":200, "text":"call to epsilon"}
{"ts":"2021-03-12T18:20:38.377819", "source":"gamma", "id":"ec1687f7-59f9-47cf-93ee-016307a549d6", "code":200, "text":"call to delta"}
{"ts":"2021-03-12T18:20:47.268005", "source":"gamma", "id":"c49b6185-c702-4918-a6dc-161dd1a9ef81", "code":500, "text":"call to delta"}
{"ts":"2021-03-12T18:22:15.627651", "source":"gamma", "id":"c71f313a-331c-4ed1-984d-2bc27ea502ca", "code":200, "text":"call to epsilon"}
{"ts":"2021-03-12T18:26:12.010136", "source":"gamma", "id":"dfeb1847-dca1-4661-8fb1-f6c219341ed8", "code":200, "text":"call to delta"}
{"ts":"2021-03-12T18:26:42.298922", "source":"gamma", "id":"0ed518d8-aeec-479e-b0e8-89e0ecfe4d89", "code":500, "text":"call to delta"}
{"ts":"2021-03-12T18:28:03.141028", "source":"gamma", "id":"46e0b839-fe90-44ba-9259-049a5e803c62", "code":200, "text":"call to epsilon"}
{"ts":"2021-03-12T18:29:11.919564", "source":"gamma", "id":"3b0fc00b-8d96-4ea0-af22-ad1a10e6130d", "code":200, "text":"call to delta"}
{"ts":"2021-03-12T18:29:49.958287", "source":"gamma", "id":"c66a3b81-92ff-4ad4-9dc9-fc85e49c97a6", "code":500, "text":"call to delta"}
{"ts":"2021-03-12T18:29:54.920823", "source":"gamma", "id":"365ecd5b-61b6-410b-9d9c-8e1c70ae21f7", "code":200, "text":"request terminated"}
{"ts":"2021-03-12T18:30:52.586592", "source":"gamma", "id":"0ff54705-f9b2-41f1-8e30-b3f6037527bc", "code":500, "text":"call to delta"}
{"ts":"2021-03-12T18:33:29.369374", "source":"gamma", "id":"749cce79-00d2-42de-8414-e7c254a6c65a", "code":200, "text":"call to delta"}
{"ts":"2021-03-12T18:35:51.616137", "source":"gamma", "id":"dc8ce65f-869c-44a6-aa9b-f3c70e2b0ac8", "code":500, "text":"call to delta"}
{"ts":"2021-03-12T18:42:09.039061", "source":"gamma", "id":"3ed0fb62-4b66-4afd-a248-6a78db9c08f1", "code":200, "text":"call to epsilon"}
{"ts":"2021-03-12T18:42:48.183822", "source":"gamma", "id":"740f74f2-72e9-465b-aa47-d4619931c643", "code":200, "text":"call to delta"}
{"ts":"2021-03-12T18:44:02.664006", "source":"gamma", "id":"46c01f7f-4a59-4ce5-a108-fe2abad859e2", "code":200, "text":"call to delta"}
{"ts":"2021-03-12T18:49:41.540727", "source":"gamma", "id":"4198cb6d-acc4-46f9-a17b-1061471a8074", "code":200, "text":"request terminated"}
{"ts":"2021-03-12T18:51:56.508199", "source":"gamma", "id":"4089fb8c-1ae3-4bbe-aa3e-db8798634724", "code":200, "text":"call to delta"}
{"ts":"2021-03-12T18:54:02.260579", "source":"gamma", "id":"f36c56bf-20b7-45f3-b2ac-2e115696e761", "code":200, "text":"request terminated"}
{"ts":"2021-03-12T18:59:29.590766", "source":"gamma", "id":"771170d1-9a90-486e-8c1a-5b2f0d3ede5f", "code":200, "text":"call to epsilon"}
{"ts":"2021-03-12T19:02:44.802194", "source":"gamma", "id":"9a366299-ce56-4d20-9a85-bcc8bc9214d3", "code":200, "text":"call to epsilon"}
{"ts":"2021-03-12T19:03:44.531239", "source":"gamma", "id":"a5b5ddf7-b707-4fa5-9dc6-c6e606a1c344", "code":200, "text":"call to epsilon"}
{"ts":"2021-03-12T19:08:28.494731", "source":"gamma", "id":"9a16599d-abbb-4c9f-a140-9f3f5ed31704", "code":200, "text":"call to delta"}
{"ts":"2021-03-12T19:14:15.508602", "source":"gamma", "id":"b36fef47-86b5-442c-83fe-2048d8a6ee4c", "code":200, "text":"call to delta"}
{"ts":"2021-03-12T19:17:29.069593", "source":"gamma", "id":"eb8a63b1-c731-4c51-b323-c5b628d07306", "code":500, "text":"call to delta"}
{"ts":"2021-03-12T19:21:07.317631", "source":"gamma", "id":"2d32b701-f6d2-4460-a605-3da356054c4f", "code":200, "text":"call to epsilon"}
{"ts":"2021-03-12T19:22:34.196257", "source":"gamma", "id":"db3d4f67-d61d-4a76-a881-ca21fc78698d", "code":200, "text":"call to epsilon"}
{"ts":"2021-03-12T19:25:11.940402", "source":"gamma", "id":"1b83b56d-f91a-4cfe-809b-8b6c2b261de9", "code":200, "text":"call to epsilon"}
{"ts":"2021-03-12T19:27:38.161212", "source":"gamma", "id":"3c298971-49fe-4710-92de-48bac1606a7a", "code":200, "text":"call to epsilon"}
{"ts":"2021-03-12T19:32:43.400239", "source":"gamma", "id":"f477a3ee-1bcb-40fa-931e-17634afd7129", "code":200, "text":"call to delta"}
{"ts":"2021-03-12T19:35:38.216779", "source":"gamma", "id":"627f1d79-5c67-4951-97dd-7b24630e0f34", "code":200, "text":"call to delta"}
{"ts":"2021-03-12T19:37:05.571638", "source":"gamma", "id":"09265198-1007-4604-9b4d-61cefd46fde4", "code":200, "text":"call to epsilon"}
{"ts":"2021-03-12T19:41:08.880764", "source":"gamma", "id":"d7a09739-bf13-4743-b3e2-f51c079b320e", "code":200, "text":"call to epsilon"}
{"ts":"2021-03-12T19:41:29.090598", "source":"gamma", "id":"d0de86a7-9d1e-45c0-8fde-e4512603de9c", "code":200, "text":"call to epsilon"}
{"ts":"2021-03-12T19:46:37.227260", "source":"gamma", "id":"74005b05-28dd-471e-b464-b0d9c6d59a3b", "code":200, "text":"call to delta"}
{"ts":"2021-03-12T19:47:55.849441", "source":"gamma", "id":"6a8c2bb0-2dee-446f-971b-c1e197a6cfbe", "code":200, "text":"call to delta"}
{"ts":"2021-03-12T19:50:21.054704", "source":"gamma", "id":"fdb917b1-bba2-4319-a6a1-002799c37c87", "code":200, "text":"call to epsilon"}
{"ts":"2021-03-12T19:53:53.725615", "source":"gamma", "id":"dffdd2ff-fa85-442d-9f9c-766b7b28414e", "code":200, "text":"call to delta"}
{"ts":"2021-03-12T19:54:49.462459", "source":"gamma", "id":"5969cfc4-d49a-47b6-a800-7dc20d55c15d", "code":500, "text":"call to delta"}
{"ts":"2021-03-12T19:58:15.038171", "source":"gamma", "id":"accdd8d8-47a9-42e8-930d-7d96b7291469", "code":200, "text":"call to delta"}
{"ts":"2021-03-12T19:59:34.123047", "source":"gamma", "id":"00e1857e-65da-40ab-9dbb-ca48daea0cf4", "code":200, "text":"request terminated"}
{"ts":"2021-03-12T20:01:17.714871", "source":"gamma", "id":"241c6e3e-195c-4b6f-a6f6-0ad1262e5e40", "code":500, "text":"call to delta"}
{"ts":"2021-03-12T20:01:47.057227", "source":"gamma", "id":"3e28b27d-e423-4454-b350-2c02df5ceafa", "code":200, "text":"call to epsilon"}
{"ts":"2021-03-12T20:07:25.175312", "source":"gamma", "id":"568a16f3-a8cf-40cb-a898-c61568157b4a", "code":200, "text":"request terminated"}
{"ts":"2021-03-12T20:07:55.491942", "source":"gamma", "id":"e3f1cab5-a8c6-4777-952a-dca6ef2767ac", "code":200, "text":"call to epsilon"}
{"ts":"2021-03-12T20:19:39.992595", "source":"gamma", "id":"21116242-2e49-4699-8dd2-43cc4a86cbae", "code":200, "text":"call to delta"}
{"ts":"2021-03-12T20:20:05.722473", "source":"gamma", "id":"ac67aac6-29c4-47ed-aa0c-485c15dda73e", "code":200, "text":"call to epsilon"}
{"ts":"2021-03-12T20:25:28.246358", "source":"gamma", "id":"db2a7d56-3d23-4b62-a4ad-db65ccc25a7c", "code":200, "text":"call to epsilon"}
{"ts":"2021-03-12T20:29:19.202751", "source":"gamma", "id":"43857823-c981-40f6-bb7f-fb6f6108b203", "code":200, "text":"call to delta"}
{"ts":"2021-03-12T20:30:06.214889", "source":"gamma", "id":"dcbead47-60fd-4a7a-a38f-21b29c37ff33", "code":200, "text":"call to epsilon"}
{"ts":"2021-03-12T20:33:32.243411", "source":"gamma", "id":"9749c1e8-b781-4518-a533-2a34b4e0a5fd", "code":200, "text":"call to epsilon"}
{"ts":"2021-03-12T20:36:19.882266", "source":"gamma", "id":"0d958030-87ad-426f-b273-e4ef9118ac1a", "code":200, "text":"call to delta"}
{"ts":"2021-03-12T20:39:18.054132", "source":"gamma", "id":"1c929f55-5984-43de-a8d5-be3ad5f3a43a", "code":200, "text":"call to epsilon"}
{"ts":"2021-03-12T20:40:47.801830", "source":"gamma", "id":"6346aa88-2a28-4efb-b61e-e98c5a45bb8c", "code":200, "text":"call to epsilon"}
{"ts":"2021-03-12T20:46:19.542642", "source":"gamma", "id":"35bb5c2e-38ab-4f5f-a3d6-69dee912962d", "code":200, "text":"request terminated"}
{"ts":"2021-03-12T20:50:15.226745", "source":"gamma", "id":"3c6194cf-90f8-465f-b6f0-ab2195f7c8b4", "code":500, "text":"call to delta"}
{"ts":"2021-03-12T20:56:23.790301", "source":"gamma", "id":"0a89c26f-5b00-4e6f-b947-7eff82fc094e", "code":200, "text":"call to delta"}
{"ts":"2021-03-12T20:58:34.634775", "source":"gamma", "id":"68c92cb5-7c97-45e0-b9c7-53ac16e7fc0d", "code":200, "text":"call to delta"}
{"ts":"2021-03-12T21:14:15.347045", "source":"gamma", "id":"8270f7ae-615e-4076-978a-dd16c431c0a0", "code":200, "text":"call to delta"}
{"ts":"2021-03-12T21:14:24.419812", "source":"gamma", "id":"e74642a0-a56f-47de-a66d-51ea05c1d233", "code":200, "text":"call to delta"}
{"ts":"2021-03-12T21:20:23.203612", "source":"gamma", "id":"65f6d62b-2fd7-4f62-aabc-74384c364f0e", "code":200, "text":"call to epsilon"}
{"ts":"2021-03-12T21:22:40.141422", "source":"gamma", "id":"46b4964c-fabf-4450-bb52-b994b410a266", "code":200, "text":"call to epsilon"}
{"ts":"2021-03-12T21:23:50.937845", "source":"gamma", "id":"53413832-b3f8-48d6-bb31-fb4c40713878", "code":500, "text":"call to delta"}
{"ts":"2021-03-12T21:30:23.783558", "source":"gamma", "id":"7cb32408-b942-453b-a2f6-2c5552c60c00", "code":200, "text":"call to delta"}
{"ts":"2021-03-12T21:32:51.722592", "source":"gamma", "id":"ff403eef-c221-4d2b-bb0b-2b1a1062e890", "code":200, "text":"call to epsilon"}
{"ts":"2021-03-12T21:35:15.099972", "source":"gamma", "id":"0d9c6e1e-5260-4b83-aa9c-721eb487022e", "code":200, "text":"call to epsilon"}
{"ts":"2021-03-12T21:37:59.606507", "source":"gamma", "id":"5b493142-a4e0-4378-ba3e-76bfab8e51e5", "code":200, "text":"call to epsilon"}
{"ts":"2021-03-12T21:47:40.549375", "source":"gamma", "id":"e2d192f1-fbd8-41bf-90f4-443d9f3b995b", "code":200, "text":"call to epsilon"}
{"ts":"2021-03-12T21:47:52.381321", "source":"gamma", "id":"acdd1c9c-5596-434c-88f6-1a5466a7e73b", "code":200, "text":"request terminated"}
{"ts":"2021-03-12T21:48:33.790017", "source":"gamma", "id":"438e239d-b4ad-4b3d-bdd0-490c2350dff6", "code":200, "text":"call to epsilon"}
{"ts":"2021-03-12T21:56:21.265007", "source":"gamma", "id":"6748bfac-d207-4405-9906-1691e712fe69", "code":200, "text":"request terminated"}
{"ts":"2021-03-12T22:08:48.806489", "source":"gamma", "id":"181a1863-9750-4e91-9208-10d793a89aa0", "code":500, "text":"call to delta"}
{"ts":"2021-03-12T22:10:46.552887", "source":"gamma", "id":"25f13c9c-9b49-4774-92dc-37b89d4daf6e", "code":200, "text":"call to epsilon"}
{"ts":"2021-03-12T22:20:47.054103", "source":"gamma", "id":"211985db-b29f-4e6a-a8db-88ab3f42e409", "code":200, "text":"call to delta"}
{"ts":"2021-03-12T22:22:26.513442", "source":"gamma", "id":"2cdc906a-fdb3-4342-a0f2-d4bf8a798fec", "code":200, "text":"request terminated"}
{"ts":"2021-03-12T22:45:25.742951", "source":"gamma", "id":"d291d2a5-a6b1-41a6-8924-f147d5926dab", "code":200, "text":"request terminated"}
{"ts":"2021-03-12T22:49:23.195578", "source":"gamma", "id":"05188411-aba1-408b-89d2-0389c1f0284a", "code":200, "text":"call to delta"}
{"ts":"2021-03-12T23:10:41.818657", "source":"gamma", "id":"3c702c58-7c42-4809-86a0-1532ef9543de", "code":200, "text":"request terminated"}
{"ts":"2021-03-12T23:13:47.545456", "source":"gamma", "id":"32b03c99-816f-4571-9995-f2754e590d40", "code":200, "text":"call to epsilon"}
{"ts":"2021-03-12T23:15:50.643036", "source":"gamma", "id":"098a2a33-b796-4bbb-9ff6-83a476831d5c", "code":200, "text":"call to delta"}
{"ts":"2021-03-12T23:17:29.156982", "source":"gamma", "id":"8515dfbc-ae19-495b-8da0-ea57b9ad39ef", "code":200, "text":"call to delta"}
